{"meta": {"format": 3, "version": "7.11.0", "timestamp": "2025-11-01T15:36:24.741726", "branch_coverage": true, "show_contexts": false}, "files": {"producthuntdb/__init__.py": {"executed_lines": [1, 19, 20, 21, 35, 37, 39], "summary": {"covered_lines": 6, "num_statements": 6, "percent_covered": 100.0, "percent_covered_display": "100.0", "missing_lines": 0, "excluded_lines": 0, "num_branches": 0, "num_partial_branches": 0, "covered_branches": 0, "missing_branches": 0}, "missing_lines": [], "excluded_lines": [], "executed_branches": [], "missing_branches": [], "functions": {"": {"executed_lines": [1, 19, 20, 21, 35, 37, 39], "summary": {"covered_lines": 6, "num_statements": 6, "percent_covered": 100.0, "percent_covered_display": "100.0", "missing_lines": 0, "excluded_lines": 0, "num_branches": 0, "num_partial_branches": 0, "covered_branches": 0, "missing_branches": 0}, "missing_lines": [], "excluded_lines": [], "executed_branches": [], "missing_branches": []}}, "classes": {"": {"executed_lines": [1, 19, 20, 21, 35, 37, 39], "summary": {"covered_lines": 6, "num_statements": 6, "percent_covered": 100.0, "percent_covered_display": "100.0", "missing_lines": 0, "excluded_lines": 0, "num_branches": 0, "num_partial_branches": 0, "covered_branches": 0, "missing_branches": 0}, "missing_lines": [], "excluded_lines": [], "executed_branches": [], "missing_branches": []}}}, "producthuntdb/api.py": {"executed_lines": [1, 24, 25, 26, 27, 28, 30, 31, 40, 41, 42, 45, 46, 55, 56, 57, 60, 61, 67, 75, 150, 167, 190, 257, 258, 267, 275, 276, 298, 313, 314, 315, 318, 319, 320, 323, 330, 339, 341, 347, 348, 358, 360, 362, 363, 365, 367, 369, 371, 372, 373, 375, 376, 382, 383, 384, 385, 386, 387, 389, 395, 401, 419, 421, 422, 426, 427, 430, 431, 432, 435, 436, 437, 438, 440, 449, 450, 451, 453, 454, 455, 458, 459, 460, 461, 464, 465, 466, 468, 470, 485, 487, 494, 495, 497, 498, 499, 500, 501, 502, 503, 505, 509, 511, 513, 515, 538, 539, 542, 543, 558, 560, 562, 563, 564, 567, 569, 576, 577, 580, 581, 582, 583, 584, 589, 601, 603, 605, 606, 607, 608, 609, 610, 615, 618, 622, 625, 635, 636, 638, 657, 659, 664, 665, 667, 686, 688, 693, 694, 701], "summary": {"covered_lines": 147, "num_statements": 164, "percent_covered": 86.76470588235294, "percent_covered_display": "86.8", "missing_lines": 17, "excluded_lines": 0, "num_branches": 40, "num_partial_branches": 10, "covered_branches": 30, "missing_branches": 10}, "missing_lines": [53, 54, 68, 69, 441, 445, 446, 506, 507, 544, 545, 546, 565, 590, 591, 616, 623], "excluded_lines": [], "executed_branches": [[347, 348], [347, 358], [371, 372], [382, 383], [382, 387], [435, 436], [435, 449], [440, 449], [449, 450], [449, 453], [453, 454], [453, 458], [464, 465], [464, 468], [497, 498], [497, 509], [500, 501], [500, 502], [502, 503], [502, 505], [543, 558], [563, 564], [563, 569], [564, 567], [580, 581], [582, 583], [589, 601], [605, 606], [608, 609], [615, 618]], "missing_branches": [[371, -369], [440, 441], [543, 544], [564, 565], [580, 589], [582, 589], [589, 590], [605, 615], [608, 615], [615, 616]], "functions": {"AsyncGraphQLClient.__init__": {"executed_lines": [313, 314, 315, 318, 319, 320, 323, 330, 339], "summary": {"covered_lines": 9, "num_statements": 9, "percent_covered": 100.0, "percent_covered_display": "100.0", "missing_lines": 0, "excluded_lines": 0, "num_branches": 0, "num_partial_branches": 0, "covered_branches": 0, "missing_branches": 0}, "missing_lines": [], "excluded_lines": [], "executed_branches": [], "missing_branches": []}, "AsyncGraphQLClient._ensure_client": {"executed_lines": [347, 348, 358], "summary": {"covered_lines": 3, "num_statements": 3, "percent_covered": 100.0, "percent_covered_display": "100.0", "missing_lines": 0, "excluded_lines": 0, "num_branches": 2, "num_partial_branches": 0, "covered_branches": 2, "missing_branches": 0}, "missing_lines": [], "excluded_lines": [], "executed_branches": [[347, 348], [347, 358]], "missing_branches": []}, "AsyncGraphQLClient.__aenter__": {"executed_lines": [362, 363], "summary": {"covered_lines": 2, "num_statements": 2, "percent_covered": 100.0, "percent_covered_display": "100.0", "missing_lines": 0, "excluded_lines": 0, "num_branches": 0, "num_partial_branches": 0, "covered_branches": 0, "missing_branches": 0}, "missing_lines": [], "excluded_lines": [], "executed_branches": [], "missing_branches": []}, "AsyncGraphQLClient.__aexit__": {"executed_lines": [367], "summary": {"covered_lines": 1, "num_statements": 1, "percent_covered": 100.0, "percent_covered_display": "100.0", "missing_lines": 0, "excluded_lines": 0, "num_branches": 0, "num_partial_branches": 0, "covered_branches": 0, "missing_branches": 0}, "missing_lines": [], "excluded_lines": [], "executed_branches": [], "missing_branches": []}, "AsyncGraphQLClient.close": {"executed_lines": [371, 372, 373], "summary": {"covered_lines": 3, "num_statements": 3, "percent_covered": 80.0, "percent_covered_display": "80.0", "missing_lines": 0, "excluded_lines": 0, "num_branches": 2, "num_partial_branches": 1, "covered_branches": 1, "missing_branches": 1}, "missing_lines": [], "excluded_lines": [], "executed_branches": [[371, 372]], "missing_branches": [[371, -369]]}, "AsyncGraphQLClient.rate_limit_remaining": {"executed_lines": [382, 383, 384, 385, 386, 387], "summary": {"covered_lines": 6, "num_statements": 6, "percent_covered": 100.0, "percent_covered_display": "100.0", "missing_lines": 0, "excluded_lines": 0, "num_branches": 2, "num_partial_branches": 0, "covered_branches": 2, "missing_branches": 0}, "missing_lines": [], "excluded_lines": [], "executed_branches": [[382, 383], [382, 387]], "missing_branches": []}, "AsyncGraphQLClient.get_rate_limit_status": {"executed_lines": [395], "summary": {"covered_lines": 1, "num_statements": 1, "percent_covered": 100.0, "percent_covered_display": "100.0", "missing_lines": 0, "excluded_lines": 0, "num_branches": 0, "num_partial_branches": 0, "covered_branches": 0, "missing_branches": 0}, "missing_lines": [], "excluded_lines": [], "executed_branches": [], "missing_branches": []}, "AsyncGraphQLClient._do_http_post": {"executed_lines": [419, 421, 422, 426, 427, 430, 431, 432, 435, 436, 437, 438, 440, 449, 450, 451, 453, 454, 455, 458, 459, 460, 461, 464, 465, 466, 468], "summary": {"covered_lines": 27, "num_statements": 30, "percent_covered": 90.0, "percent_covered_display": "90.0", "missing_lines": 3, "excluded_lines": 0, "num_branches": 10, "num_partial_branches": 1, "covered_branches": 9, "missing_branches": 1}, "missing_lines": [441, 445, 446], "excluded_lines": [], "executed_branches": [[435, 436], [435, 449], [440, 449], [449, 450], [449, 453], [453, 454], [453, 458], [464, 465], [464, 468]], "missing_branches": [[440, 441]]}, "AsyncGraphQLClient._post_with_retry": {"executed_lines": [485, 487, 494, 513], "summary": {"covered_lines": 4, "num_statements": 4, "percent_covered": 100.0, "percent_covered_display": "100.0", "missing_lines": 0, "excluded_lines": 0, "num_branches": 0, "num_partial_branches": 0, "covered_branches": 0, "missing_branches": 0}, "missing_lines": [], "excluded_lines": [], "executed_branches": [], "missing_branches": []}, "AsyncGraphQLClient._post_with_retry._runner": {"executed_lines": [495, 497, 498, 499, 500, 501, 502, 503, 505, 509, 511], "summary": {"covered_lines": 11, "num_statements": 13, "percent_covered": 89.47368421052632, "percent_covered_display": "89.5", "missing_lines": 2, "excluded_lines": 0, "num_branches": 6, "num_partial_branches": 0, "covered_branches": 6, "missing_branches": 0}, "missing_lines": [506, 507], "excluded_lines": [], "executed_branches": [[497, 498], [497, 509], [500, 501], [500, 502], [502, 503], [502, 505]], "missing_branches": []}, "AsyncGraphQLClient.fetch_posts_page": {"executed_lines": [538, 539, 542, 543, 558, 560, 562, 563, 564, 567, 569, 576, 577, 580, 581, 582, 583, 584, 589, 601, 603, 605, 606, 607, 608, 609, 610, 615, 618, 622], "summary": {"covered_lines": 30, "num_statements": 38, "percent_covered": 71.42857142857143, "percent_covered_display": "71.4", "missing_lines": 8, "excluded_lines": 0, "num_branches": 18, "num_partial_branches": 8, "covered_branches": 10, "missing_branches": 8}, "missing_lines": [544, 545, 546, 565, 590, 591, 616, 623], "excluded_lines": [], "executed_branches": [[543, 558], [563, 564], [563, 569], [564, 567], [580, 581], [582, 583], [589, 601], [605, 606], [608, 609], [615, 618]], "missing_branches": [[543, 544], [564, 565], [580, 589], [582, 589], [589, 590], [605, 615], [608, 615], [615, 616]]}, "AsyncGraphQLClient.fetch_viewer": {"executed_lines": [635, 636], "summary": {"covered_lines": 2, "num_statements": 2, "percent_covered": 100.0, "percent_covered_display": "100.0", "missing_lines": 0, "excluded_lines": 0, "num_branches": 0, "num_partial_branches": 0, "covered_branches": 0, "missing_branches": 0}, "missing_lines": [], "excluded_lines": [], "executed_branches": [], "missing_branches": []}, "AsyncGraphQLClient.fetch_topics_page": {"executed_lines": [657, 659, 664, 665], "summary": {"covered_lines": 4, "num_statements": 4, "percent_covered": 100.0, "percent_covered_display": "100.0", "missing_lines": 0, "excluded_lines": 0, "num_branches": 0, "num_partial_branches": 0, "covered_branches": 0, "missing_branches": 0}, "missing_lines": [], "excluded_lines": [], "executed_branches": [], "missing_branches": []}, "AsyncGraphQLClient.fetch_collections_page": {"executed_lines": [686, 688, 693, 694], "summary": {"covered_lines": 4, "num_statements": 4, "percent_covered": 100.0, "percent_covered_display": "100.0", "missing_lines": 0, "excluded_lines": 0, "num_branches": 0, "num_partial_branches": 0, "covered_branches": 0, "missing_branches": 0}, "missing_lines": [], "excluded_lines": [], "executed_branches": [], "missing_branches": []}, "": {"executed_lines": [1, 24, 25, 26, 27, 28, 30, 31, 40, 41, 42, 45, 46, 55, 56, 57, 60, 61, 67, 75, 150, 167, 190, 257, 258, 267, 275, 276, 298, 341, 360, 365, 369, 375, 376, 389, 401, 470, 515, 625, 638, 667, 701], "summary": {"covered_lines": 40, "num_statements": 44, "percent_covered": 90.9090909090909, "percent_covered_display": "90.9", "missing_lines": 4, "excluded_lines": 0, "num_branches": 0, "num_partial_branches": 0, "covered_branches": 0, "missing_branches": 0}, "missing_lines": [53, 54, 68, 69], "excluded_lines": [], "executed_branches": [], "missing_branches": []}}, "classes": {"TransientGraphQLError": {"executed_lines": [], "summary": {"covered_lines": 0, "num_statements": 0, "percent_covered": 100.0, "percent_covered_display": "100.0", "missing_lines": 0, "excluded_lines": 0, "num_branches": 0, "num_partial_branches": 0, "covered_branches": 0, "missing_branches": 0}, "missing_lines": [], "excluded_lines": [], "executed_branches": [], "missing_branches": []}, "AsyncGraphQLClient": {"executed_lines": [313, 314, 315, 318, 319, 320, 323, 330, 339, 347, 348, 358, 362, 363, 367, 371, 372, 373, 382, 383, 384, 385, 386, 387, 395, 419, 421, 422, 426, 427, 430, 431, 432, 435, 436, 437, 438, 440, 449, 450, 451, 453, 454, 455, 458, 459, 460, 461, 464, 465, 466, 468, 485, 487, 494, 495, 497, 498, 499, 500, 501, 502, 503, 505, 509, 511, 513, 538, 539, 542, 543, 558, 560, 562, 563, 564, 567, 569, 576, 577, 580, 581, 582, 583, 584, 589, 601, 603, 605, 606, 607, 608, 609, 610, 615, 618, 622, 635, 636, 657, 659, 664, 665, 686, 688, 693, 694], "summary": {"covered_lines": 107, "num_statements": 120, "percent_covered": 85.625, "percent_covered_display": "85.6", "missing_lines": 13, "excluded_lines": 0, "num_branches": 40, "num_partial_branches": 10, "covered_branches": 30, "missing_branches": 10}, "missing_lines": [441, 445, 446, 506, 507, 544, 545, 546, 565, 590, 591, 616, 623], "excluded_lines": [], "executed_branches": [[347, 348], [347, 358], [371, 372], [382, 383], [382, 387], [435, 436], [435, 449], [440, 449], [449, 450], [449, 453], [453, 454], [453, 458], [464, 465], [464, 468], [497, 498], [497, 509], [500, 501], [500, 502], [502, 503], [502, 505], [543, 558], [563, 564], [563, 569], [564, 567], [580, 581], [582, 583], [589, 601], [605, 606], [608, 609], [615, 618]], "missing_branches": [[371, -369], [440, 441], [543, 544], [564, 565], [580, 589], [582, 589], [589, 590], [605, 615], [608, 615], [615, 616]]}, "": {"executed_lines": [1, 24, 25, 26, 27, 28, 30, 31, 40, 41, 42, 45, 46, 55, 56, 57, 60, 61, 67, 75, 150, 167, 190, 257, 258, 267, 275, 276, 298, 341, 360, 365, 369, 375, 376, 389, 401, 470, 515, 625, 638, 667, 701], "summary": {"covered_lines": 40, "num_statements": 44, "percent_covered": 90.9090909090909, "percent_covered_display": "90.9", "missing_lines": 4, "excluded_lines": 0, "num_branches": 0, "num_partial_branches": 0, "covered_branches": 0, "missing_branches": 0}, "missing_lines": [53, 54, 68, 69], "excluded_lines": [], "executed_branches": [], "missing_branches": []}}}, "producthuntdb/cli.py": {"executed_lines": [], "summary": {"covered_lines": 0, "num_statements": 405, "percent_covered": 0.0, "percent_covered_display": "0.0", "missing_lines": 405, "excluded_lines": 0, "num_branches": 100, "num_partial_branches": 0, "covered_branches": 0, "missing_branches": 100}, "missing_lines": [19, 20, 21, 22, 24, 25, 26, 27, 29, 30, 31, 34, 39, 47, 53, 54, 65, 74, 82, 83, 137, 139, 142, 143, 144, 145, 147, 148, 150, 155, 157, 158, 160, 161, 164, 167, 168, 169, 174, 175, 176, 178, 179, 180, 186, 187, 191, 192, 193, 196, 198, 201, 202, 229, 231, 234, 236, 237, 239, 240, 241, 243, 245, 246, 247, 250, 251, 290, 292, 294, 295, 299, 301, 302, 306, 308, 309, 312, 313, 314, 315, 317, 318, 320, 322, 327, 328, 329, 332, 333, 349, 351, 353, 354, 355, 358, 359, 360, 362, 363, 364, 365, 366, 367, 369, 370, 372, 373, 376, 377, 379, 380, 381, 383, 384, 385, 386, 387, 388, 390, 391, 394, 395, 396, 398, 400, 402, 403, 404, 407, 408, 424, 426, 428, 429, 431, 432, 434, 435, 437, 438, 441, 442, 443, 445, 446, 447, 448, 450, 451, 454, 455, 456, 461, 462, 463, 466, 468, 471, 472, 498, 500, 502, 504, 505, 506, 510, 513, 514, 516, 519, 520, 521, 522, 523, 525, 527, 528, 529, 530, 531, 533, 534, 535, 536, 537, 540, 541, 575, 577, 579, 581, 583, 585, 586, 588, 589, 591, 593, 596, 598, 599, 601, 602, 603, 604, 606, 607, 608, 609, 610, 611, 612, 613, 616, 617, 641, 643, 645, 647, 648, 650, 652, 654, 655, 657, 659, 660, 661, 662, 663, 664, 665, 666, 669, 670, 696, 698, 700, 702, 703, 705, 707, 709, 710, 712, 714, 715, 716, 717, 718, 719, 720, 721, 724, 725, 740, 742, 744, 746, 748, 749, 751, 752, 753, 755, 758, 759, 761, 762, 763, 765, 766, 767, 768, 769, 770, 771, 772, 775, 776, 807, 808, 809, 811, 813, 814, 817, 830, 831, 833, 834, 835, 836, 837, 843, 844, 846, 851, 852, 853, 854, 855, 859, 860, 861, 864, 865, 867, 868, 870, 871, 872, 874, 878, 879, 880, 881, 885, 886, 887, 890, 891, 893, 894, 895, 897, 903, 905, 906, 908, 909, 914, 915, 917, 923, 924, 925, 926, 927, 931, 932, 933, 936, 937, 939, 941, 942, 946, 947, 948, 950, 955, 956, 957, 958, 962, 963, 964, 967, 968, 970, 971, 973, 974, 976, 977, 978, 980, 982, 984, 985, 991, 992, 993, 997, 1002, 1003, 1004, 1005, 1006, 1010, 1011, 1012, 1015, 1017, 1020, 1022, 1028, 1034, 1035, 1037, 1042, 1043, 1044, 1046, 1049, 1050, 1051, 1052, 1054, 1057, 1059, 1062, 1063], "excluded_lines": [], "executed_branches": [], "missing_branches": [[147, 148], [147, 150], [167, 168], [167, 174], [174, 175], [174, 178], [178, 179], [178, 186], [294, 295], [294, 301], [301, 302], [301, 308], [312, 313], [312, 317], [369, 370], [369, 372], [395, 396], [395, 398], [455, 456], [455, 466], [505, 506], [505, 513], [585, 586], [585, 588], [588, 589], [588, 591], [598, 599], [598, 601], [608, 609], [608, 610], [654, 655], [654, 657], [661, 662], [661, 663], [709, 710], [709, 712], [716, 717], [716, 718], [752, 753], [752, 755], [762, -724], [762, 763], [767, 768], [767, 769], [813, 814], [813, 817], [830, 831], [830, 833], [835, 836], [835, 846], [843, 844], [843, 864], [852, 853], [852, 864], [860, 861], [860, 864], [864, 865], [864, 867], [878, 879], [878, 890], [886, 887], [886, 890], [890, 891], [890, 893], [908, 909], [908, 917], [914, 915], [914, 936], [924, 925], [924, 936], [932, 933], [932, 936], [936, 937], [936, 939], [941, 942], [941, 950], [947, 948], [947, 967], [955, 956], [955, 967], [963, 964], [963, 967], [967, 968], [967, 970], [984, 985], [984, 997], [991, 992], [991, 1015], [1003, 1004], [1003, 1015], [1011, 1012], [1011, 1015], [1015, 1017], [1015, 1020], [1049, 1050], [1049, 1051], [1051, 1052], [1051, 1054], [1062, -1], [1062, 1063]], "functions": {"setup_logging": {"executed_lines": [], "summary": {"covered_lines": 0, "num_statements": 2, "percent_covered": 0.0, "percent_covered_display": "0.0", "missing_lines": 2, "excluded_lines": 0, "num_branches": 0, "num_partial_branches": 0, "covered_branches": 0, "missing_branches": 0}, "missing_lines": [53, 54], "excluded_lines": [], "executed_branches": [], "missing_branches": []}, "run_async": {"executed_lines": [], "summary": {"covered_lines": 0, "num_statements": 1, "percent_covered": 0.0, "percent_covered_display": "0.0", "missing_lines": 1, "excluded_lines": 0, "num_branches": 0, "num_partial_branches": 0, "covered_branches": 0, "missing_branches": 0}, "missing_lines": [74], "excluded_lines": [], "executed_branches": [], "missing_branches": []}, "sync": {"executed_lines": [], "summary": {"covered_lines": 0, "num_statements": 12, "percent_covered": 0.0, "percent_covered_display": "0.0", "missing_lines": 12, "excluded_lines": 0, "num_branches": 2, "num_partial_branches": 0, "covered_branches": 0, "missing_branches": 2}, "missing_lines": [137, 139, 142, 143, 144, 145, 147, 148, 150, 155, 157, 198], "excluded_lines": [], "executed_branches": [], "missing_branches": [[147, 148], [147, 150]]}, "sync._sync": {"executed_lines": [], "summary": {"covered_lines": 0, "num_statements": 19, "percent_covered": 0.0, "percent_covered_display": "0.0", "missing_lines": 19, "excluded_lines": 0, "num_branches": 6, "num_partial_branches": 0, "covered_branches": 0, "missing_branches": 6}, "missing_lines": [158, 160, 161, 164, 167, 168, 169, 174, 175, 176, 178, 179, 180, 186, 187, 191, 192, 193, 196], "excluded_lines": [], "executed_branches": [], "missing_branches": [[167, 168], [167, 174], [174, 175], [174, 178], [178, 179], [178, 186]]}, "export": {"executed_lines": [], "summary": {"covered_lines": 0, "num_statements": 12, "percent_covered": 0.0, "percent_covered_display": "0.0", "missing_lines": 12, "excluded_lines": 0, "num_branches": 0, "num_partial_branches": 0, "covered_branches": 0, "missing_branches": 0}, "missing_lines": [229, 231, 234, 236, 237, 239, 240, 241, 243, 245, 246, 247], "excluded_lines": [], "executed_branches": [], "missing_branches": []}, "publish": {"executed_lines": [], "summary": {"covered_lines": 0, "num_statements": 21, "percent_covered": 0.0, "percent_covered_display": "0.0", "missing_lines": 21, "excluded_lines": 0, "num_branches": 6, "num_partial_branches": 0, "covered_branches": 0, "missing_branches": 6}, "missing_lines": [290, 292, 294, 295, 299, 301, 302, 306, 308, 309, 312, 313, 314, 315, 317, 318, 320, 322, 327, 328, 329], "excluded_lines": [], "executed_branches": [], "missing_branches": [[294, 295], [294, 301], [301, 302], [301, 308], [312, 313], [312, 317]]}, "status": {"executed_lines": [], "summary": {"covered_lines": 0, "num_statements": 39, "percent_covered": 0.0, "percent_covered_display": "0.0", "missing_lines": 39, "excluded_lines": 0, "num_branches": 4, "num_partial_branches": 0, "covered_branches": 0, "missing_branches": 4}, "missing_lines": [349, 351, 353, 354, 355, 358, 359, 360, 362, 363, 364, 365, 366, 367, 369, 370, 372, 373, 376, 377, 379, 380, 381, 383, 384, 385, 386, 387, 388, 390, 391, 394, 395, 396, 398, 400, 402, 403, 404], "excluded_lines": [], "executed_branches": [], "missing_branches": [[369, 370], [369, 372], [395, 396], [395, 398]]}, "verify": {"executed_lines": [], "summary": {"covered_lines": 0, "num_statements": 6, "percent_covered": 0.0, "percent_covered_display": "0.0", "missing_lines": 6, "excluded_lines": 0, "num_branches": 0, "num_partial_branches": 0, "covered_branches": 0, "missing_branches": 0}, "missing_lines": [424, 426, 428, 429, 431, 468], "excluded_lines": [], "executed_branches": [], "missing_branches": []}, "verify._verify": {"executed_lines": [], "summary": {"covered_lines": 0, "num_statements": 21, "percent_covered": 0.0, "percent_covered_display": "0.0", "missing_lines": 21, "excluded_lines": 0, "num_branches": 2, "num_partial_branches": 0, "covered_branches": 0, "missing_branches": 2}, "missing_lines": [432, 434, 435, 437, 438, 441, 442, 443, 445, 446, 447, 448, 450, 451, 454, 455, 456, 461, 462, 463, 466], "excluded_lines": [], "executed_branches": [], "missing_branches": [[455, 456], [455, 466]]}, "init": {"executed_lines": [], "summary": {"covered_lines": 0, "num_statements": 26, "percent_covered": 0.0, "percent_covered_display": "0.0", "missing_lines": 26, "excluded_lines": 0, "num_branches": 2, "num_partial_branches": 0, "covered_branches": 0, "missing_branches": 2}, "missing_lines": [498, 500, 502, 504, 505, 506, 510, 513, 514, 516, 519, 520, 521, 522, 523, 525, 527, 528, 529, 530, 531, 533, 534, 535, 536, 537], "excluded_lines": [], "executed_branches": [], "missing_branches": [[505, 506], [505, 513]]}, "migrate": {"executed_lines": [], "summary": {"covered_lines": 0, "num_statements": 26, "percent_covered": 0.0, "percent_covered_display": "0.0", "missing_lines": 26, "excluded_lines": 0, "num_branches": 8, "num_partial_branches": 0, "covered_branches": 0, "missing_branches": 8}, "missing_lines": [575, 577, 579, 581, 583, 585, 586, 588, 589, 591, 593, 596, 598, 599, 601, 602, 603, 604, 606, 607, 608, 609, 610, 611, 612, 613], "excluded_lines": [], "executed_branches": [], "missing_branches": [[585, 586], [585, 588], [588, 589], [588, 591], [598, 599], [598, 601], [608, 609], [608, 610]]}, "upgrade": {"executed_lines": [], "summary": {"covered_lines": 0, "num_statements": 18, "percent_covered": 0.0, "percent_covered_display": "0.0", "missing_lines": 18, "excluded_lines": 0, "num_branches": 4, "num_partial_branches": 0, "covered_branches": 0, "missing_branches": 4}, "missing_lines": [641, 643, 645, 647, 648, 650, 652, 654, 655, 657, 659, 660, 661, 662, 663, 664, 665, 666], "excluded_lines": [], "executed_branches": [], "missing_branches": [[654, 655], [654, 657], [661, 662], [661, 663]]}, "downgrade": {"executed_lines": [], "summary": {"covered_lines": 0, "num_statements": 18, "percent_covered": 0.0, "percent_covered_display": "0.0", "missing_lines": 18, "excluded_lines": 0, "num_branches": 4, "num_partial_branches": 0, "covered_branches": 0, "missing_branches": 4}, "missing_lines": [696, 698, 700, 702, 703, 705, 707, 709, 710, 712, 714, 715, 716, 717, 718, 719, 720, 721], "excluded_lines": [], "executed_branches": [], "missing_branches": [[709, 710], [709, 712], [716, 717], [716, 718]]}, "migration_history": {"executed_lines": [], "summary": {"covered_lines": 0, "num_statements": 23, "percent_covered": 0.0, "percent_covered_display": "0.0", "missing_lines": 23, "excluded_lines": 0, "num_branches": 6, "num_partial_branches": 0, "covered_branches": 0, "missing_branches": 6}, "missing_lines": [740, 742, 744, 746, 748, 749, 751, 752, 753, 755, 758, 759, 761, 762, 763, 765, 766, 767, 768, 769, 770, 771, 772], "excluded_lines": [], "executed_branches": [], "missing_branches": [[752, 753], [752, 755], [762, -724], [762, 763], [767, 768], [767, 769]]}, "health_check": {"executed_lines": [], "summary": {"covered_lines": 0, "num_statements": 116, "percent_covered": 0.0, "percent_covered_display": "0.0", "missing_lines": 116, "excluded_lines": 0, "num_branches": 54, "num_partial_branches": 0, "covered_branches": 0, "missing_branches": 54}, "missing_lines": [807, 808, 809, 811, 813, 814, 817, 830, 831, 833, 834, 835, 836, 837, 843, 844, 846, 851, 852, 853, 854, 855, 859, 860, 861, 864, 865, 867, 868, 870, 871, 872, 874, 878, 879, 880, 881, 885, 886, 887, 890, 891, 893, 894, 895, 897, 903, 905, 906, 908, 909, 914, 915, 917, 923, 924, 925, 926, 927, 931, 932, 933, 936, 937, 939, 941, 942, 946, 947, 948, 950, 955, 956, 957, 958, 962, 963, 964, 967, 968, 970, 971, 973, 980, 982, 984, 985, 991, 992, 993, 997, 1002, 1003, 1004, 1005, 1006, 1010, 1011, 1012, 1015, 1017, 1020, 1022, 1028, 1034, 1035, 1037, 1042, 1043, 1044, 1046, 1049, 1050, 1051, 1052, 1054], "excluded_lines": [], "executed_branches": [], "missing_branches": [[813, 814], [813, 817], [830, 831], [830, 833], [835, 836], [835, 846], [843, 844], [843, 864], [852, 853], [852, 864], [860, 861], [860, 864], [864, 865], [864, 867], [878, 879], [878, 890], [886, 887], [886, 890], [890, 891], [890, 893], [908, 909], [908, 917], [914, 915], [914, 936], [924, 925], [924, 936], [932, 933], [932, 936], [936, 937], [936, 939], [941, 942], [941, 950], [947, 948], [947, 967], [955, 956], [955, 967], [963, 964], [963, 967], [967, 968], [967, 970], [984, 985], [984, 997], [991, 992], [991, 1015], [1003, 1004], [1003, 1015], [1011, 1012], [1011, 1015], [1015, 1017], [1015, 1020], [1049, 1050], [1049, 1051], [1051, 1052], [1051, 1054]]}, "health_check.check_api": {"executed_lines": [], "summary": {"covered_lines": 0, "num_statements": 4, "percent_covered": 0.0, "percent_covered_display": "0.0", "missing_lines": 4, "excluded_lines": 0, "num_branches": 0, "num_partial_branches": 0, "covered_branches": 0, "missing_branches": 0}, "missing_lines": [974, 976, 977, 978], "excluded_lines": [], "executed_branches": [], "missing_branches": []}, "main": {"executed_lines": [], "summary": {"covered_lines": 0, "num_statements": 1, "percent_covered": 0.0, "percent_covered_display": "0.0", "missing_lines": 1, "excluded_lines": 0, "num_branches": 0, "num_partial_branches": 0, "covered_branches": 0, "missing_branches": 0}, "missing_lines": [1059], "excluded_lines": [], "executed_branches": [], "missing_branches": []}, "": {"executed_lines": [], "summary": {"covered_lines": 0, "num_statements": 40, "percent_covered": 0.0, "percent_covered_display": "0.0", "missing_lines": 40, "excluded_lines": 0, "num_branches": 2, "num_partial_branches": 0, "covered_branches": 0, "missing_branches": 2}, "missing_lines": [19, 20, 21, 22, 24, 25, 26, 27, 29, 30, 31, 34, 39, 47, 65, 82, 83, 201, 202, 250, 251, 332, 333, 407, 408, 471, 472, 540, 541, 616, 617, 669, 670, 724, 725, 775, 776, 1057, 1062, 1063], "excluded_lines": [], "executed_branches": [], "missing_branches": [[1062, -1], [1062, 1063]]}}, "classes": {"": {"executed_lines": [], "summary": {"covered_lines": 0, "num_statements": 405, "percent_covered": 0.0, "percent_covered_display": "0.0", "missing_lines": 405, "excluded_lines": 0, "num_branches": 100, "num_partial_branches": 0, "covered_branches": 0, "missing_branches": 100}, "missing_lines": [19, 20, 21, 22, 24, 25, 26, 27, 29, 30, 31, 34, 39, 47, 53, 54, 65, 74, 82, 83, 137, 139, 142, 143, 144, 145, 147, 148, 150, 155, 157, 158, 160, 161, 164, 167, 168, 169, 174, 175, 176, 178, 179, 180, 186, 187, 191, 192, 193, 196, 198, 201, 202, 229, 231, 234, 236, 237, 239, 240, 241, 243, 245, 246, 247, 250, 251, 290, 292, 294, 295, 299, 301, 302, 306, 308, 309, 312, 313, 314, 315, 317, 318, 320, 322, 327, 328, 329, 332, 333, 349, 351, 353, 354, 355, 358, 359, 360, 362, 363, 364, 365, 366, 367, 369, 370, 372, 373, 376, 377, 379, 380, 381, 383, 384, 385, 386, 387, 388, 390, 391, 394, 395, 396, 398, 400, 402, 403, 404, 407, 408, 424, 426, 428, 429, 431, 432, 434, 435, 437, 438, 441, 442, 443, 445, 446, 447, 448, 450, 451, 454, 455, 456, 461, 462, 463, 466, 468, 471, 472, 498, 500, 502, 504, 505, 506, 510, 513, 514, 516, 519, 520, 521, 522, 523, 525, 527, 528, 529, 530, 531, 533, 534, 535, 536, 537, 540, 541, 575, 577, 579, 581, 583, 585, 586, 588, 589, 591, 593, 596, 598, 599, 601, 602, 603, 604, 606, 607, 608, 609, 610, 611, 612, 613, 616, 617, 641, 643, 645, 647, 648, 650, 652, 654, 655, 657, 659, 660, 661, 662, 663, 664, 665, 666, 669, 670, 696, 698, 700, 702, 703, 705, 707, 709, 710, 712, 714, 715, 716, 717, 718, 719, 720, 721, 724, 725, 740, 742, 744, 746, 748, 749, 751, 752, 753, 755, 758, 759, 761, 762, 763, 765, 766, 767, 768, 769, 770, 771, 772, 775, 776, 807, 808, 809, 811, 813, 814, 817, 830, 831, 833, 834, 835, 836, 837, 843, 844, 846, 851, 852, 853, 854, 855, 859, 860, 861, 864, 865, 867, 868, 870, 871, 872, 874, 878, 879, 880, 881, 885, 886, 887, 890, 891, 893, 894, 895, 897, 903, 905, 906, 908, 909, 914, 915, 917, 923, 924, 925, 926, 927, 931, 932, 933, 936, 937, 939, 941, 942, 946, 947, 948, 950, 955, 956, 957, 958, 962, 963, 964, 967, 968, 970, 971, 973, 974, 976, 977, 978, 980, 982, 984, 985, 991, 992, 993, 997, 1002, 1003, 1004, 1005, 1006, 1010, 1011, 1012, 1015, 1017, 1020, 1022, 1028, 1034, 1035, 1037, 1042, 1043, 1044, 1046, 1049, 1050, 1051, 1052, 1054, 1057, 1059, 1062, 1063], "excluded_lines": [], "executed_branches": [], "missing_branches": [[147, 148], [147, 150], [167, 168], [167, 174], [174, 175], [174, 178], [178, 179], [178, 186], [294, 295], [294, 301], [301, 302], [301, 308], [312, 313], [312, 317], [369, 370], [369, 372], [395, 396], [395, 398], [455, 456], [455, 466], [505, 506], [505, 513], [585, 586], [585, 588], [588, 589], [588, 591], [598, 599], [598, 601], [608, 609], [608, 610], [654, 655], [654, 657], [661, 662], [661, 663], [709, 710], [709, 712], [716, 717], [716, 718], [752, 753], [752, 755], [762, -724], [762, 763], [767, 768], [767, 769], [813, 814], [813, 817], [830, 831], [830, 833], [835, 836], [835, 846], [843, 844], [843, 864], [852, 853], [852, 864], [860, 861], [860, 864], [864, 865], [864, 867], [878, 879], [878, 890], [886, 887], [886, 890], [890, 891], [890, 893], [908, 909], [908, 917], [914, 915], [914, 936], [924, 925], [924, 936], [932, 933], [932, 936], [936, 937], [936, 939], [941, 942], [941, 950], [947, 948], [947, 967], [955, 956], [955, 967], [963, 964], [963, 967], [967, 968], [967, 970], [984, 985], [984, 997], [991, 992], [991, 1015], [1003, 1004], [1003, 1015], [1011, 1012], [1011, 1015], [1015, 1017], [1015, 1020], [1049, 1050], [1049, 1051], [1051, 1052], [1051, 1054], [1062, -1], [1062, 1063]]}}}, "producthuntdb/config.py": {"executed_lines": [1, 21, 22, 23, 24, 25, 27, 28, 31, 32, 34, 35, 36, 37, 40, 41, 43, 44, 47, 48, 50, 51, 52, 55, 56, 58, 59, 62, 63, 72, 73, 74, 75, 78, 79, 94, 102, 108, 115, 120, 125, 132, 138, 144, 150, 156, 162, 170, 176, 180, 184, 190, 194, 199, 200, 201, 203, 205, 206, 208, 209, 212, 213, 215, 216, 218, 219, 220, 222, 223, 224, 226, 227, 242, 244, 245, 246, 247, 248, 250, 252, 253, 254, 255, 257, 259, 260, 261, 262, 263, 264, 266, 268, 269, 270, 271, 273, 275, 276, 278, 280, 281, 283, 284, 285, 287, 288, 290, 292, 293, 295, 297, 298, 300, 302, 303, 305, 307, 308, 310, 312, 313, 319, 324, 333, 334, 336, 338, 340, 341, 342, 343, 346, 355, 356, 364, 365, 368, 375, 377, 383, 384, 385, 389], "summary": {"covered_lines": 137, "num_statements": 143, "percent_covered": 91.12426035502959, "percent_covered_display": "91.1", "missing_lines": 6, "excluded_lines": 0, "num_branches": 26, "num_partial_branches": 5, "covered_branches": 17, "missing_branches": 9}, "missing_lines": [335, 358, 359, 379, 380, 381], "excluded_lines": [], "executed_branches": [[212, 213], [212, 215], [222, 223], [222, 224], [242, 244], [242, 250], [245, 246], [245, 247], [250, 252], [250, 257], [257, 259], [257, 266], [266, 268], [334, 336], [340, 341], [342, 343], [377, 383]], "missing_branches": [[266, 273], [334, 335], [340, 342], [342, -338], [377, 379], [379, 380], [379, 383], [380, 379], [380, 381]], "functions": {"Settings.expand_data_dir": {"executed_lines": [203, 205, 206], "summary": {"covered_lines": 3, "num_statements": 3, "percent_covered": 100.0, "percent_covered_display": "100.0", "missing_lines": 0, "excluded_lines": 0, "num_branches": 0, "num_partial_branches": 0, "covered_branches": 0, "missing_branches": 0}, "missing_lines": [], "excluded_lines": [], "executed_branches": [], "missing_branches": []}, "Settings.set_database_path_default": {"executed_lines": [212, 213, 215, 216], "summary": {"covered_lines": 4, "num_statements": 4, "percent_covered": 100.0, "percent_covered_display": "100.0", "missing_lines": 0, "excluded_lines": 0, "num_branches": 2, "num_partial_branches": 0, "covered_branches": 2, "missing_branches": 0}, "missing_lines": [], "excluded_lines": [], "executed_branches": [[212, 213], [212, 215]], "missing_branches": []}, "Settings.validate_token": {"executed_lines": [222, 223, 224], "summary": {"covered_lines": 3, "num_statements": 3, "percent_covered": 100.0, "percent_covered_display": "100.0", "missing_lines": 0, "excluded_lines": 0, "num_branches": 2, "num_partial_branches": 0, "covered_branches": 2, "missing_branches": 0}, "missing_lines": [], "excluded_lines": [], "executed_branches": [[222, 223], [222, 224]], "missing_branches": []}, "Settings.apply_environment_profile": {"executed_lines": [242, 244, 245, 246, 247, 248, 250, 252, 253, 254, 255, 257, 259, 260, 261, 262, 263, 264, 266, 268, 269, 270, 271, 273], "summary": {"covered_lines": 24, "num_statements": 24, "percent_covered": 97.05882352941177, "percent_covered_display": "97.1", "missing_lines": 0, "excluded_lines": 0, "num_branches": 10, "num_partial_branches": 1, "covered_branches": 9, "missing_branches": 1}, "missing_lines": [], "excluded_lines": [], "executed_branches": [[242, 244], [242, 250], [245, 246], [245, 247], [250, 252], [250, 257], [257, 259], [257, 266], [266, 268]], "missing_branches": [[266, 273]]}, "Settings.safety_timedelta": {"executed_lines": [278], "summary": {"covered_lines": 1, "num_statements": 1, "percent_covered": 100.0, "percent_covered_display": "100.0", "missing_lines": 0, "excluded_lines": 0, "num_branches": 0, "num_partial_branches": 0, "covered_branches": 0, "missing_branches": 0}, "missing_lines": [], "excluded_lines": [], "executed_branches": [], "missing_branches": []}, "Settings.export_dir": {"executed_lines": [283, 284, 285], "summary": {"covered_lines": 3, "num_statements": 3, "percent_covered": 100.0, "percent_covered_display": "100.0", "missing_lines": 0, "excluded_lines": 0, "num_branches": 0, "num_partial_branches": 0, "covered_branches": 0, "missing_branches": 0}, "missing_lines": [], "excluded_lines": [], "executed_branches": [], "missing_branches": []}, "Settings.database_url": {"executed_lines": [290], "summary": {"covered_lines": 1, "num_statements": 1, "percent_covered": 100.0, "percent_covered_display": "100.0", "missing_lines": 0, "excluded_lines": 0, "num_branches": 0, "num_partial_branches": 0, "covered_branches": 0, "missing_branches": 0}, "missing_lines": [], "excluded_lines": [], "executed_branches": [], "missing_branches": []}, "Settings.is_production": {"executed_lines": [295], "summary": {"covered_lines": 1, "num_statements": 1, "percent_covered": 100.0, "percent_covered_display": "100.0", "missing_lines": 0, "excluded_lines": 0, "num_branches": 0, "num_partial_branches": 0, "covered_branches": 0, "missing_branches": 0}, "missing_lines": [], "excluded_lines": [], "executed_branches": [], "missing_branches": []}, "Settings.is_development": {"executed_lines": [300], "summary": {"covered_lines": 1, "num_statements": 1, "percent_covered": 100.0, "percent_covered_display": "100.0", "missing_lines": 0, "excluded_lines": 0, "num_branches": 0, "num_partial_branches": 0, "covered_branches": 0, "missing_branches": 0}, "missing_lines": [], "excluded_lines": [], "executed_branches": [], "missing_branches": []}, "Settings.is_testing": {"executed_lines": [305], "summary": {"covered_lines": 1, "num_statements": 1, "percent_covered": 100.0, "percent_covered_display": "100.0", "missing_lines": 0, "excluded_lines": 0, "num_branches": 0, "num_partial_branches": 0, "covered_branches": 0, "missing_branches": 0}, "missing_lines": [], "excluded_lines": [], "executed_branches": [], "missing_branches": []}, "Settings.is_staging": {"executed_lines": [310], "summary": {"covered_lines": 1, "num_statements": 1, "percent_covered": 100.0, "percent_covered_display": "100.0", "missing_lines": 0, "excluded_lines": 0, "num_branches": 0, "num_partial_branches": 0, "covered_branches": 0, "missing_branches": 0}, "missing_lines": [], "excluded_lines": [], "executed_branches": [], "missing_branches": []}, "Settings.has_kaggle_credentials": {"executed_lines": [319], "summary": {"covered_lines": 1, "num_statements": 1, "percent_covered": 100.0, "percent_covered_display": "100.0", "missing_lines": 0, "excluded_lines": 0, "num_branches": 0, "num_partial_branches": 0, "covered_branches": 0, "missing_branches": 0}, "missing_lines": [], "excluded_lines": [], "executed_branches": [], "missing_branches": []}, "Settings.redact_token": {"executed_lines": [333, 334, 336], "summary": {"covered_lines": 3, "num_statements": 4, "percent_covered": 66.66666666666667, "percent_covered_display": "66.7", "missing_lines": 1, "excluded_lines": 0, "num_branches": 2, "num_partial_branches": 1, "covered_branches": 1, "missing_branches": 1}, "missing_lines": [335], "excluded_lines": [], "executed_branches": [[334, 336]], "missing_branches": [[334, 335]]}, "Settings.configure_kaggle_env": {"executed_lines": [340, 341, 342, 343], "summary": {"covered_lines": 4, "num_statements": 4, "percent_covered": 75.0, "percent_covered_display": "75.0", "missing_lines": 0, "excluded_lines": 0, "num_branches": 4, "num_partial_branches": 2, "covered_branches": 2, "missing_branches": 2}, "missing_lines": [], "excluded_lines": [], "executed_branches": [[340, 341], [342, 343]], "missing_branches": [[340, 342], [342, -338]]}, "load_kaggle_secrets": {"executed_lines": [355, 356, 364, 365], "summary": {"covered_lines": 4, "num_statements": 6, "percent_covered": 66.66666666666667, "percent_covered_display": "66.7", "missing_lines": 2, "excluded_lines": 0, "num_branches": 0, "num_partial_branches": 0, "covered_branches": 0, "missing_branches": 0}, "missing_lines": [358, 359], "excluded_lines": [], "executed_branches": [], "missing_branches": []}, "get_settings": {"executed_lines": [375, 377, 383, 384, 385], "summary": {"covered_lines": 5, "num_statements": 8, "percent_covered": 42.857142857142854, "percent_covered_display": "42.9", "missing_lines": 3, "excluded_lines": 0, "num_branches": 6, "num_partial_branches": 1, "covered_branches": 1, "missing_branches": 5}, "missing_lines": [379, 380, 381], "excluded_lines": [], "executed_branches": [[377, 383]], "missing_branches": [[377, 379], [379, 380], [379, 383], [380, 379], [380, 381]]}, "": {"executed_lines": [1, 21, 22, 23, 24, 25, 27, 28, 31, 32, 34, 35, 36, 37, 40, 41, 43, 44, 47, 48, 50, 51, 52, 55, 56, 58, 59, 62, 63, 72, 73, 74, 75, 78, 79, 94, 102, 108, 115, 120, 125, 132, 138, 144, 150, 156, 162, 170, 176, 180, 184, 190, 194, 199, 200, 201, 208, 209, 218, 219, 220, 226, 227, 275, 276, 280, 281, 287, 288, 292, 293, 297, 298, 302, 303, 307, 308, 312, 313, 324, 338, 346, 368, 389], "summary": {"covered_lines": 77, "num_statements": 77, "percent_covered": 100.0, "percent_covered_display": "100.0", "missing_lines": 0, "excluded_lines": 0, "num_branches": 0, "num_partial_branches": 0, "covered_branches": 0, "missing_branches": 0}, "missing_lines": [], "excluded_lines": [], "executed_branches": [], "missing_branches": []}}, "classes": {"PostsOrder": {"executed_lines": [], "summary": {"covered_lines": 0, "num_statements": 0, "percent_covered": 100.0, "percent_covered_display": "100.0", "missing_lines": 0, "excluded_lines": 0, "num_branches": 0, "num_partial_branches": 0, "covered_branches": 0, "missing_branches": 0}, "missing_lines": [], "excluded_lines": [], "executed_branches": [], "missing_branches": []}, "TopicsOrder": {"executed_lines": [], "summary": {"covered_lines": 0, "num_statements": 0, "percent_covered": 100.0, "percent_covered_display": "100.0", "missing_lines": 0, "excluded_lines": 0, "num_branches": 0, "num_partial_branches": 0, "covered_branches": 0, "missing_branches": 0}, "missing_lines": [], "excluded_lines": [], "executed_branches": [], "missing_branches": []}, "CollectionsOrder": {"executed_lines": [], "summary": {"covered_lines": 0, "num_statements": 0, "percent_covered": 100.0, "percent_covered_display": "100.0", "missing_lines": 0, "excluded_lines": 0, "num_branches": 0, "num_partial_branches": 0, "covered_branches": 0, "missing_branches": 0}, "missing_lines": [], "excluded_lines": [], "executed_branches": [], "missing_branches": []}, "CommentsOrder": {"executed_lines": [], "summary": {"covered_lines": 0, "num_statements": 0, "percent_covered": 100.0, "percent_covered_display": "100.0", "missing_lines": 0, "excluded_lines": 0, "num_branches": 0, "num_partial_branches": 0, "covered_branches": 0, "missing_branches": 0}, "missing_lines": [], "excluded_lines": [], "executed_branches": [], "missing_branches": []}, "Environment": {"executed_lines": [], "summary": {"covered_lines": 0, "num_statements": 0, "percent_covered": 100.0, "percent_covered_display": "100.0", "missing_lines": 0, "excluded_lines": 0, "num_branches": 0, "num_partial_branches": 0, "covered_branches": 0, "missing_branches": 0}, "missing_lines": [], "excluded_lines": [], "executed_branches": [], "missing_branches": []}, "Settings": {"executed_lines": [203, 205, 206, 212, 213, 215, 216, 222, 223, 224, 242, 244, 245, 246, 247, 248, 250, 252, 253, 254, 255, 257, 259, 260, 261, 262, 263, 264, 266, 268, 269, 270, 271, 273, 278, 283, 284, 285, 290, 295, 300, 305, 310, 319, 333, 334, 336, 340, 341, 342, 343], "summary": {"covered_lines": 51, "num_statements": 52, "percent_covered": 93.05555555555556, "percent_covered_display": "93.1", "missing_lines": 1, "excluded_lines": 0, "num_branches": 20, "num_partial_branches": 4, "covered_branches": 16, "missing_branches": 4}, "missing_lines": [335], "excluded_lines": [], "executed_branches": [[212, 213], [212, 215], [222, 223], [222, 224], [242, 244], [242, 250], [245, 246], [245, 247], [250, 252], [250, 257], [257, 259], [257, 266], [266, 268], [334, 336], [340, 341], [342, 343]], "missing_branches": [[266, 273], [334, 335], [340, 342], [342, -338]]}, "": {"executed_lines": [1, 21, 22, 23, 24, 25, 27, 28, 31, 32, 34, 35, 36, 37, 40, 41, 43, 44, 47, 48, 50, 51, 52, 55, 56, 58, 59, 62, 63, 72, 73, 74, 75, 78, 79, 94, 102, 108, 115, 120, 125, 132, 138, 144, 150, 156, 162, 170, 176, 180, 184, 190, 194, 199, 200, 201, 208, 209, 218, 219, 220, 226, 227, 275, 276, 280, 281, 287, 288, 292, 293, 297, 298, 302, 303, 307, 308, 312, 313, 324, 338, 346, 355, 356, 364, 365, 368, 375, 377, 383, 384, 385, 389], "summary": {"covered_lines": 86, "num_statements": 91, "percent_covered": 89.69072164948453, "percent_covered_display": "89.7", "missing_lines": 5, "excluded_lines": 0, "num_branches": 6, "num_partial_branches": 1, "covered_branches": 1, "missing_branches": 5}, "missing_lines": [358, 359, 379, 380, 381], "excluded_lines": [], "executed_branches": [[377, 383]], "missing_branches": [[377, 379], [379, 380], [379, 383], [380, 379], [380, 381]]}}}, "producthuntdb/database.py": {"executed_lines": [1, 25, 26, 27, 29, 30, 32, 33, 34, 43, 51, 52, 78, 84, 85, 86, 88, 98, 101, 104, 106, 113, 116, 117, 118, 119, 120, 121, 122, 125, 127, 128, 130, 139, 140, 144, 159, 161, 162, 163, 165, 167, 169, 170, 171, 172, 178, 197, 198, 200, 201, 203, 205, 206, 207, 208, 209, 212, 213, 214, 215, 217, 218, 224, 243, 244, 246, 247, 250, 253, 254, 255, 258, 259, 260, 261, 262, 263, 264, 267, 268, 269, 271, 272, 273, 276, 277, 279, 281, 282, 283, 286, 287, 289, 292, 294, 297, 298, 299, 306, 308, 310, 312, 338, 339, 341, 344, 345, 347, 348, 351, 352, 353, 355, 357, 358, 359, 360, 363, 364, 366, 368, 370, 371, 372, 373, 376, 377, 378, 381, 384, 385, 387, 389, 395, 409, 410, 412, 413, 416, 417, 419, 420, 421, 422, 424, 425, 427, 428, 434, 444, 445, 447, 449, 453, 455, 456, 457, 459, 461, 471, 472, 474, 475, 479, 481, 482, 483, 485, 491, 505, 506, 508, 509, 511, 521, 522, 524, 526, 527, 528, 530, 535, 537, 544], "summary": {"covered_lines": 183, "num_statements": 183, "percent_covered": 99.2619926199262, "percent_covered_display": "99.3", "missing_lines": 0, "excluded_lines": 0, "num_branches": 88, "num_partial_branches": 2, "covered_branches": 86, "missing_branches": 2}, "missing_lines": [], "excluded_lines": [], "executed_branches": [[139, 140], [139, 144], [161, 162], [161, 163], [169, 170], [169, 171], [171, -167], [171, 172], [197, 198], [197, 200], [203, 205], [203, 212], [205, 206], [205, 209], [206, 207], [206, 208], [212, 213], [212, 214], [243, 244], [243, 246], [253, 254], [253, 258], [254, 253], [254, 255], [258, 259], [258, 267], [260, 261], [268, 269], [268, 271], [271, 272], [271, 276], [276, 277], [276, 279], [279, 281], [279, 286], [281, 282], [281, 283], [292, 294], [292, 310], [297, 298], [297, 308], [298, 299], [338, 339], [338, 341], [344, 345], [344, 389], [355, 357], [355, 381], [358, 359], [358, 363], [359, 358], [359, 360], [363, 364], [363, 366], [368, 370], [368, 376], [371, 372], [371, 373], [384, 385], [384, 387], [409, 410], [409, 412], [416, 417], [416, 419], [419, 420], [419, 424], [420, 421], [420, 422], [444, 445], [444, 447], [447, 449], [447, 459], [455, 447], [455, 456], [471, 472], [471, 474], [474, 475], [474, 485], [481, 474], [481, 482], [505, 506], [505, 508], [521, 522], [521, 524], [526, 527], [526, 530]], "missing_branches": [[260, 264], [298, 297]], "functions": {"DatabaseManager.__init__": {"executed_lines": [84, 85, 86], "summary": {"covered_lines": 3, "num_statements": 3, "percent_covered": 100.0, "percent_covered_display": "100.0", "missing_lines": 0, "excluded_lines": 0, "num_branches": 0, "num_partial_branches": 0, "covered_branches": 0, "missing_branches": 0}, "missing_lines": [], "excluded_lines": [], "executed_branches": [], "missing_branches": []}, "DatabaseManager.initialize": {"executed_lines": [98, 101, 104, 106, 113, 116, 117, 118, 119, 120, 121, 122, 125, 127, 128], "summary": {"covered_lines": 15, "num_statements": 15, "percent_covered": 100.0, "percent_covered_display": "100.0", "missing_lines": 0, "excluded_lines": 0, "num_branches": 0, "num_partial_branches": 0, "covered_branches": 0, "missing_branches": 0}, "missing_lines": [], "excluded_lines": [], "executed_branches": [], "missing_branches": []}, "DatabaseManager.create_indexes": {"executed_lines": [139, 140, 144, 159, 161, 162, 163, 165], "summary": {"covered_lines": 8, "num_statements": 8, "percent_covered": 100.0, "percent_covered_display": "100.0", "missing_lines": 0, "excluded_lines": 0, "num_branches": 4, "num_partial_branches": 0, "covered_branches": 4, "missing_branches": 0}, "missing_lines": [], "excluded_lines": [], "executed_branches": [[139, 140], [139, 144], [161, 162], [161, 163]], "missing_branches": []}, "DatabaseManager.close": {"executed_lines": [169, 170, 171, 172], "summary": {"covered_lines": 4, "num_statements": 4, "percent_covered": 100.0, "percent_covered_display": "100.0", "missing_lines": 0, "excluded_lines": 0, "num_branches": 4, "num_partial_branches": 0, "covered_branches": 4, "missing_branches": 0}, "missing_lines": [], "excluded_lines": [], "executed_branches": [[169, 170], [169, 171], [171, -167], [171, 172]], "missing_branches": []}, "DatabaseManager.upsert_user": {"executed_lines": [197, 198, 200, 201, 203, 205, 206, 207, 208, 209, 212, 213, 214, 215, 217, 218], "summary": {"covered_lines": 16, "num_statements": 16, "percent_covered": 100.0, "percent_covered_display": "100.0", "missing_lines": 0, "excluded_lines": 0, "num_branches": 10, "num_partial_branches": 0, "covered_branches": 10, "missing_branches": 0}, "missing_lines": [], "excluded_lines": [], "executed_branches": [[197, 198], [197, 200], [203, 205], [203, 212], [205, 206], [205, 209], [206, 207], [206, 208], [212, 213], [212, 214]], "missing_branches": []}, "DatabaseManager.upsert_post": {"executed_lines": [243, 244, 246, 247, 250, 253, 254, 255, 258, 259, 260, 261, 262, 263, 264, 267, 268, 269, 271, 272, 273, 276, 277, 279, 281, 282, 283, 286, 287, 289, 292, 294, 297, 298, 299, 306, 308, 310], "summary": {"covered_lines": 38, "num_statements": 38, "percent_covered": 96.875, "percent_covered_display": "96.9", "missing_lines": 0, "excluded_lines": 0, "num_branches": 26, "num_partial_branches": 2, "covered_branches": 24, "missing_branches": 2}, "missing_lines": [], "excluded_lines": [], "executed_branches": [[243, 244], [243, 246], [253, 254], [253, 258], [254, 253], [254, 255], [258, 259], [258, 267], [260, 261], [268, 269], [268, 271], [271, 272], [271, 276], [276, 277], [276, 279], [279, 281], [279, 286], [281, 282], [281, 283], [292, 294], [292, 310], [297, 298], [297, 308], [298, 299]], "missing_branches": [[260, 264], [298, 297]]}, "DatabaseManager.upsert_posts_batch": {"executed_lines": [338, 339, 341, 344, 345, 347, 348, 351, 352, 353, 355, 357, 358, 359, 360, 363, 364, 366, 368, 370, 371, 372, 373, 376, 377, 378, 381, 384, 385, 387, 389], "summary": {"covered_lines": 31, "num_statements": 31, "percent_covered": 100.0, "percent_covered_display": "100.0", "missing_lines": 0, "excluded_lines": 0, "num_branches": 18, "num_partial_branches": 0, "covered_branches": 18, "missing_branches": 0}, "missing_lines": [], "excluded_lines": [], "executed_branches": [[338, 339], [338, 341], [344, 345], [344, 389], [355, 357], [355, 381], [358, 359], [358, 363], [359, 358], [359, 360], [363, 364], [363, 366], [368, 370], [368, 376], [371, 372], [371, 373], [384, 385], [384, 387]], "missing_branches": []}, "DatabaseManager.upsert_topic": {"executed_lines": [409, 410, 412, 413, 416, 417, 419, 420, 421, 422, 424, 425, 427, 428], "summary": {"covered_lines": 14, "num_statements": 14, "percent_covered": 100.0, "percent_covered_display": "100.0", "missing_lines": 0, "excluded_lines": 0, "num_branches": 8, "num_partial_branches": 0, "covered_branches": 8, "missing_branches": 0}, "missing_lines": [], "excluded_lines": [], "executed_branches": [[409, 410], [409, 412], [416, 417], [416, 419], [419, 420], [419, 424], [420, 421], [420, 422]], "missing_branches": []}, "DatabaseManager.link_post_topics": {"executed_lines": [444, 445, 447, 449, 453, 455, 456, 457, 459], "summary": {"covered_lines": 9, "num_statements": 9, "percent_covered": 100.0, "percent_covered_display": "100.0", "missing_lines": 0, "excluded_lines": 0, "num_branches": 6, "num_partial_branches": 0, "covered_branches": 6, "missing_branches": 0}, "missing_lines": [], "excluded_lines": [], "executed_branches": [[444, 445], [444, 447], [447, 449], [447, 459], [455, 447], [455, 456]], "missing_branches": []}, "DatabaseManager.link_post_makers": {"executed_lines": [471, 472, 474, 475, 479, 481, 482, 483, 485], "summary": {"covered_lines": 9, "num_statements": 9, "percent_covered": 100.0, "percent_covered_display": "100.0", "missing_lines": 0, "excluded_lines": 0, "num_branches": 6, "num_partial_branches": 0, "covered_branches": 6, "missing_branches": 0}, "missing_lines": [], "excluded_lines": [], "executed_branches": [[471, 472], [471, 474], [474, 475], [474, 485], [481, 474], [481, 482]], "missing_branches": []}, "DatabaseManager.get_crawl_state": {"executed_lines": [505, 506, 508, 509], "summary": {"covered_lines": 4, "num_statements": 4, "percent_covered": 100.0, "percent_covered_display": "100.0", "missing_lines": 0, "excluded_lines": 0, "num_branches": 2, "num_partial_branches": 0, "covered_branches": 2, "missing_branches": 0}, "missing_lines": [], "excluded_lines": [], "executed_branches": [[505, 506], [505, 508]], "missing_branches": []}, "DatabaseManager.update_crawl_state": {"executed_lines": [521, 522, 524, 526, 527, 528, 530, 535, 537], "summary": {"covered_lines": 9, "num_statements": 9, "percent_covered": 100.0, "percent_covered_display": "100.0", "missing_lines": 0, "excluded_lines": 0, "num_branches": 4, "num_partial_branches": 0, "covered_branches": 4, "missing_branches": 0}, "missing_lines": [], "excluded_lines": [], "executed_branches": [[521, 522], [521, 524], [526, 527], [526, 530]], "missing_branches": []}, "": {"executed_lines": [1, 25, 26, 27, 29, 30, 32, 33, 34, 43, 51, 52, 78, 88, 130, 167, 178, 224, 312, 395, 434, 461, 491, 511, 544], "summary": {"covered_lines": 23, "num_statements": 23, "percent_covered": 100.0, "percent_covered_display": "100.0", "missing_lines": 0, "excluded_lines": 0, "num_branches": 0, "num_partial_branches": 0, "covered_branches": 0, "missing_branches": 0}, "missing_lines": [], "excluded_lines": [], "executed_branches": [], "missing_branches": []}}, "classes": {"DatabaseManager": {"executed_lines": [84, 85, 86, 98, 101, 104, 106, 113, 116, 117, 118, 119, 120, 121, 122, 125, 127, 128, 139, 140, 144, 159, 161, 162, 163, 165, 169, 170, 171, 172, 197, 198, 200, 201, 203, 205, 206, 207, 208, 209, 212, 213, 214, 215, 217, 218, 243, 244, 246, 247, 250, 253, 254, 255, 258, 259, 260, 261, 262, 263, 264, 267, 268, 269, 271, 272, 273, 276, 277, 279, 281, 282, 283, 286, 287, 289, 292, 294, 297, 298, 299, 306, 308, 310, 338, 339, 341, 344, 345, 347, 348, 351, 352, 353, 355, 357, 358, 359, 360, 363, 364, 366, 368, 370, 371, 372, 373, 376, 377, 378, 381, 384, 385, 387, 389, 409, 410, 412, 413, 416, 417, 419, 420, 421, 422, 424, 425, 427, 428, 444, 445, 447, 449, 453, 455, 456, 457, 459, 471, 472, 474, 475, 479, 481, 482, 483, 485, 505, 506, 508, 509, 521, 522, 524, 526, 527, 528, 530, 535, 537], "summary": {"covered_lines": 160, "num_statements": 160, "percent_covered": 99.19354838709677, "percent_covered_display": "99.2", "missing_lines": 0, "excluded_lines": 0, "num_branches": 88, "num_partial_branches": 2, "covered_branches": 86, "missing_branches": 2}, "missing_lines": [], "excluded_lines": [], "executed_branches": [[139, 140], [139, 144], [161, 162], [161, 163], [169, 170], [169, 171], [171, -167], [171, 172], [197, 198], [197, 200], [203, 205], [203, 212], [205, 206], [205, 209], [206, 207], [206, 208], [212, 213], [212, 214], [243, 244], [243, 246], [253, 254], [253, 258], [254, 253], [254, 255], [258, 259], [258, 267], [260, 261], [268, 269], [268, 271], [271, 272], [271, 276], [276, 277], [276, 279], [279, 281], [279, 286], [281, 282], [281, 283], [292, 294], [292, 310], [297, 298], [297, 308], [298, 299], [338, 339], [338, 341], [344, 345], [344, 389], [355, 357], [355, 381], [358, 359], [358, 363], [359, 358], [359, 360], [363, 364], [363, 366], [368, 370], [368, 376], [371, 372], [371, 373], [384, 385], [384, 387], [409, 410], [409, 412], [416, 417], [416, 419], [419, 420], [419, 424], [420, 421], [420, 422], [444, 445], [444, 447], [447, 449], [447, 459], [455, 447], [455, 456], [471, 472], [471, 474], [474, 475], [474, 485], [481, 474], [481, 482], [505, 506], [505, 508], [521, 522], [521, 524], [526, 527], [526, 530]], "missing_branches": [[260, 264], [298, 297]]}, "": {"executed_lines": [1, 25, 26, 27, 29, 30, 32, 33, 34, 43, 51, 52, 78, 88, 130, 167, 178, 224, 312, 395, 434, 461, 491, 511, 544], "summary": {"covered_lines": 23, "num_statements": 23, "percent_covered": 100.0, "percent_covered_display": "100.0", "missing_lines": 0, "excluded_lines": 0, "num_branches": 0, "num_partial_branches": 0, "covered_branches": 0, "missing_branches": 0}, "missing_lines": [], "excluded_lines": [], "executed_branches": [], "missing_branches": []}}}, "producthuntdb/interfaces.py": {"executed_lines": [], "summary": {"covered_lines": 0, "num_statements": 57, "percent_covered": 0.0, "percent_covered_display": "0.0", "missing_lines": 57, "excluded_lines": 78, "num_branches": 0, "num_partial_branches": 0, "covered_branches": 0, "missing_branches": 0}, "missing_lines": [28, 29, 30, 32, 33, 44, 45, 59, 83, 99, 112, 120, 121, 128, 129, 137, 138, 149, 150, 152, 159, 167, 178, 191, 206, 217, 225, 229, 237, 241, 256, 260, 264, 272, 284, 295, 317, 326, 327, 337, 346, 350, 358, 362, 366, 374, 394, 395, 403, 415, 429, 430, 432, 433, 435, 436, 442], "excluded_lines": [81, 82, 97, 98, 110, 111, 118, 119, 126, 127, 134, 135, 136, 157, 158, 161, 162, 163, 176, 177, 189, 190, 200, 201, 202, 215, 216, 219, 220, 221, 227, 228, 231, 232, 233, 239, 240, 250, 251, 252, 258, 259, 262, 263, 270, 271, 278, 279, 280, 293, 294, 311, 312, 313, 323, 324, 325, 344, 345, 348, 349, 356, 357, 360, 361, 364, 365, 372, 373, 391, 392, 393, 413, 414, 421, 422, 423, 424], "executed_branches": [], "missing_branches": [], "functions": {"IGraphQLClient.fetch_posts_page": {"executed_lines": [], "summary": {"covered_lines": 0, "num_statements": 0, "percent_covered": 100.0, "percent_covered_display": "100.0", "missing_lines": 0, "excluded_lines": 1, "num_branches": 0, "num_partial_branches": 0, "covered_branches": 0, "missing_branches": 0}, "missing_lines": [], "excluded_lines": [81], "executed_branches": [], "missing_branches": []}, "IGraphQLClient.fetch_topics_page": {"executed_lines": [], "summary": {"covered_lines": 0, "num_statements": 0, "percent_covered": 100.0, "percent_covered_display": "100.0", "missing_lines": 0, "excluded_lines": 1, "num_branches": 0, "num_partial_branches": 0, "covered_branches": 0, "missing_branches": 0}, "missing_lines": [], "excluded_lines": [97], "executed_branches": [], "missing_branches": []}, "IGraphQLClient.fetch_viewer": {"executed_lines": [], "summary": {"covered_lines": 0, "num_statements": 0, "percent_covered": 100.0, "percent_covered_display": "100.0", "missing_lines": 0, "excluded_lines": 1, "num_branches": 0, "num_partial_branches": 0, "covered_branches": 0, "missing_branches": 0}, "missing_lines": [], "excluded_lines": [110], "executed_branches": [], "missing_branches": []}, "IGraphQLClient.close": {"executed_lines": [], "summary": {"covered_lines": 0, "num_statements": 0, "percent_covered": 100.0, "percent_covered_display": "100.0", "missing_lines": 0, "excluded_lines": 1, "num_branches": 0, "num_partial_branches": 0, "covered_branches": 0, "missing_branches": 0}, "missing_lines": [], "excluded_lines": [118], "executed_branches": [], "missing_branches": []}, "IGraphQLClient.rate_limit_remaining": {"executed_lines": [], "summary": {"covered_lines": 0, "num_statements": 0, "percent_covered": 100.0, "percent_covered_display": "100.0", "missing_lines": 0, "excluded_lines": 1, "num_branches": 0, "num_partial_branches": 0, "covered_branches": 0, "missing_branches": 0}, "missing_lines": [], "excluded_lines": [126], "executed_branches": [], "missing_branches": []}, "IGraphQLClient.rate_limit_reset": {"executed_lines": [], "summary": {"covered_lines": 0, "num_statements": 0, "percent_covered": 100.0, "percent_covered_display": "100.0", "missing_lines": 0, "excluded_lines": 1, "num_branches": 0, "num_partial_branches": 0, "covered_branches": 0, "missing_branches": 0}, "missing_lines": [], "excluded_lines": [134], "executed_branches": [], "missing_branches": []}, "IDatabaseManager.initialize": {"executed_lines": [], "summary": {"covered_lines": 0, "num_statements": 0, "percent_covered": 100.0, "percent_covered_display": "100.0", "missing_lines": 0, "excluded_lines": 1, "num_branches": 0, "num_partial_branches": 0, "covered_branches": 0, "missing_branches": 0}, "missing_lines": [], "excluded_lines": [157], "executed_branches": [], "missing_branches": []}, "IDatabaseManager.close": {"executed_lines": [], "summary": {"covered_lines": 0, "num_statements": 0, "percent_covered": 100.0, "percent_covered_display": "100.0", "missing_lines": 0, "excluded_lines": 1, "num_branches": 0, "num_partial_branches": 0, "covered_branches": 0, "missing_branches": 0}, "missing_lines": [], "excluded_lines": [161], "executed_branches": [], "missing_branches": []}, "IDatabaseManager.upsert_post": {"executed_lines": [], "summary": {"covered_lines": 0, "num_statements": 0, "percent_covered": 100.0, "percent_covered_display": "100.0", "missing_lines": 0, "excluded_lines": 1, "num_branches": 0, "num_partial_branches": 0, "covered_branches": 0, "missing_branches": 0}, "missing_lines": [], "excluded_lines": [176], "executed_branches": [], "missing_branches": []}, "IDatabaseManager.upsert_posts_batch": {"executed_lines": [], "summary": {"covered_lines": 0, "num_statements": 0, "percent_covered": 100.0, "percent_covered_display": "100.0", "missing_lines": 0, "excluded_lines": 1, "num_branches": 0, "num_partial_branches": 0, "covered_branches": 0, "missing_branches": 0}, "missing_lines": [], "excluded_lines": [189], "executed_branches": [], "missing_branches": []}, "IDatabaseManager.get_post": {"executed_lines": [], "summary": {"covered_lines": 0, "num_statements": 0, "percent_covered": 100.0, "percent_covered_display": "100.0", "missing_lines": 0, "excluded_lines": 1, "num_branches": 0, "num_partial_branches": 0, "covered_branches": 0, "missing_branches": 0}, "missing_lines": [], "excluded_lines": [200], "executed_branches": [], "missing_branches": []}, "IDatabaseManager.upsert_user": {"executed_lines": [], "summary": {"covered_lines": 0, "num_statements": 0, "percent_covered": 100.0, "percent_covered_display": "100.0", "missing_lines": 0, "excluded_lines": 1, "num_branches": 0, "num_partial_branches": 0, "covered_branches": 0, "missing_branches": 0}, "missing_lines": [], "excluded_lines": [215], "executed_branches": [], "missing_branches": []}, "IDatabaseManager.get_user": {"executed_lines": [], "summary": {"covered_lines": 0, "num_statements": 0, "percent_covered": 100.0, "percent_covered_display": "100.0", "missing_lines": 0, "excluded_lines": 1, "num_branches": 0, "num_partial_branches": 0, "covered_branches": 0, "missing_branches": 0}, "missing_lines": [], "excluded_lines": [219], "executed_branches": [], "missing_branches": []}, "IDatabaseManager.upsert_topic": {"executed_lines": [], "summary": {"covered_lines": 0, "num_statements": 0, "percent_covered": 100.0, "percent_covered_display": "100.0", "missing_lines": 0, "excluded_lines": 1, "num_branches": 0, "num_partial_branches": 0, "covered_branches": 0, "missing_branches": 0}, "missing_lines": [], "excluded_lines": [227], "executed_branches": [], "missing_branches": []}, "IDatabaseManager.get_topic": {"executed_lines": [], "summary": {"covered_lines": 0, "num_statements": 0, "percent_covered": 100.0, "percent_covered_display": "100.0", "missing_lines": 0, "excluded_lines": 1, "num_branches": 0, "num_partial_branches": 0, "covered_branches": 0, "missing_branches": 0}, "missing_lines": [], "excluded_lines": [231], "executed_branches": [], "missing_branches": []}, "IDatabaseManager.upsert_media": {"executed_lines": [], "summary": {"covered_lines": 0, "num_statements": 0, "percent_covered": 100.0, "percent_covered_display": "100.0", "missing_lines": 0, "excluded_lines": 1, "num_branches": 0, "num_partial_branches": 0, "covered_branches": 0, "missing_branches": 0}, "missing_lines": [], "excluded_lines": [239], "executed_branches": [], "missing_branches": []}, "IDatabaseManager.delete_media_for_post": {"executed_lines": [], "summary": {"covered_lines": 0, "num_statements": 0, "percent_covered": 100.0, "percent_covered_display": "100.0", "missing_lines": 0, "excluded_lines": 1, "num_branches": 0, "num_partial_branches": 0, "covered_branches": 0, "missing_branches": 0}, "missing_lines": [], "excluded_lines": [250], "executed_branches": [], "missing_branches": []}, "IDatabaseManager.upsert_post_topic_link": {"executed_lines": [], "summary": {"covered_lines": 0, "num_statements": 0, "percent_covered": 100.0, "percent_covered_display": "100.0", "missing_lines": 0, "excluded_lines": 1, "num_branches": 0, "num_partial_branches": 0, "covered_branches": 0, "missing_branches": 0}, "missing_lines": [], "excluded_lines": [258], "executed_branches": [], "missing_branches": []}, "IDatabaseManager.upsert_maker_post_link": {"executed_lines": [], "summary": {"covered_lines": 0, "num_statements": 0, "percent_covered": 100.0, "percent_covered_display": "100.0", "missing_lines": 0, "excluded_lines": 1, "num_branches": 0, "num_partial_branches": 0, "covered_branches": 0, "missing_branches": 0}, "missing_lines": [], "excluded_lines": [262], "executed_branches": [], "missing_branches": []}, "IDatabaseManager.delete_post_topic_links": {"executed_lines": [], "summary": {"covered_lines": 0, "num_statements": 0, "percent_covered": 100.0, "percent_covered_display": "100.0", "missing_lines": 0, "excluded_lines": 1, "num_branches": 0, "num_partial_branches": 0, "covered_branches": 0, "missing_branches": 0}, "missing_lines": [], "excluded_lines": [270], "executed_branches": [], "missing_branches": []}, "IDatabaseManager.delete_maker_post_links": {"executed_lines": [], "summary": {"covered_lines": 0, "num_statements": 0, "percent_covered": 100.0, "percent_covered_display": "100.0", "missing_lines": 0, "excluded_lines": 1, "num_branches": 0, "num_partial_branches": 0, "covered_branches": 0, "missing_branches": 0}, "missing_lines": [], "excluded_lines": [278], "executed_branches": [], "missing_branches": []}, "IDatabaseManager.get_crawl_state": {"executed_lines": [], "summary": {"covered_lines": 0, "num_statements": 0, "percent_covered": 100.0, "percent_covered_display": "100.0", "missing_lines": 0, "excluded_lines": 1, "num_branches": 0, "num_partial_branches": 0, "covered_branches": 0, "missing_branches": 0}, "missing_lines": [], "excluded_lines": [293], "executed_branches": [], "missing_branches": []}, "IDatabaseManager.upsert_crawl_state": {"executed_lines": [], "summary": {"covered_lines": 0, "num_statements": 0, "percent_covered": 100.0, "percent_covered_display": "100.0", "missing_lines": 0, "excluded_lines": 1, "num_branches": 0, "num_partial_branches": 0, "covered_branches": 0, "missing_branches": 0}, "missing_lines": [], "excluded_lines": [311], "executed_branches": [], "missing_branches": []}, "IDatabaseManager.get_entity_counts": {"executed_lines": [], "summary": {"covered_lines": 0, "num_statements": 0, "percent_covered": 100.0, "percent_covered_display": "100.0", "missing_lines": 0, "excluded_lines": 1, "num_branches": 0, "num_partial_branches": 0, "covered_branches": 0, "missing_branches": 0}, "missing_lines": [], "excluded_lines": [323], "executed_branches": [], "missing_branches": []}, "ILogger.debug": {"executed_lines": [], "summary": {"covered_lines": 0, "num_statements": 0, "percent_covered": 100.0, "percent_covered_display": "100.0", "missing_lines": 0, "excluded_lines": 1, "num_branches": 0, "num_partial_branches": 0, "covered_branches": 0, "missing_branches": 0}, "missing_lines": [], "excluded_lines": [344], "executed_branches": [], "missing_branches": []}, "ILogger.info": {"executed_lines": [], "summary": {"covered_lines": 0, "num_statements": 0, "percent_covered": 100.0, "percent_covered_display": "100.0", "missing_lines": 0, "excluded_lines": 1, "num_branches": 0, "num_partial_branches": 0, "covered_branches": 0, "missing_branches": 0}, "missing_lines": [], "excluded_lines": [348], "executed_branches": [], "missing_branches": []}, "ILogger.success": {"executed_lines": [], "summary": {"covered_lines": 0, "num_statements": 0, "percent_covered": 100.0, "percent_covered_display": "100.0", "missing_lines": 0, "excluded_lines": 1, "num_branches": 0, "num_partial_branches": 0, "covered_branches": 0, "missing_branches": 0}, "missing_lines": [], "excluded_lines": [356], "executed_branches": [], "missing_branches": []}, "ILogger.warning": {"executed_lines": [], "summary": {"covered_lines": 0, "num_statements": 0, "percent_covered": 100.0, "percent_covered_display": "100.0", "missing_lines": 0, "excluded_lines": 1, "num_branches": 0, "num_partial_branches": 0, "covered_branches": 0, "missing_branches": 0}, "missing_lines": [], "excluded_lines": [360], "executed_branches": [], "missing_branches": []}, "ILogger.error": {"executed_lines": [], "summary": {"covered_lines": 0, "num_statements": 0, "percent_covered": 100.0, "percent_covered_display": "100.0", "missing_lines": 0, "excluded_lines": 1, "num_branches": 0, "num_partial_branches": 0, "covered_branches": 0, "missing_branches": 0}, "missing_lines": [], "excluded_lines": [364], "executed_branches": [], "missing_branches": []}, "ILogger.exception": {"executed_lines": [], "summary": {"covered_lines": 0, "num_statements": 0, "percent_covered": 100.0, "percent_covered_display": "100.0", "missing_lines": 0, "excluded_lines": 1, "num_branches": 0, "num_partial_branches": 0, "covered_branches": 0, "missing_branches": 0}, "missing_lines": [], "excluded_lines": [372], "executed_branches": [], "missing_branches": []}, "ILogger.bind": {"executed_lines": [], "summary": {"covered_lines": 0, "num_statements": 0, "percent_covered": 100.0, "percent_covered_display": "100.0", "missing_lines": 0, "excluded_lines": 1, "num_branches": 0, "num_partial_branches": 0, "covered_branches": 0, "missing_branches": 0}, "missing_lines": [], "excluded_lines": [391], "executed_branches": [], "missing_branches": []}, "IKaggleManager.publish_dataset": {"executed_lines": [], "summary": {"covered_lines": 0, "num_statements": 0, "percent_covered": 100.0, "percent_covered_display": "100.0", "missing_lines": 0, "excluded_lines": 1, "num_branches": 0, "num_partial_branches": 0, "covered_branches": 0, "missing_branches": 0}, "missing_lines": [], "excluded_lines": [413], "executed_branches": [], "missing_branches": []}, "IKaggleManager.has_credentials": {"executed_lines": [], "summary": {"covered_lines": 0, "num_statements": 0, "percent_covered": 100.0, "percent_covered_display": "100.0", "missing_lines": 0, "excluded_lines": 1, "num_branches": 0, "num_partial_branches": 0, "covered_branches": 0, "missing_branches": 0}, "missing_lines": [], "excluded_lines": [421], "executed_branches": [], "missing_branches": []}, "": {"executed_lines": [], "summary": {"covered_lines": 0, "num_statements": 57, "percent_covered": 0.0, "percent_covered_display": "0.0", "missing_lines": 57, "excluded_lines": 45, "num_branches": 0, "num_partial_branches": 0, "covered_branches": 0, "missing_branches": 0}, "missing_lines": [28, 29, 30, 32, 33, 44, 45, 59, 83, 99, 112, 120, 121, 128, 129, 137, 138, 149, 150, 152, 159, 167, 178, 191, 206, 217, 225, 229, 237, 241, 256, 260, 264, 272, 284, 295, 317, 326, 327, 337, 346, 350, 358, 362, 366, 374, 394, 395, 403, 415, 429, 430, 432, 433, 435, 436, 442], "excluded_lines": [82, 98, 111, 119, 127, 135, 136, 158, 162, 163, 177, 190, 201, 202, 216, 220, 221, 228, 232, 233, 240, 251, 252, 259, 263, 271, 279, 280, 294, 312, 313, 324, 325, 345, 349, 357, 361, 365, 373, 392, 393, 414, 422, 423, 424], "executed_branches": [], "missing_branches": []}}, "classes": {"IGraphQLClient": {"executed_lines": [], "summary": {"covered_lines": 0, "num_statements": 0, "percent_covered": 100.0, "percent_covered_display": "100.0", "missing_lines": 0, "excluded_lines": 6, "num_branches": 0, "num_partial_branches": 0, "covered_branches": 0, "missing_branches": 0}, "missing_lines": [], "excluded_lines": [81, 97, 110, 118, 126, 134], "executed_branches": [], "missing_branches": []}, "IDatabaseManager": {"executed_lines": [], "summary": {"covered_lines": 0, "num_statements": 0, "percent_covered": 100.0, "percent_covered_display": "100.0", "missing_lines": 0, "excluded_lines": 18, "num_branches": 0, "num_partial_branches": 0, "covered_branches": 0, "missing_branches": 0}, "missing_lines": [], "excluded_lines": [157, 161, 176, 189, 200, 215, 219, 227, 231, 239, 250, 258, 262, 270, 278, 293, 311, 323], "executed_branches": [], "missing_branches": []}, "ILogger": {"executed_lines": [], "summary": {"covered_lines": 0, "num_statements": 0, "percent_covered": 100.0, "percent_covered_display": "100.0", "missing_lines": 0, "excluded_lines": 7, "num_branches": 0, "num_partial_branches": 0, "covered_branches": 0, "missing_branches": 0}, "missing_lines": [], "excluded_lines": [344, 348, 356, 360, 364, 372, 391], "executed_branches": [], "missing_branches": []}, "IKaggleManager": {"executed_lines": [], "summary": {"covered_lines": 0, "num_statements": 0, "percent_covered": 100.0, "percent_covered_display": "100.0", "missing_lines": 0, "excluded_lines": 2, "num_branches": 0, "num_partial_branches": 0, "covered_branches": 0, "missing_branches": 0}, "missing_lines": [], "excluded_lines": [413, 421], "executed_branches": [], "missing_branches": []}, "": {"executed_lines": [], "summary": {"covered_lines": 0, "num_statements": 57, "percent_covered": 0.0, "percent_covered_display": "0.0", "missing_lines": 57, "excluded_lines": 45, "num_branches": 0, "num_partial_branches": 0, "covered_branches": 0, "missing_branches": 0}, "missing_lines": [28, 29, 30, 32, 33, 44, 45, 59, 83, 99, 112, 120, 121, 128, 129, 137, 138, 149, 150, 152, 159, 167, 178, 191, 206, 217, 225, 229, 237, 241, 256, 260, 264, 272, 284, 295, 317, 326, 327, 337, 346, 350, 358, 362, 366, 374, 394, 395, 403, 415, 429, 430, 432, 433, 435, 436, 442], "excluded_lines": [82, 98, 111, 119, 127, 135, 136, 158, 162, 163, 177, 190, 201, 202, 216, 220, 221, 228, 232, 233, 240, 251, 252, 259, 263, 271, 279, 280, 294, 312, 313, 324, 325, 345, 349, 357, 361, 365, 373, 392, 393, 414, 422, 423, 424], "executed_branches": [], "missing_branches": []}}}, "producthuntdb/io.py": {"executed_lines": [1, 14, 15, 16, 17, 18, 19, 21, 22, 23, 24, 33, 34, 43, 49, 124, 141, 164, 230, 231, 233, 241, 242, 259, 277, 355, 401, 413, 452, 461, 485, 515, 516, 530, 540, 565, 572, 604, 682, 712, 736, 759, 774, 805, 806, 819, 835, 888], "summary": {"covered_lines": 43, "num_statements": 295, "percent_covered": 10.831234256926953, "percent_covered_display": "10.8", "missing_lines": 252, "excluded_lines": 0, "num_branches": 102, "num_partial_branches": 0, "covered_branches": 0, "missing_branches": 102}, "missing_lines": [270, 271, 272, 273, 274, 275, 295, 300, 301, 302, 307, 308, 311, 312, 313, 316, 317, 318, 319, 321, 322, 326, 327, 330, 333, 336, 338, 339, 340, 343, 344, 345, 346, 349, 350, 351, 353, 371, 373, 380, 381, 383, 384, 385, 386, 387, 388, 389, 391, 392, 393, 395, 397, 399, 407, 431, 432, 435, 436, 437, 438, 440, 442, 449, 450, 458, 459, 475, 477, 482, 483, 499, 501, 506, 507, 536, 537, 538, 542, 545, 547, 554, 557, 558, 559, 560, 562, 563, 567, 568, 569, 570, 581, 582, 584, 585, 587, 589, 590, 591, 592, 593, 596, 597, 598, 599, 601, 602, 613, 614, 616, 617, 620, 623, 624, 625, 628, 629, 630, 631, 632, 633, 634, 637, 638, 639, 641, 642, 643, 646, 647, 649, 651, 652, 653, 656, 657, 659, 662, 664, 667, 668, 669, 676, 678, 680, 691, 692, 694, 695, 698, 699, 701, 702, 703, 704, 706, 707, 709, 710, 719, 720, 722, 724, 728, 730, 731, 732, 734, 743, 744, 746, 747, 751, 753, 754, 755, 757, 768, 769, 771, 772, 781, 782, 784, 786, 787, 788, 790, 795, 797, 821, 822, 824, 826, 827, 829, 830, 831, 832, 833, 841, 843, 844, 847, 848, 851, 852, 853, 854, 855, 858, 859, 860, 861, 864, 866, 879, 880, 881, 882, 883, 884, 885, 886, 1065, 1066, 1067, 1069, 1070, 1071, 1074, 1077, 1078, 1081, 1491, 1492, 1493, 1494, 1496, 1498, 1499, 1501, 1502, 1507, 1508, 1510, 1512, 1513, 1515, 1516, 1517], "excluded_lines": [], "executed_branches": [], "missing_branches": [[316, 317], [316, 330], [321, 322], [321, 330], [330, 333], [330, 338], [338, 339], [338, 343], [349, 350], [349, 353], [383, 384], [383, 395], [386, 387], [386, 388], [388, 389], [388, 391], [436, 437], [436, 442], [437, 438], [437, 440], [567, 568], [567, 569], [569, -565], [569, 570], [581, 582], [581, 584], [587, 589], [587, 596], [589, 590], [589, 593], [590, 591], [590, 592], [596, 597], [596, 598], [613, 614], [613, 616], [623, 624], [623, 628], [624, 623], [624, 625], [628, 629], [628, 637], [630, 631], [630, 634], [638, 639], [638, 641], [641, 642], [641, 646], [646, 647], [646, 649], [649, 651], [649, 656], [651, 652], [651, 653], [662, 664], [662, 680], [667, 668], [667, 678], [668, 667], [668, 669], [691, 692], [691, 694], [698, 699], [698, 701], [701, 702], [701, 706], [702, 703], [702, 704], [719, 720], [719, 722], [722, 724], [722, 734], [730, 722], [730, 731], [743, 744], [743, 746], [746, 747], [746, 757], [753, 746], [753, 754], [768, 769], [768, 771], [781, 782], [781, 784], [786, 787], [786, 790], [824, -819], [824, 826], [852, 853], [852, 864], [858, 859], [858, 864], [860, 858], [860, 861], [879, -835], [879, 880], [1065, 1066], [1065, 1069], [1069, 1070], [1069, 1074], [1077, 1078], [1077, 1081]], "functions": {"AsyncGraphQLClient.__init__": {"executed_lines": [], "summary": {"covered_lines": 0, "num_statements": 6, "percent_covered": 0.0, "percent_covered_display": "0.0", "missing_lines": 6, "excluded_lines": 0, "num_branches": 0, "num_partial_branches": 0, "covered_branches": 0, "missing_branches": 0}, "missing_lines": [270, 271, 272, 273, 274, 275], "excluded_lines": [], "executed_branches": [], "missing_branches": []}, "AsyncGraphQLClient._do_http_post": {"executed_lines": [], "summary": {"covered_lines": 0, "num_statements": 31, "percent_covered": 0.0, "percent_covered_display": "0.0", "missing_lines": 31, "excluded_lines": 0, "num_branches": 10, "num_partial_branches": 0, "covered_branches": 0, "missing_branches": 10}, "missing_lines": [295, 300, 301, 302, 307, 308, 311, 312, 313, 316, 317, 318, 319, 321, 322, 326, 327, 330, 333, 336, 338, 339, 340, 343, 344, 345, 346, 349, 350, 351, 353], "excluded_lines": [], "executed_branches": [], "missing_branches": [[316, 317], [316, 330], [321, 322], [321, 330], [330, 333], [330, 338], [338, 339], [338, 343], [349, 350], [349, 353]]}, "AsyncGraphQLClient._post_with_retry": {"executed_lines": [], "summary": {"covered_lines": 0, "num_statements": 4, "percent_covered": 0.0, "percent_covered_display": "0.0", "missing_lines": 4, "excluded_lines": 0, "num_branches": 0, "num_partial_branches": 0, "covered_branches": 0, "missing_branches": 0}, "missing_lines": [371, 373, 380, 399], "excluded_lines": [], "executed_branches": [], "missing_branches": []}, "AsyncGraphQLClient._post_with_retry._runner": {"executed_lines": [], "summary": {"covered_lines": 0, "num_statements": 13, "percent_covered": 0.0, "percent_covered_display": "0.0", "missing_lines": 13, "excluded_lines": 0, "num_branches": 6, "num_partial_branches": 0, "covered_branches": 0, "missing_branches": 6}, "missing_lines": [381, 383, 384, 385, 386, 387, 388, 389, 391, 392, 393, 395, 397], "excluded_lines": [], "executed_branches": [], "missing_branches": [[383, 384], [383, 395], [386, 387], [386, 388], [388, 389], [388, 391]]}, "AsyncGraphQLClient.get_rate_limit_status": {"executed_lines": [], "summary": {"covered_lines": 0, "num_statements": 1, "percent_covered": 0.0, "percent_covered_display": "0.0", "missing_lines": 1, "excluded_lines": 0, "num_branches": 0, "num_partial_branches": 0, "covered_branches": 0, "missing_branches": 0}, "missing_lines": [407], "excluded_lines": [], "executed_branches": [], "missing_branches": []}, "AsyncGraphQLClient.fetch_posts_page": {"executed_lines": [], "summary": {"covered_lines": 0, "num_statements": 10, "percent_covered": 0.0, "percent_covered_display": "0.0", "missing_lines": 10, "excluded_lines": 0, "num_branches": 4, "num_partial_branches": 0, "covered_branches": 0, "missing_branches": 4}, "missing_lines": [431, 432, 435, 436, 437, 438, 440, 442, 449, 450], "excluded_lines": [], "executed_branches": [], "missing_branches": [[436, 437], [436, 442], [437, 438], [437, 440]]}, "AsyncGraphQLClient.fetch_viewer": {"executed_lines": [], "summary": {"covered_lines": 0, "num_statements": 2, "percent_covered": 0.0, "percent_covered_display": "0.0", "missing_lines": 2, "excluded_lines": 0, "num_branches": 0, "num_partial_branches": 0, "covered_branches": 0, "missing_branches": 0}, "missing_lines": [458, 459], "excluded_lines": [], "executed_branches": [], "missing_branches": []}, "AsyncGraphQLClient.fetch_topics_page": {"executed_lines": [], "summary": {"covered_lines": 0, "num_statements": 4, "percent_covered": 0.0, "percent_covered_display": "0.0", "missing_lines": 4, "excluded_lines": 0, "num_branches": 0, "num_partial_branches": 0, "covered_branches": 0, "missing_branches": 0}, "missing_lines": [475, 477, 482, 483], "excluded_lines": [], "executed_branches": [], "missing_branches": []}, "AsyncGraphQLClient.fetch_collections_page": {"executed_lines": [], "summary": {"covered_lines": 0, "num_statements": 4, "percent_covered": 0.0, "percent_covered_display": "0.0", "missing_lines": 4, "excluded_lines": 0, "num_branches": 0, "num_partial_branches": 0, "covered_branches": 0, "missing
[...]
cent_covered": 0.0, "percent_covered_display": "0.0", "missing_lines": 1, "excluded_lines": 0, "num_branches": 0, "num_partial_branches": 0, "covered_branches": 0, "missing_branches": 0}, "missing_lines": [313], "excluded_lines": [], "executed_branches": [], "missing_branches": []}, "shutdown_telemetry": {"executed_lines": [], "summary": {"covered_lines": 0, "num_statements": 4, "percent_covered": 0.0, "percent_covered_display": "0.0", "missing_lines": 4, "excluded_lines": 0, "num_branches": 2, "num_partial_branches": 0, "covered_branches": 0, "missing_branches": 2}, "missing_lines": [338, 339, 340, 341], "excluded_lines": [], "executed_branches": [], "missing_branches": [[338, -316], [338, 339]]}, "create_span_context": {"executed_lines": [], "summary": {"covered_lines": 0, "num_statements": 4, "percent_covered": 0.0, "percent_covered_display": "0.0", "missing_lines": 4, "excluded_lines": 0, "num_branches": 2, "num_partial_branches": 0, "covered_branches": 0, "missing_branches": 2}, "missing_lines": [372, 373, 374, 375], "excluded_lines": [], "executed_branches": [], "missing_branches": [[373, 374], [373, 375]]}, "sync_logging_context_to_span": {"executed_lines": [], "summary": {"covered_lines": 0, "num_statements": 10, "percent_covered": 0.0, "percent_covered_display": "0.0", "missing_lines": 10, "excluded_lines": 0, "num_branches": 8, "num_partial_branches": 0, "covered_branches": 0, "missing_branches": 8}, "missing_lines": [407, 409, 411, 412, 414, 415, 417, 418, 420, 421], "excluded_lines": [], "executed_branches": [], "missing_branches": [[411, 412], [411, 414], [414, 415], [414, 417], [417, 418], [417, 420], [420, -379], [420, 421]]}, "": {"executed_lines": [1, 53, 55, 56, 58], "summary": {"covered_lines": 4, "num_statements": 24, "percent_covered": 16.666666666666668, "percent_covered_display": "16.7", "missing_lines": 20, "excluded_lines": 0, "num_branches": 0, "num_partial_branches": 0, "covered_branches": 0, "missing_branches": 0}, "missing_lines": [59, 60, 61, 62, 63, 64, 66, 67, 71, 72, 75, 157, 190, 227, 265, 290, 316, 344, 379, 425], "excluded_lines": [], "executed_branches": [], "missing_branches": []}}, "classes": {"": {"executed_lines": [1, 53, 55, 56, 58], "summary": {"covered_lines": 4, "num_statements": 77, "percent_covered": 3.883495145631068, "percent_covered_display": "3.9", "missing_lines": 73, "excluded_lines": 0, "num_branches": 26, "num_partial_branches": 0, "covered_branches": 0, "missing_branches": 26}, "missing_lines": [59, 60, 61, 62, 63, 64, 66, 67, 71, 72, 75, 104, 105, 106, 109, 112, 121, 124, 125, 126, 127, 128, 129, 134, 135, 136, 139, 140, 141, 142, 143, 146, 147, 149, 157, 184, 185, 187, 190, 220, 222, 223, 224, 227, 260, 261, 262, 265, 287, 290, 313, 316, 338, 339, 340, 341, 344, 372, 373, 374, 375, 379, 407, 409, 411, 412, 414, 415, 417, 418, 420, 421, 425], "excluded_lines": [], "executed_branches": [], "missing_branches": [[104, 105], [104, 109], [124, 125], [124, 139], [139, 140], [139, 146], [184, 185], [184, 187], [220, -190], [220, 222], [222, 223], [222, 224], [261, -227], [261, 262], [338, -316], [338, 339], [373, 374], [373, 375], [411, 412], [411, 414], [414, 415], [414, 417], [417, 418], [417, 420], [420, -379], [420, 421]]}}}, "producthuntdb/types.py": {"executed_lines": [], "summary": {"covered_lines": 0, "num_statements": 108, "percent_covered": 0.0, "percent_covered_display": "0.0", "missing_lines": 108, "excluded_lines": 0, "num_branches": 0, "num_partial_branches": 0, "covered_branches": 0, "missing_branches": 0}, "missing_lines": [25, 33, 46, 47, 48, 49, 50, 51, 52, 55, 67, 68, 69, 70, 71, 72, 75, 85, 86, 87, 88, 91, 99, 100, 103, 112, 113, 114, 117, 132, 133, 134, 135, 136, 137, 138, 139, 140, 143, 157, 158, 159, 160, 161, 162, 163, 164, 167, 178, 179, 180, 181, 182, 185, 217, 218, 219, 220, 221, 222, 223, 224, 225, 228, 229, 230, 231, 232, 233, 234, 237, 238, 239, 240, 241, 242, 250, 265, 266, 267, 268, 271, 279, 280, 283, 291, 292, 295, 303, 304, 307, 315, 316, 319, 327, 328, 336, 343, 346, 353, 356, 363, 366, 374, 375, 383, 386, 389], "excluded_lines": [], "executed_branches": [], "missing_branches": [], "functions": {"": {"executed_lines": [], "summary": {"covered_lines": 0, "num_statements": 108, "percent_covered": 0.0, "percent_covered_display": "0.0", "missing_lines": 108, "excluded_lines": 0, "num_branches": 0, "num_partial_branches": 0, "covered_branches": 0, "missing_branches": 0}, "missing_lines": [25, 33, 46, 47, 48, 49, 50, 51, 52, 55, 67, 68, 69, 70, 71, 72, 75, 85, 86, 87, 88, 91, 99, 100, 103, 112, 113, 114, 117, 132, 133, 134, 135, 136, 137, 138, 139, 140, 143, 157, 158, 159, 160, 161, 162, 163, 164, 167, 178, 179, 180, 181, 182, 185, 217, 218, 219, 220, 221, 222, 223, 224, 225, 228, 229, 230, 231, 232, 233, 234, 237, 238, 239, 240, 241, 242, 250, 265, 266, 267, 268, 271, 279, 280, 283, 291, 292, 295, 303, 304, 307, 315, 316, 319, 327, 328, 336, 343, 346, 353, 356, 363, 366, 374, 375, 383, 386, 389], "excluded_lines": [], "executed_branches": [], "missing_branches": []}}, "classes": {"UserData": {"executed_lines": [], "summary": {"covered_lines": 0, "num_statements": 0, "percent_covered": 100.0, "percent_covered_display": "100.0", "missing_lines": 0, "excluded_lines": 0, "num_branches": 0, "num_partial_branches": 0, "covered_branches": 0, "missing_branches": 0}, "missing_lines": [], "excluded_lines": [], "executed_branches": [], "missing_branches": []}, "TopicData": {"executed_lines": [], "summary": {"covered_lines": 0, "num_statements": 0, "percent_covered": 100.0, "percent_covered_display": "100.0", "missing_lines": 0, "excluded_lines": 0, "num_branches": 0, "num_partial_branches": 0, "covered_branches": 0, "missing_branches": 0}, "missing_lines": [], "excluded_lines": [], "executed_branches": [], "missing_branches": []}, "MediaData": {"executed_lines": [], "summary": {"covered_lines": 0, "num_statements": 0, "percent_covered": 100.0, "percent_covered_display": "100.0", "missing_lines": 0, "excluded_lines": 0, "num_branches": 0, "num_partial_branches": 0, "covered_branches": 0, "missing_branches": 0}, "missing_lines": [], "excluded_lines": [], "executed_branches": [], "missing_branches": []}, "ProductLinkData": {"executed_lines": [], "summary": {"covered_lines": 0, "num_statements": 0, "percent_covered": 100.0, "percent_covered_display": "100.0", "missing_lines": 0, "excluded_lines": 0, "num_branches": 0, "num_partial_branches": 0, "covered_branches": 0, "missing_branches": 0}, "missing_lines": [], "excluded_lines": [], "executed_branches": [], "missing_branches": []}, "GoalData": {"executed_lines": [], "summary": {"covered_lines": 0, "num_statements": 0, "percent_covered": 100.0, "percent_covered_display": "100.0", "missing_lines": 0, "excluded_lines": 0, "num_branches": 0, "num_partial_branches": 0, "covered_branches": 0, "missing_branches": 0}, "missing_lines": [], "excluded_lines": [], "executed_branches": [], "missing_branches": []}, "CollectionData": {"executed_lines": [], "summary": {"covered_lines": 0, "num_statements": 0, "percent_covered": 100.0, "percent_covered_display": "100.0", "missing_lines": 0, "excluded_lines": 0, "num_branches": 0, "num_partial_branches": 0, "covered_branches": 0, "missing_branches": 0}, "missing_lines": [], "excluded_lines": [], "executed_branches": [], "missing_branches": []}, "CommentData": {"executed_lines": [], "summary": {"covered_lines": 0, "num_statements": 0, "percent_covered": 100.0, "percent_covered_display": "100.0", "missing_lines": 0, "excluded_lines": 0, "num_branches": 0, "num_partial_branches": 0, "covered_branches": 0, "missing_branches": 0}, "missing_lines": [], "excluded_lines": [], "executed_branches": [], "missing_branches": []}, "VoteData": {"executed_lines": [], "summary": {"covered_lines": 0, "num_statements": 0, "percent_covered": 100.0, "percent_covered_display": "100.0", "missing_lines": 0, "excluded_lines": 0, "num_branches": 0, "num_partial_branches": 0, "covered_branches": 0, "missing_branches": 0}, "missing_lines": [], "excluded_lines": [], "executed_branches": [], "missing_branches": []}, "PostData": {"executed_lines": [], "summary": {"covered_lines": 0, "num_statements": 0, "percent_covered": 100.0, "percent_covered_display": "100.0", "missing_lines": 0, "excluded_lines": 0, "num_branches": 0, "num_partial_branches": 0, "covered_branches": 0, "missing_branches": 0}, "missing_lines": [], "excluded_lines": [], "executed_branches": [], "missing_branches": []}, "PageInfo": {"executed_lines": [], "summary": {"covered_lines": 0, "num_statements": 0, "percent_covered": 100.0, "percent_covered_display": "100.0", "missing_lines": 0, "excluded_lines": 0, "num_branches": 0, "num_partial_branches": 0, "covered_branches": 0, "missing_branches": 0}, "missing_lines": [], "excluded_lines": [], "executed_branches": [], "missing_branches": []}, "PostsConnection": {"executed_lines": [], "summary": {"covered_lines": 0, "num_statements": 0, "percent_covered": 100.0, "percent_covered_display": "100.0", "missing_lines": 0, "excluded_lines": 0, "num_branches": 0, "num_partial_branches": 0, "covered_branches": 0, "missing_branches": 0}, "missing_lines": [], "excluded_lines": [], "executed_branches": [], "missing_branches": []}, "TopicsConnection": {"executed_lines": [], "summary": {"covered_lines": 0, "num_statements": 0, "percent_covered": 100.0, "percent_covered_display": "100.0", "missing_lines": 0, "excluded_lines": 0, "num_branches": 0, "num_partial_branches": 0, "covered_branches": 0, "missing_branches": 0}, "missing_lines": [], "excluded_lines": [], "executed_branches": [], "missing_branches": []}, "CollectionsConnection": {"executed_lines": [], "summary": {"covered_lines": 0, "num_statements": 0, "percent_covered": 100.0, "percent_covered_display": "100.0", "missing_lines": 0, "excluded_lines": 0, "num_branches": 0, "num_partial_branches": 0, "covered_branches": 0, "missing_branches": 0}, "missing_lines": [], "excluded_lines": [], "executed_branches": [], "missing_branches": []}, "CommentsConnection": {"executed_lines": [], "summary": {"covered_lines": 0, "num_statements": 0, "percent_covered": 100.0, "percent_covered_display": "100.0", "missing_lines": 0, "excluded_lines": 0, "num_branches": 0, "num_partial_branches": 0, "covered_branches": 0, "missing_branches": 0}, "missing_lines": [], "excluded_lines": [], "executed_branches": [], "missing_branches": []}, "VotesConnection": {"executed_lines": [], "summary": {"covered_lines": 0, "num_statements": 0, "percent_covered": 100.0, "percent_covered_display": "100.0", "missing_lines": 0, "excluded_lines": 0, "num_branches": 0, "num_partial_branches": 0, "covered_branches": 0, "missing_branches": 0}, "missing_lines": [], "excluded_lines": [], "executed_branches": [], "missing_branches": []}, "PostsResponse": {"executed_lines": [], "summary": {"covered_lines": 0, "num_statements": 0, "percent_covered": 100.0, "percent_covered_display": "100.0", "missing_lines": 0, "excluded_lines": 0, "num_branches": 0, "num_partial_branches": 0, "covered_branches": 0, "missing_branches": 0}, "missing_lines": [], "excluded_lines": [], "executed_branches": [], "missing_branches": []}, "TopicsResponse": {"executed_lines": [], "summary": {"covered_lines": 0, "num_statements": 0, "percent_covered": 100.0, "percent_covered_display": "100.0", "missing_lines": 0, "excluded_lines": 0, "num_branches": 0, "num_partial_branches": 0, "covered_branches": 0, "missing_branches": 0}, "missing_lines": [], "excluded_lines": [], "executed_branches": [], "missing_branches": []}, "ViewerResponse": {"executed_lines": [], "summary": {"covered_lines": 0, "num_statements": 0, "percent_covered": 100.0, "percent_covered_display": "100.0", "missing_lines": 0, "excluded_lines": 0, "num_branches": 0, "num_partial_branches": 0, "covered_branches": 0, "missing_branches": 0}, "missing_lines": [], "excluded_lines": [], "executed_branches": [], "missing_branches": []}, "GraphQLResponse": {"executed_lines": [], "summary": {"covered_lines": 0, "num_statements": 0, "percent_covered": 100.0, "percent_covered_display": "100.0", "missing_lines": 0, "excluded_lines": 0, "num_branches": 0, "num_partial_branches": 0, "covered_branches": 0, "missing_branches": 0}, "missing_lines": [], "excluded_lines": [], "executed_branches": [], "missing_branches": []}, "": {"executed_lines": [], "summary": {"covered_lines": 0, "num_statements": 108, "percent_covered": 0.0, "percent_covered_display": "0.0", "missing_lines": 108, "excluded_lines": 0, "num_branches": 0, "num_partial_branches": 0, "covered_branches": 0, "missing_branches": 0}, "missing_lines": [25, 33, 46, 47, 48, 49, 50, 51, 52, 55, 67, 68, 69, 70, 71, 72, 75, 85, 86, 87, 88, 91, 99, 100, 103, 112, 113, 114, 117, 132, 133, 134, 135, 136, 137, 138, 139, 140, 143, 157, 158, 159, 160, 161, 162, 163, 164, 167, 178, 179, 180, 181, 182, 185, 217, 218, 219, 220, 221, 222, 223, 224, 225, 228, 229, 230, 231, 232, 233, 234, 237, 238, 239, 240, 241, 242, 250, 265, 266, 267, 268, 271, 279, 280, 283, 291, 292, 295, 303, 304, 307, 315, 316, 319, 327, 328, 336, 343, 346, 353, 356, 363, 366, 374, 375, 383, 386, 389], "excluded_lines": [], "executed_branches": [], "missing_branches": []}}}, "producthuntdb/utils.py": {"executed_lines": [1, 7, 8, 10, 13, 30, 31, 34, 35, 36, 37, 39, 42, 43, 45, 48, 59, 62, 73, 76, 91, 92, 93, 96, 113, 114, 115, 118, 136, 137, 138, 139, 141, 142, 145, 159, 162, 180, 181, 182, 183, 184, 186, 187, 190, 207, 208, 209, 212, 229, 230, 231, 232, 233], "summary": {"covered_lines": 53, "num_statements": 53, "percent_covered": 100.0, "percent_covered_display": "100.0", "missing_lines": 0, "excluded_lines": 0, "num_branches": 26, "num_partial_branches": 0, "covered_branches": 26, "missing_branches": 0}, "missing_lines": [], "excluded_lines": [], "executed_branches": [[30, 31], [30, 34], [34, 35], [34, 39], [35, 36], [35, 37], [42, 43], [42, 45], [91, 92], [91, 93], [113, 114], [113, 115], [137, 138], [137, 141], [180, 181], [180, 187], [181, 182], [181, 186], [183, 180], [183, 184], [207, 208], [207, 209], [229, 230], [229, 231], [231, 232], [231, 233]], "missing_branches": [], "functions": {"parse_datetime": {"executed_lines": [30, 31, 34, 35, 36, 37, 39, 42, 43, 45], "summary": {"covered_lines": 10, "num_statements": 10, "percent_covered": 100.0, "percent_covered_display": "100.0", "missing_lines": 0, "excluded_lines": 0, "num_branches": 8, "num_partial_branches": 0, "covered_branches": 8, "missing_branches": 0}, "missing_lines": [], "excluded_lines": [], "executed_branches": [[30, 31], [30, 34], [34, 35], [34, 39], [35, 36], [35, 37], [42, 43], [42, 45]], "missing_branches": []}, "utc_now": {"executed_lines": [59], "summary": {"covered_lines": 1, "num_statements": 1, "percent_covered": 100.0, "percent_covered_display": "100.0", "missing_lines": 0, "excluded_lines": 0, "num_branches": 0, "num_partial_branches": 0, "covered_branches": 0, "missing_branches": 0}, "missing_lines": [], "excluded_lines": [], "executed_branches": [], "missing_branches": []}, "utc_now_iso": {"executed_lines": [73], "summary": {"covered_lines": 1, "num_statements": 1, "percent_covered": 100.0, "percent_covered_display": "100.0", "missing_lines": 0, "excluded_lines": 0, "num_branches": 0, "num_partial_branches": 0, "covered_branches": 0, "missing_branches": 0}, "missing_lines": [], "excluded_lines": [], "executed_branches": [], "missing_branches": []}, "format_iso": {"executed_lines": [91, 92, 93], "summary": {"covered_lines": 3, "num_statements": 3, "percent_covered": 100.0, "percent_covered_display": "100.0", "missing_lines": 0, "excluded_lines": 0, "num_branches": 2, "num_partial_branches": 0, "covered_branches": 2, "missing_branches": 0}, "missing_lines": [], "excluded_lines": [], "executed_branches": [[91, 92], [91, 93]], "missing_branches": []}, "redact_token": {"executed_lines": [113, 114, 115], "summary": {"covered_lines": 3, "num_statements": 3, "percent_covered": 100.0, "percent_covered_display": "100.0", "missing_lines": 0, "excluded_lines": 0, "num_branches": 2, "num_partial_branches": 0, "covered_branches": 2, "missing_branches": 0}, "missing_lines": [], "excluded_lines": [], "executed_branches": [[113, 114], [113, 115]], "missing_branches": []}, "build_graphql_query": {"executed_lines": [136, 137, 138, 139, 141, 142], "summary": {"covered_lines": 6, "num_statements": 6, "percent_covered": 100.0, "percent_covered_display": "100.0", "missing_lines": 0, "excluded_lines": 0, "num_branches": 2, "num_partial_branches": 0, "covered_branches": 2, "missing_branches": 0}, "missing_lines": [], "excluded_lines": [], "executed_branches": [[137, 138], [137, 141]], "missing_branches": []}, "chunk_list": {"executed_lines": [159], "summary": {"covered_lines": 1, "num_statements": 1, "percent_covered": 100.0, "percent_covered_display": "100.0", "missing_lines": 0, "excluded_lines": 0, "num_branches": 0, "num_partial_branches": 0, "covered_branches": 0, "missing_branches": 0}, "missing_lines": [], "excluded_lines": [], "executed_branches": [], "missing_branches": []}, "safe_get": {"executed_lines": [180, 181, 182, 183, 184, 186, 187], "summary": {"covered_lines": 7, "num_statements": 7, "percent_covered": 100.0, "percent_covered_display": "100.0", "missing_lines": 0, "excluded_lines": 0, "num_branches": 6, "num_partial_branches": 0, "covered_branches": 6, "missing_branches": 0}, "missing_lines": [], "excluded_lines": [], "executed_branches": [[180, 181], [180, 187], [181, 182], [181, 186], [183, 180], [183, 184]], "missing_branches": []}, "normalize_id": {"executed_lines": [207, 208, 209], "summary": {"covered_lines": 3, "num_statements": 3, "percent_covered": 100.0, "percent_covered_display": "100.0", "missing_lines": 0, "excluded_lines": 0, "num_branches": 2, "num_partial_branches": 0, "covered_branches": 2, "missing_branches": 0}, "missing_lines": [], "excluded_lines": [], "executed_branches": [[207, 208], [207, 209]], "missing_branches": []}, "ensure_list": {"executed_lines": [229, 230, 231, 232, 233], "summary": {"covered_lines": 5, "num_statements": 5, "percent_covered": 100.0, "percent_covered_display": "100.0", "missing_lines": 0, "excluded_lines": 0, "num_branches": 4, "num_partial_branches": 0, "covered_branches": 4, "missing_branches": 0}, "missing_lines": [], "excluded_lines": [], "executed_branches": [[229, 230], [229, 231], [231, 232], [231, 233]], "missing_branches": []}, "": {"executed_lines": [1, 7, 8, 10, 13, 48, 62, 76, 96, 118, 145, 162, 190, 212], "summary": {"covered_lines": 13, "num_statements": 13, "percent_covered": 100.0, "percent_covered_display": "100.0", "missing_lines": 0, "excluded_lines": 0, "num_branches": 0, "num_partial_branches": 0, "covered_branches": 0, "missing_branches": 0}, "missing_lines": [], "excluded_lines": [], "executed_branches": [], "missing_branches": []}}, "classes": {"": {"executed_lines": [1, 7, 8, 10, 13, 30, 31, 34, 35, 36, 37, 39, 42, 43, 45, 48, 59, 62, 73, 76, 91, 92, 93, 96, 113, 114, 115, 118, 136, 137, 138, 139, 141, 142, 145, 159, 162, 180, 181, 182, 183, 184, 186, 187, 190, 207, 208, 209, 212, 229, 230, 231, 232, 233], "summary": {"covered_lines": 53, "num_statements": 53, "percent_covered": 100.0, "percent_covered_display": "100.0", "missing_lines": 0, "excluded_lines": 0, "num_branches": 26, "num_partial_branches": 0, "covered_branches": 26, "missing_branches": 0}, "missing_lines": [], "excluded_lines": [], "executed_branches": [[30, 31], [30, 34], [34, 35], [34, 39], [35, 36], [35, 37], [42, 43], [42, 45], [91, 92], [91, 93], [113, 114], [113, 115], [137, 138], [137, 141], [180, 181], [180, 187], [181, 182], [181, 186], [183, 180], [183, 184], [207, 208], [207, 209], [229, 230], [229, 231], [231, 232], [231, 233]], "missing_branches": []}}}}, "totals": {"covered_lines": 1075, "num_statements": 2337, "percent_covered": 44.01813742588071, "percent_covered_display": "44.0", "missing_lines": 1262, "excluded_lines": 80, "num_branches": 530, "num_partial_branches": 21, "covered_branches": 187, "missing_branches": 343}}