{"meta": {"format": 3, "version": "7.11.0", "timestamp": "2025-10-30T22:40:48.959197", "branch_coverage": true, "show_contexts": false}, "files": {"producthuntdb/__init__.py": {"executed_lines": [1, 19, 20, 21, 35, 37, 39], "summary": {"covered_lines": 6, "num_statements": 6, "percent_covered": 100.0, "percent_covered_display": "100.0", "missing_lines": 0, "excluded_lines": 0, "num_branches": 0, "num_partial_branches": 0, "covered_branches": 0, "missing_branches": 0}, "missing_lines": [], "excluded_lines": [], "executed_branches": [], "missing_branches": [], "functions": {"": {"executed_lines": [1, 19, 20, 21, 35, 37, 39], "summary": {"covered_lines": 6, "num_statements": 6, "percent_covered": 100.0, "percent_covered_display": "100.0", "missing_lines": 0, "excluded_lines": 0, "num_branches": 0, "num_partial_branches": 0, "covered_branches": 0, "missing_branches": 0}, "missing_lines": [], "excluded_lines": [], "executed_branches": [], "missing_branches": []}}, "classes": {"": {"executed_lines": [1, 19, 20, 21, 35, 37, 39], "summary": {"covered_lines": 6, "num_statements": 6, "percent_covered": 100.0, "percent_covered_display": "100.0", "missing_lines": 0, "excluded_lines": 0, "num_branches": 0, "num_partial_branches": 0, "covered_branches": 0, "missing_branches": 0}, "missing_lines": [], "excluded_lines": [], "executed_branches": [], "missing_branches": []}}}, "producthuntdb/api.py": {"executed_lines": [1, 27, 28, 29, 30, 31, 33, 34, 43, 44, 45, 48, 49, 58, 59, 60, 63, 64, 70, 78, 153, 170, 193, 260, 261, 270, 278, 279, 301, 316, 317, 318, 321, 322, 323, 326, 333, 342, 344, 350, 351, 363, 368, 372, 378, 379, 392, 404, 422, 479, 494, 496, 503, 504, 506, 518, 520, 522, 524, 626, 636, 639, 658, 660, 665, 668, 687, 689, 694, 702], "summary": {"covered_lines": 67, "num_statements": 164, "percent_covered": 33.8235294117647, "percent_covered_display": "33.8", "missing_lines": 97, "excluded_lines": 0, "num_branches": 40, "num_partial_branches": 2, "covered_branches": 2, "missing_branches": 38}, "missing_lines": [56, 57, 71, 72, 361, 365, 366, 370, 374, 375, 376, 385, 386, 387, 388, 389, 390, 398, 424, 425, 429, 430, 433, 434, 435, 438, 439, 440, 441, 443, 444, 448, 449, 452, 455, 460, 462, 463, 464, 467, 468, 469, 470, 473, 474, 475, 477, 507, 508, 509, 510, 511, 512, 514, 515, 516, 547, 548, 551, 552, 553, 554, 555, 564, 566, 568, 569, 570, 571, 573, 575, 582, 583, 586, 587, 588, 589, 590, 595, 596, 597, 602, 604, 606, 607, 608, 609, 610, 611, 616, 617, 619, 623, 624, 637, 666, 695], "excluded_lines": [], "executed_branches": [[350, 351], [506, 518]], "missing_branches": [[350, 361], [374, -372], [374, 375], [385, 386], [385, 390], [438, 439], [438, 452], [443, 444], [443, 452], [452, 455], [452, 462], [462, 463], [462, 467], [473, 474], [473, 477], [506, 507], [509, 510], [509, 511], [511, 512], [511, 514], [552, 553], [552, 564], [569, 570], [569, 575], [570, 571], [570, 573], [586, 587], [586, 595], [588, 589], [588, 595], [595, 596], [595, 602], [606, 607], [606, 616], [609, 610], [609, 616], [616, 617], [616, 619]], "functions": {"AsyncGraphQLClient.__init__": {"executed_lines": [316, 317, 318, 321, 322, 323, 326, 333, 342], "summary": {"covered_lines": 9, "num_statements": 9, "percent_covered": 100.0, "percent_covered_display": "100.0", "missing_lines": 0, "excluded_lines": 0, "num_branches": 0, "num_partial_branches": 0, "covered_branches": 0, "missing_branches": 0}, "missing_lines": [], "excluded_lines": [], "executed_branches": [], "missing_branches": []}, "AsyncGraphQLClient._ensure_client": {"executed_lines": [350, 351], "summary": {"covered_lines": 2, "num_statements": 3, "percent_covered": 60.0, "percent_covered_display": "60.0", "missing_lines": 1, "excluded_lines": 0, "num_branches": 2, "num_partial_branches": 1, "covered_branches": 1, "missing_branches": 1}, "missing_lines": [361], "excluded_lines": [], "executed_branches": [[350, 351]], "missing_branches": [[350, 361]]}, "AsyncGraphQLClient.__aenter__": {"executed_lines": [], "summary": {"covered_lines": 0, "num_statements": 2, "percent_covered": 0.0, "percent_covered_display": "0.0", "missing_lines": 2, "excluded_lines": 0, "num_branches": 0, "num_partial_branches": 0, "covered_branches": 0, "missing_branches": 0}, "missing_lines": [365, 366], "excluded_lines": [], "executed_branches": [], "missing_branches": []}, "AsyncGraphQLClient.__aexit__": {"executed_lines": [], "summary": {"covered_lines": 0, "num_statements": 1, "percent_covered": 0.0, "percent_covered_display": "0.0", "missing_lines": 1, "excluded_lines": 0, "num_branches": 0, "num_partial_branches": 0, "covered_branches": 0, "missing_branches": 0}, "missing_lines": [370], "excluded_lines": [], "executed_branches": [], "missing_branches": []}, "AsyncGraphQLClient.close": {"executed_lines": [], "summary": {"covered_lines": 0, "num_statements": 3, "percent_covered": 0.0, "percent_covered_display": "0.0", "missing_lines": 3, "excluded_lines": 0, "num_branches": 2, "num_partial_branches": 0, "covered_branches": 0, "missing_branches": 2}, "missing_lines": [374, 375, 376], "excluded_lines": [], "executed_branches": [], "missing_branches": [[374, -372], [374, 375]]}, "AsyncGraphQLClient.rate_limit_remaining": {"executed_lines": [], "summary": {"covered_lines": 0, "num_statements": 6, "percent_covered": 0.0, "percent_covered_display": "0.0", "missing_lines": 6, "excluded_lines": 0, "num_branches": 2, "num_partial_branches": 0, "covered_branches": 0, "missing_branches": 2}, "missing_lines": [385, 386, 387, 388, 389, 390], "excluded_lines": [], "executed_branches": [], "missing_branches": [[385, 386], [385, 390]]}, "AsyncGraphQLClient.get_rate_limit_status": {"executed_lines": [], "summary": {"covered_lines": 0, "num_statements": 1, "percent_covered": 0.0, "percent_covered_display": "0.0", "missing_lines": 1, "excluded_lines": 0, "num_branches": 0, "num_partial_branches": 0, "covered_branches": 0, "missing_branches": 0}, "missing_lines": [398], "excluded_lines": [], "executed_branches": [], "missing_branches": []}, "AsyncGraphQLClient._do_http_post": {"executed_lines": [422], "summary": {"covered_lines": 1, "num_statements": 30, "percent_covered": 2.5, "percent_covered_display": "2.5", "missing_lines": 29, "excluded_lines": 0, "num_branches": 10, "num_partial_branches": 0, "covered_branches": 0, "missing_branches": 10}, "missing_lines": [424, 425, 429, 430, 433, 434, 435, 438, 439, 440, 441, 443, 444, 448, 449, 452, 455, 460, 462, 463, 464, 467, 468, 469, 470, 473, 474, 475, 477], "excluded_lines": [], "executed_branches": [], "missing_branches": [[438, 439], [438, 452], [443, 444], [443, 452], [452, 455], [452, 462], [462, 463], [462, 467], [473, 474], [473, 477]]}, "AsyncGraphQLClient._post_with_retry": {"executed_lines": [494, 496, 503, 522], "summary": {"covered_lines": 4, "num_statements": 4, "percent_covered": 100.0, "percent_covered_display": "100.0", "missing_lines": 0, "excluded_lines": 0, "num_branches": 0, "num_partial_branches": 0, "covered_branches": 0, "missing_branches": 0}, "missing_lines": [], "excluded_lines": [], "executed_branches": [], "missing_branches": []}, "AsyncGraphQLClient._post_with_retry._runner": {"executed_lines": [504, 506, 518, 520], "summary": {"covered_lines": 4, "num_statements": 13, "percent_covered": 26.31578947368421, "percent_covered_display": "26.3", "missing_lines": 9, "excluded_lines": 0, "num_branches": 6, "num_partial_branches": 1, "covered_branches": 1, "missing_branches": 5}, "missing_lines": [507, 508, 509, 510, 511, 512, 514, 515, 516], "excluded_lines": [], "executed_branches": [[506, 518]], "missing_branches": [[506, 507], [509, 510], [509, 511], [511, 512], [511, 514]]}, "AsyncGraphQLClient.fetch_posts_page": {"executed_lines": [], "summary": {"covered_lines": 0, "num_statements": 38, "percent_covered": 0.0, "percent_covered_display": "0.0", "missing_lines": 38, "excluded_lines": 0, "num_branches": 18, "num_partial_branches": 0, "covered_branches": 0, "missing_branches": 18}, "missing_lines": [547, 548, 551, 552, 553, 554, 555, 564, 566, 568, 569, 570, 571, 573, 575, 582, 583, 586, 587, 588, 589, 590, 595, 596, 597, 602, 604, 606, 607, 608, 609, 610, 611, 616, 617, 619, 623, 624], "excluded_lines": [], "executed_branches": [], "missing_branches": [[552, 553], [552, 564], [569, 570], [569, 575], [570, 571], [570, 573], [586, 587], [586, 595], [588, 589], [588, 595], [595, 596], [595, 602], [606, 607], [606, 616], [609, 610], [609, 616], [616, 617], [616, 619]]}, "AsyncGraphQLClient.fetch_viewer": {"executed_lines": [636], "summary": {"covered_lines": 1, "num_statements": 2, "percent_covered": 50.0, "percent_covered_display": "50.0", "missing_lines": 1, "excluded_lines": 0, "num_branches": 0, "num_partial_branches": 0, "covered_branches": 0, "missing_branches": 0}, "missing_lines": [637], "excluded_lines": [], "executed_branches": [], "missing_branches": []}, "AsyncGraphQLClient.fetch_topics_page": {"executed_lines": [658, 660, 665], "summary": {"covered_lines": 3, "num_statements": 4, "percent_covered": 75.0, "percent_covered_display": "75.0", "missing_lines": 1, "excluded_lines": 0, "num_branches": 0, "num_partial_branches": 0, "covered_branches": 0, "missing_branches": 0}, "missing_lines": [666], "excluded_lines": [], "executed_branches": [], "missing_branches": []}, "AsyncGraphQLClient.fetch_collections_page": {"executed_lines": [687, 689, 694], "summary": {"covered_lines": 3, "num_statements": 4, "percent_covered": 75.0, "percent_covered_display": "75.0", "missing_lines": 1, "excluded_lines": 0, "num_branches": 0, "num_partial_branches": 0, "covered_branches": 0, "missing_branches": 0}, "missing_lines": [695], "excluded_lines": [], "executed_branches": [], "missing_branches": []}, "": {"executed_lines": [1, 27, 28, 29, 30, 31, 33, 34, 43, 44, 45, 48, 49, 58, 59, 60, 63, 64, 70, 78, 153, 170, 193, 260, 261, 270, 278, 279, 301, 344, 363, 368, 372, 378, 379, 392, 404, 479, 524, 626, 639, 668, 702], "summary": {"covered_lines": 40, "num_statements": 44, "percent_covered": 90.9090909090909, "percent_covered_display": "90.9", "missing_lines": 4, "excluded_lines": 0, "num_branches": 0, "num_partial_branches": 0, "covered_branches": 0, "missing_branches": 0}, "missing_lines": [56, 57, 71, 72], "excluded_lines": [], "executed_branches": [], "missing_branches": []}}, "classes": {"TransientGraphQLError": {"executed_lines": [], "summary": {"covered_lines": 0, "num_statements": 0, "percent_covered": 100.0, "percent_covered_display": "100.0", "missing_lines": 0, "excluded_lines": 0, "num_branches": 0, "num_partial_branches": 0, "covered_branches": 0, "missing_branches": 0}, "missing_lines": [], "excluded_lines": [], "executed_branches": [], "missing_branches": []}, "AsyncGraphQLClient": {"executed_lines": [316, 317, 318, 321, 322, 323, 326, 333, 342, 350, 351, 422, 494, 496, 503, 504, 506, 518, 520, 522, 636, 658, 660, 665, 687, 689, 694], "summary": {"covered_lines": 27, "num_statements": 120, "percent_covered": 18.125, "percent_covered_display": "18.1", "missing_lines": 93, "excluded_lines": 0, "num_branches": 40, "num_partial_branches": 2, "covered_branches": 2, "missing_branches": 38}, "missing_lines": [361, 365, 366, 370, 374, 375, 376, 385, 386, 387, 388, 389, 390, 398, 424, 425, 429, 430, 433, 434, 435, 438, 439, 440, 441, 443, 444, 448, 449, 452, 455, 460, 462, 463, 464, 467, 468, 469, 470, 473, 474, 475, 477, 507, 508, 509, 510, 511, 512, 514, 515, 516, 547, 548, 551, 552, 553, 554, 555, 564, 566, 568, 569, 570, 571, 573, 575, 582, 583, 586, 587, 588, 589, 590, 595, 596, 597, 602, 604, 606, 607, 608, 609, 610, 611, 616, 617, 619, 623, 624, 637, 666, 695], "excluded_lines": [], "executed_branches": [[350, 351], [506, 518]], "missing_branches": [[350, 361], [374, -372], [374, 375], [385, 386], [385, 390], [438, 439], [438, 452], [443, 444], [443, 452], [452, 455], [452, 462], [462, 463], [462, 467], [473, 474], [473, 477], [506, 507], [509, 510], [509, 511], [511, 512], [511, 514], [552, 553], [552, 564], [569, 570], [569, 575], [570, 571], [570, 573], [586, 587], [586, 595], [588, 589], [588, 595], [595, 596], [595, 602], [606, 607], [606, 616], [609, 610], [609, 616], [616, 617], [616, 619]]}, "": {"executed_lines": [1, 27, 28, 29, 30, 31, 33, 34, 43, 44, 45, 48, 49, 58, 59, 60, 63, 64, 70, 78, 153, 170, 193, 260, 261, 270, 278, 279, 301, 344, 363, 368, 372, 378, 379, 392, 404, 479, 524, 626, 639, 668, 702], "summary": {"covered_lines": 40, "num_statements": 44, "percent_covered": 90.9090909090909, "percent_covered_display": "90.9", "missing_lines": 4, "excluded_lines": 0, "num_branches": 0, "num_partial_branches": 0, "covered_branches": 0, "missing_branches": 0}, "missing_lines": [56, 57, 71, 72], "excluded_lines": [], "executed_branches": [], "missing_branches": []}}}, "producthuntdb/cli.py": {"executed_lines": [1, 19, 20, 21, 22, 24, 25, 26, 27, 29, 30, 31, 34, 39, 47, 53, 54, 65, 74, 82, 83, 137, 139, 142, 143, 144, 147, 151, 152, 154, 159, 161, 162, 164, 165, 168, 171, 172, 173, 178, 179, 180, 184, 185, 186, 192, 193, 197, 198, 199, 202, 204, 207, 208, 235, 237, 240, 242, 243, 245, 246, 247, 249, 251, 252, 253, 256, 257, 296, 298, 300, 301, 305, 307, 308, 312, 314, 315, 318, 319, 320, 321, 323, 324, 326, 328, 338, 339, 355, 357, 359, 360, 361, 364, 365, 366, 368, 369, 370, 371, 372, 373, 375, 376, 378, 379, 382, 383, 385, 386, 387, 389, 390, 391, 392, 393, 394, 396, 397, 400, 401, 402, 406, 408, 410, 411, 412, 415, 416, 432, 434, 436, 437, 439, 440, 442, 443, 445, 446, 449, 450, 451, 453, 454, 455, 456, 458, 459, 462, 463, 464, 469, 470, 471, 474, 476, 479, 480, 506, 508, 510, 512, 513, 514, 518, 521, 522, 524, 527, 528, 529, 530, 531, 533, 535, 536, 537, 538, 539, 548, 549, 583, 585, 587, 589, 591, 593, 594, 596, 597, 601, 604, 606, 607, 609, 610, 611, 612, 624, 625, 649, 651, 653, 655, 656, 658, 660, 662, 663, 665, 677, 678, 732, 733, 748, 750, 752, 754, 756, 757, 759, 760, 761, 766, 767, 769, 770, 771, 783, 784, 1058, 1063], "summary": {"covered_lines": 231, "num_statements": 405, "percent_covered": 51.08910891089109, "percent_covered_display": "51.1", "missing_lines": 174, "excluded_lines": 0, "num_branches": 100, "num_partial_branches": 9, "covered_branches": 27, "missing_branches": 73}, "missing_lines": [333, 334, 335, 541, 542, 543, 544, 545, 599, 614, 615, 616, 617, 618, 619, 620, 621, 667, 668, 669, 670, 671, 672, 673, 674, 704, 706, 708, 710, 711, 713, 715, 717, 718, 720, 722, 723, 724, 725, 726, 727, 728, 729, 763, 773, 774, 775, 776, 777, 778, 779, 780, 815, 816, 817, 819, 821, 822, 825, 838, 839, 841, 842, 843, 844, 845, 851, 852, 854, 859, 860, 861, 862, 863, 867, 868, 869, 872, 873, 875, 876, 878, 879, 880, 882, 886, 887, 888, 889, 893, 894, 895, 898, 899, 901, 902, 903, 905, 909, 911, 912, 914, 915, 920, 921, 923, 929, 930, 931, 932, 933, 937, 938, 939, 942, 943, 945, 947, 948, 952, 953, 954, 956, 961, 962, 963, 964, 968, 969, 970, 973, 974, 976, 977, 979, 980, 981, 982, 983, 985, 987, 989, 990, 996, 997, 998, 1000, 1005, 1006, 1007, 1008, 1009, 1013, 1014, 1015, 1018, 1020, 1023, 1025, 1031, 1037, 1038, 1040, 1043, 1044, 1045, 1047, 1050, 1051, 1052, 1053, 1055, 1060, 1064], "excluded_lines": [], "executed_branches": [[151, 152], [151, 154], [171, 172], [171, 178], [178, 179], [178, 184], [184, 185], [184, 192], [300, 301], [300, 307], [307, 308], [307, 314], [318, 319], [318, 323], [375, 376], [401, 402], [401, 406], [463, 464], [513, 514], [513, 521], [593, 594], [596, 597], [606, 607], [662, 663], [760, 761], [770, 771], [1063, -1]], "missing_branches": [[375, 378], [463, 474], [593, 596], [596, 599], [606, 609], [616, 617], [616, 618], [662, 665], [669, 670], [669, 671], [717, 718], [717, 720], [724, 725], [724, 726], [760, 763], [770, -732], [775, 776], [775, 777], [821, 822], [821, 825], [838, 839], [838, 841], [843, 844], [843, 854], [851, 852], [851, 872], [860, 861], [860, 872], [868, 869], [868, 872], [872, 873], [872, 875], [886, 887], [886, 898], [894, 895], [894, 898], [898, 899], [898, 901], [914, 915], [914, 923], [920, 921], [920, 942], [930, 931], [930, 942], [938, 939], [938, 942], [942, 943], [942, 945], [947, 948], [947, 956], [953, 954], [953, 973], [961, 962], [961, 973], [969, 970], [969, 973], [973, 974], [973, 976], [989, 990], [989, 1000], [996, 997], [996, 1018], [1006, 1007], [1006, 1018], [1014, 1015], [1014, 1018], [1018, 1020], [1018, 1023], [1050, 1051], [1050, 1052], [1052, 1053], [1052, 1055], [1063, 1064]], "functions": {"setup_logging": {"executed_lines": [53, 54], "summary": {"covered_lines": 2, "num_statements": 2, "percent_covered": 100.0, "percent_covered_display": "100.0", "missing_lines": 0, "excluded_lines": 0, "num_branches": 0, "num_partial_branches": 0, "covered_branches": 0, "missing_branches": 0}, "missing_lines": [], "excluded_lines": [], "executed_branches": [], "missing_branches": []}, "run_async": {"executed_lines": [74], "summary": {"covered_lines": 1, "num_statements": 1, "percent_covered": 100.0, "percent_covered_display": "100.0", "missing_lines": 0, "excluded_lines": 0, "num_branches": 0, "num_partial_branches": 0, "covered_branches": 0, "missing_branches": 0}, "missing_lines": [], "excluded_lines": [], "executed_branches": [], "missing_branches": []}, "sync": {"executed_lines": [137, 139, 142, 143, 144, 147, 151, 152, 154, 159, 161, 204], "summary": {"covered_lines": 12, "num_statements": 12, "percent_covered": 100.0, "percent_covered_display": "100.0", "missing_lines": 0, "excluded_lines": 0, "num_branches": 2, "num_partial_branches": 0, "covered_branches": 2, "missing_branches": 0}, "missing_lines": [], "excluded_lines": [], "executed_branches": [[151, 152], [151, 154]], "missing_branches": []}, "sync._sync": {"executed_lines": [162, 164, 165, 168, 171, 172, 173, 178, 179, 180, 184, 185, 186, 192, 193, 197, 198, 199, 202], "summary": {"covered_lines": 19, "num_statements": 19, "percent_covered": 100.0, "percent_covered_display": "100.0", "missing_lines": 0, "excluded_lines": 0, "num_branches": 6, "num_partial_branches": 0, "covered_branches": 6, "missing_branches": 0}, "missing_lines": [], "excluded_lines": [], "executed_branches": [[171, 172], [171, 178], [178, 179], [178, 184], [184, 185], [184, 192]], "missing_branches": []}, "export": {"executed_lines": [235, 237, 240, 242, 243, 245, 246, 247, 249, 251, 252, 253], "summary": {"covered_lines": 12, "num_statements": 12, "percent_covered": 100.0, "percent_covered_display": "100.0", "missing_lines": 0, "excluded_lines": 0, "num_branches": 0, "num_partial_branches": 0, "covered_branches": 0, "missing_branches": 0}, "missing_lines": [], "excluded_lines": [], "executed_branches": [], "missing_branches": []}, "publish": {"executed_lines": [296, 298, 300, 301, 305, 307, 308, 312, 314, 315, 318, 319, 320, 321, 323, 324, 326, 328], "summary": {"covered_lines": 18, "num_statements": 21, "percent_covered": 88.88888888888889, "percent_covered_display": "88.9", "missing_lines": 3, "excluded_lines": 0, "num_branches": 6, "num_partial_branches": 0, "covered_branches": 6, "missing_branches": 0}, "missing_lines": [333, 334, 335], "excluded_lines": [], "executed_branches": [[300, 301], [300, 307], [307, 308], [307, 314], [318, 319], [318, 323]], "missing_branches": []}, "status": {"executed_lines": [355, 357, 359, 360, 361, 364, 365, 366, 368, 369, 370, 371, 372, 373, 375, 376, 378, 379, 382, 383, 385, 386, 387, 389, 390, 391, 392, 393, 394, 396, 397, 400, 401, 402, 406, 408, 410, 411, 412], "summary": {"covered_lines": 39, "num_statements": 39, "percent_covered": 97.67441860465117, "percent_covered_display": "97.7", "missing_lines": 0, "excluded_lines": 0, "num_branches": 4, "num_partial_branches": 1, "covered_branches": 3, "missing_branches": 1}, "missing_lines": [], "excluded_lines": [], "executed_branches": [[375, 376], [401, 402], [401, 406]], "missing_branches": [[375, 378]]}, "verify": {"executed_lines": [432, 434, 436, 437, 439, 476], "summary": {"covered_lines": 6, "num_statements": 6, "percent_covered": 100.0, "percent_covered_display": "100.0", "missing_lines": 0, "excluded_lines": 0, "num_branches": 0, "num_partial_branches": 0, "covered_branches": 0, "missing_branches": 0}, "missing_lines": [], "excluded_lines": [], "executed_branches": [], "missing_branches": []}, "verify._verify": {"executed_lines": [440, 442, 443, 445, 446, 449, 450, 451, 453, 454, 455, 456, 458, 459, 462, 463, 464, 469, 470, 471, 474], "summary": {"covered_lines": 21, "num_statements": 21, "percent_covered": 95.65217391304348, "percent_covered_display": "95.7", "missing_lines": 0, "excluded_lines": 0, "num_branches": 2, "num_partial_branches": 1, "covered_branches": 1, "missing_branches": 1}, "missing_lines": [], "excluded_lines": [], "executed_branches": [[463, 464]], "missing_branches": [[463, 474]]}, "init": {"executed_lines": [506, 508, 510, 512, 513, 514, 518, 521, 522, 524, 527, 528, 529, 530, 531, 533, 535, 536, 537, 538, 539], "summary": {"covered_lines": 21, "num_statements": 26, "percent_covered": 82.14285714285714, "percent_covered_display": "82.1", "missing_lines": 5, "excluded_lines": 0, "num_branches": 2, "num_partial_branches": 0, "covered_branches": 2, "missing_branches": 0}, "missing_lines": [541, 542, 543, 544, 545], "excluded_lines": [], "executed_branches": [[513, 514], [513, 521]], "missing_branches": []}, "migrate": {"executed_lines": [583, 585, 587, 589, 591, 593, 594, 596, 597, 601, 604, 606, 607, 609, 610, 611, 612], "summary": {"covered_lines": 17, "num_statements": 26, "percent_covered": 58.8235294117647, "percent_covered_display": "58.8", "missing_lines": 9, "excluded_lines": 0, "num_branches": 8, "num_partial_branches": 3, "covered_branches": 3, "missing_branches": 5}, "missing_lines": [599, 614, 615, 616, 617, 618, 619, 620, 621], "excluded_lines": [], "executed_branches": [[593, 594], [596, 597], [606, 607]], "missing_branches": [[593, 596], [596, 599], [606, 609], [616, 617], [616, 618]]}, "upgrade": {"executed_lines": [649, 651, 653, 655, 656, 658, 660, 662, 663, 665], "summary": {"covered_lines": 10, "num_statements": 18, "percent_covered": 50.0, "percent_covered_display": "50.0", "missing_lines": 8, "excluded_lines": 0, "num_branches": 4, "num_partial_branches": 1, "covered_branches": 1, "missing_branches": 3}, "missing_lines": [667, 668, 669, 670, 671, 672, 673, 674], "excluded_lines": [], "executed_branches": [[662, 663]], "missing_branches": [[662, 665], [669, 670], [669, 671]]}, "downgrade": {"executed_lines": [], "summary": {"covered_lines": 0, "num_statements": 18, "percent_covered": 0.0, "percent_covered_display": "0.0", "missing_lines": 18, "excluded_lines": 0, "num_branches": 4, "num_partial_branches": 0, "covered_branches": 0, "missing_branches": 4}, "missing_lines": [704, 706, 708, 710, 711, 713, 715, 717, 718, 720, 722, 723, 724, 725, 726, 727, 728, 729], "excluded_lines": [], "executed_branches": [], "missing_branches": [[717, 718], [717, 720], [724, 725], [724, 726]]}, "migration_history": {"executed_lines": [748, 750, 752, 754, 756, 757, 759, 760, 761, 766, 767, 769, 770, 771], "summary": {"covered_lines": 14, "num_statements": 23, "percent_covered": 55.172413793103445, "percent_covered_display": "55.2", "missing_lines": 9, "excluded_lines": 0, "num_branches": 6, "num_partial_branches": 2, "covered_branches": 2, "missing_branches": 4}, "missing_lines": [763, 773, 774, 775, 776, 777, 778, 779, 780], "excluded_lines": [], "executed_branches": [[760, 761], [770, 771]], "missing_branches": [[760, 763], [770, -732], [775, 776], [775, 777]]}, "health_check": {"executed_lines": [], "summary": {"covered_lines": 0, "num_statements": 116, "percent_covered": 0.0, "percent_covered_display": "0.0", "missing_lines": 116, "excluded_lines": 0, "num_branches": 54, "num_partial_branches": 0, "covered_branches": 0, "missing_branches": 54}, "missing_lines": [815, 816, 817, 819, 821, 822, 825, 838, 839, 841, 842, 843, 844, 845, 851, 852, 854, 859, 860, 861, 862, 863, 867, 868, 869, 872, 873, 875, 876, 878, 879, 880, 882, 886, 887, 888, 889, 893, 894, 895, 898, 899, 901, 902, 903, 905, 909, 911, 912, 914, 915, 920, 921, 923, 929, 930, 931, 932, 933, 937, 938, 939, 942, 943, 945, 947, 948, 952, 953, 954, 956, 961, 962, 963, 964, 968, 969, 970, 973, 974, 976, 977, 979, 985, 987, 989, 990, 996, 997, 998, 1000, 1005, 1006, 1007, 1008, 1009, 1013, 1014, 1015, 1018, 1020, 1023, 1025, 1031, 1037, 1038, 1040, 1043, 1044, 1045, 1047, 1050, 1051, 1052, 1053, 1055], "excluded_lines": [], "executed_branches": [], "missing_branches": [[821, 822], [821, 825], [838, 839], [838, 841], [843, 844], [843, 854], [851, 852], [851, 872], [860, 861], [860, 872], [868, 869], [868, 872], [872, 873], [872, 875], [886, 887], [886, 898], [894, 895], [894, 898], [898, 899], [898, 901], [914, 915], [914, 923], [920, 921], [920, 942], [930, 931], [930, 942], [938, 939], [938, 942], [942, 943], [942, 945], [947, 948], [947, 956], [953, 954], [953, 973], [961, 962], [961, 973], [969, 970], [969, 973], [973, 974], [973, 976], [989, 990], [989, 1000], [996, 997], [996, 1018], [1006, 1007], [1006, 1018], [1014, 1015], [1014, 1018], [1018, 1020], [1018, 1023], [1050, 1051], [1050, 1052], [1052, 1053], [1052, 1055]]}, "health_check.check_api": {"executed_lines": [], "summary": {"covered_lines": 0, "num_statements": 4, "percent_covered": 0.0, "percent_covered_display": "0.0", "missing_lines": 4, "excluded_lines": 0, "num_branches": 0, "num_partial_branches": 0, "covered_branches": 0, "missing_branches": 0}, "missing_lines": [980, 981, 982, 983], "excluded_lines": [], "executed_branches": [], "missing_branches": []}, "main": {"executed_lines": [], "summary": {"covered_lines": 0, "num_statements": 1, "percent_covered": 0.0, "percent_covered_display": "0.0", "missing_lines": 1, "excluded_lines": 0, "num_branches": 0, "num_partial_branches": 0, "covered_branches": 0, "missing_branches": 0}, "missing_lines": [1060], "excluded_lines": [], "executed_branches": [], "missing_branches": []}, "": {"executed_lines": [1, 19, 20, 21, 22, 24, 25, 26, 27, 29, 30, 31, 34, 39, 47, 65, 82, 83, 207, 208, 256, 257, 338, 339, 415, 416, 479, 480, 548, 549, 624, 625, 677, 678, 732, 733, 783, 784, 1058, 1063], "summary": {"covered_lines": 39, "num_statements": 40, "percent_covered": 95.23809523809524, "percent_covered_display": "95.2", "missing_lines": 1, "excluded_lines": 0, "num_branches": 2, "num_partial_branches": 1, "covered_branches": 1, "missing_branches": 1}, "missing_lines": [1064], "excluded_lines": [], "executed_branches": [[1063, -1]], "missing_branches": [[1063, 1064]]}}, "classes": {"": {"executed_lines": [1, 19, 20, 21, 22, 24, 25, 26, 27, 29, 30, 31, 34, 39, 47, 53, 54, 65, 74, 82, 83, 137, 139, 142, 143, 144, 147, 151, 152, 154, 159, 161, 162, 164, 165, 168, 171, 172, 173, 178, 179, 180, 184, 185, 186, 192, 193, 197, 198, 199, 202, 204, 207, 208, 235, 237, 240, 242, 243, 245, 246, 247, 249, 251, 252, 253, 256, 257, 296, 298, 300, 301, 305, 307, 308, 312, 314, 315, 318, 319, 320, 321, 323, 324, 326, 328, 338, 339, 355, 357, 359, 360, 361, 364, 365, 366, 368, 369, 370, 371, 372, 373, 375, 376, 378, 379, 382, 383, 385, 386, 387, 389, 390, 391, 392, 393, 394, 396, 397, 400, 401, 402, 406, 408, 410, 411, 412, 415, 416, 432, 434, 436, 437, 439, 440, 442, 443, 445, 446, 449, 450, 451, 453, 454, 455, 456, 458, 459, 462, 463, 464, 469, 470, 471, 474, 476, 479, 480, 506, 508, 510, 512, 513, 514, 518, 521, 522, 524, 527, 528, 529, 530, 531, 533, 535, 536, 537, 538, 539, 548, 549, 583, 585, 587, 589, 591, 593, 594, 596, 597, 601, 604, 606, 607, 609, 610, 611, 612, 624, 625, 649, 651, 653, 655, 656, 658, 660, 662, 663, 665, 677, 678, 732, 733, 748, 750, 752, 754, 756, 757, 759, 760, 761, 766, 767, 769, 770, 771, 783, 784, 1058, 1063], "summary": {"covered_lines": 231, "num_statements": 405, "percent_covered": 51.08910891089109, "percent_covered_display": "51.1", "missing_lines": 174, "excluded_lines": 0, "num_branches": 100, "num_partial_branches": 9, "covered_branches": 27, "missing_branches": 73}, "missing_lines": [333, 334, 335, 541, 542, 543, 544, 545, 599, 614, 615, 616, 617, 618, 619, 620, 621, 667, 668, 669, 670, 671, 672, 673, 674, 704, 706, 708, 710, 711, 713, 715, 717, 718, 720, 722, 723, 724, 725, 726, 727, 728, 729, 763, 773, 774, 775, 776, 777, 778, 779, 780, 815, 816, 817, 819, 821, 822, 825, 838, 839, 841, 842, 843, 844, 845, 851, 852, 854, 859, 860, 861, 862, 863, 867, 868, 869, 872, 873, 875, 876, 878, 879, 880, 882, 886, 887, 888, 889, 893, 894, 895, 898, 899, 901, 902, 903, 905, 909, 911, 912, 914, 915, 920, 921, 923, 929, 930, 931, 932, 933, 937, 938, 939, 942, 943, 945, 947, 948, 952, 953, 954, 956, 961, 962, 963, 964, 968, 969, 970, 973, 974, 976, 977, 979, 980, 981, 982, 983, 985, 987, 989, 990, 996, 997, 998, 1000, 1005, 1006, 1007, 1008, 1009, 1013, 1014, 1015, 1018, 1020, 1023, 1025, 1031, 1037, 1038, 1040, 1043, 1044, 1045, 1047, 1050, 1051, 1052, 1053, 1055, 1060, 1064], "excluded_lines": [], "executed_branches": [[151, 152], [151, 154], [171, 172], [171, 178], [178, 179], [178, 184], [184, 185], [184, 192], [300, 301], [300, 307], [307, 308], [307, 314], [318, 319], [318, 323], [375, 376], [401, 402], [401, 406], [463, 464], [513, 514], [513, 521], [593, 594], [596, 597], [606, 607], [662, 663], [760, 761], [770, 771], [1063, -1]], "missing_branches": [[375, 378], [463, 474], [593, 596], [596, 599], [606, 609], [616, 617], [616, 618], [662, 665], [669, 670], [669, 671], [717, 718], [717, 720], [724, 725], [724, 726], [760, 763], [770, -732], [775, 776], [775, 777], [821, 822], [821, 825], [838, 839], [838, 841], [843, 844], [843, 854], [851, 852], [851, 872], [860, 861], [860, 872], [868, 869], [868, 872], [872, 873], [872, 875], [886, 887], [886, 898], [894, 895], [894, 898], [898, 899], [898, 901], [914, 915], [914, 923], [920, 921], [920, 942], [930, 931], [930, 942], [938, 939], [938, 942], [942, 943], [942, 945], [947, 948], [947, 956], [953, 954], [953, 973], [961, 962], [961, 973], [969, 970], [969, 973], [973, 974], [973, 976], [989, 990], [989, 1000], [996, 997], [996, 1018], [1006, 1007], [1006, 1018], [1014, 1015], [1014, 1018], [1018, 1020], [1018, 1023], [1050, 1051], [1050, 1052], [1052, 1053], [1052, 1055], [1063, 1064]]}}}, "producthuntdb/config.py": {"executed_lines": [1, 21, 22, 23, 24, 25, 27, 28, 31, 32, 34, 35, 36, 37, 40, 41, 43, 44, 47, 48, 50, 51, 52, 55, 56, 58, 59, 62, 63, 72, 73, 74, 75, 78, 79, 94, 102, 108, 115, 120, 125, 131, 137, 143, 149, 155, 161, 169, 175, 179, 183, 189, 193, 198, 199, 200, 202, 204, 205, 207, 208, 211, 212, 214, 215, 217, 218, 219, 221, 222, 223, 225, 226, 241, 249, 251, 252, 253, 254, 272, 274, 275, 277, 279, 280, 286, 287, 289, 291, 292, 296, 297, 301, 302, 306, 307, 311, 312, 320, 329, 330, 332, 334, 336, 337, 338, 339, 342, 351, 352, 360, 361, 364, 371, 373, 379, 380, 381, 385], "summary": {"covered_lines": 112, "num_statements": 143, "percent_covered": 72.18934911242603, "percent_covered_display": "72.2", "missing_lines": 31, "excluded_lines": 0, "num_branches": 26, "num_partial_branches": 6, "covered_branches": 10, "missing_branches": 16}, "missing_lines": [243, 244, 245, 246, 247, 256, 258, 259, 260, 261, 262, 263, 265, 267, 268, 269, 270, 282, 283, 284, 294, 299, 304, 309, 314, 331, 354, 355, 375, 376, 377], "excluded_lines": [], "executed_branches": [[211, 212], [211, 214], [221, 222], [221, 223], [241, 249], [249, 251], [330, 332], [336, 337], [338, 339], [373, 379]], "missing_branches": [[241, 243], [244, 245], [244, 246], [249, 256], [256, 258], [256, 265], [265, 267], [265, 272], [330, 331], [336, 338], [338, -334], [373, 375], [375, 376], [375, 379], [376, 375], [376, 377]], "functions": {"Settings.expand_data_dir": {"executed_lines": [202, 204, 205], "summary": {"covered_lines": 3, "num_statements": 3, "percent_covered": 100.0, "percent_covered_display": "100.0", "missing_lines": 0, "excluded_lines": 0, "num_branches": 0, "num_partial_branches": 0, "covered_branches": 0, "missing_branches": 0}, "missing_lines": [], "excluded_lines": [], "executed_branches": [], "missing_branches": []}, "Settings.set_database_path_default": {"executed_lines": [211, 212, 214, 215], "summary": {"covered_lines": 4, "num_statements": 4, "percent_covered": 100.0, "percent_covered_display": "100.0", "missing_lines": 0, "excluded_lines": 0, "num_branches": 2, "num_partial_branches": 0, "covered_branches": 2, "missing_branches": 0}, "missing_lines": [], "excluded_lines": [], "executed_branches": [[211, 212], [211, 214]], "missing_branches": []}, "Settings.validate_token": {"executed_lines": [221, 222, 223], "summary": {"covered_lines": 3, "num_statements": 3, "percent_covered": 100.0, "percent_covered_display": "100.0", "missing_lines": 0, "excluded_lines": 0, "num_branches": 2, "num_partial_branches": 0, "covered_branches": 2, "missing_branches": 0}, "missing_lines": [], "excluded_lines": [], "executed_branches": [[221, 222], [221, 223]], "missing_branches": []}, "Settings.apply_environment_profile": {"executed_lines": [241, 249, 251, 252, 253, 254, 272], "summary": {"covered_lines": 7, "num_statements": 24, "percent_covered": 26.470588235294116, "percent_covered_display": "26.5", "missing_lines": 17, "excluded_lines": 0, "num_branches": 10, "num_partial_branches": 2, "covered_branches": 2, "missing_branches": 8}, "missing_lines": [243, 244, 245, 246, 247, 256, 258, 259, 260, 261, 262, 263, 265, 267, 268, 269, 270], "excluded_lines": [], "executed_branches": [[241, 249], [249, 251]], "missing_branches": [[241, 243], [244, 245], [244, 246], [249, 256], [256, 258], [256, 265], [265, 267], [265, 272]]}, "Settings.safety_timedelta": {"executed_lines": [277], "summary": {"covered_lines": 1, "num_statements": 1, "percent_covered": 100.0, "percent_covered_display": "100.0", "missing_lines": 0, "excluded_lines": 0, "num_branches": 0, "num_partial_branches": 0, "covered_branches": 0, "missing_branches": 0}, "missing_lines": [], "excluded_lines": [], "executed_branches": [], "missing_branches": []}, "Settings.export_dir": {"executed_lines": [], "summary": {"covered_lines": 0, "num_statements": 3, "percent_covered": 0.0, "percent_covered_display": "0.0", "missing_lines": 3, "excluded_lines": 0, "num_branches": 0, "num_partial_branches": 0, "covered_branches": 0, "missing_branches": 0}, "missing_lines": [282, 283, 284], "excluded_lines": [], "executed_branches": [], "missing_branches": []}, "Settings.database_url": {"executed_lines": [289], "summary": {"covered_lines": 1, "num_statements": 1, "percent_covered": 100.0, "percent_covered_display": "100.0", "missing_lines": 0, "excluded_lines": 0, "num_branches": 0, "num_partial_branches": 0, "covered_branches": 0, "missing_branches": 0}, "missing_lines": [], "excluded_lines": [], "executed_branches": [], "missing_branches": []}, "Settings.is_production": {"executed_lines": [], "summary": {"covered_lines": 0, "num_statements": 1, "percent_covered": 0.0, "percent_covered_display": "0.0", "missing_lines": 1, "excluded_lines": 0, "num_branches": 0, "num_partial_branches": 0, "covered_branches": 0, "missing_branches": 0}, "missing_lines": [294], "excluded_lines": [], "executed_branches": [], "missing_branches": []}, "Settings.is_development": {"executed_lines": [], "summary": {"covered_lines": 0, "num_statements": 1, "percent_covered": 0.0, "percent_covered_display": "0.0", "missing_lines": 1, "excluded_lines": 0, "num_branches": 0, "num_partial_branches": 0, "covered_branches": 0, "missing_branches": 0}, "missing_lines": [299], "excluded_lines": [], "executed_branches": [], "missing_branches": []}, "Settings.is_testing": {"executed_lines": [], "summary": {"covered_lines": 0, "num_statements": 1, "percent_covered": 0.0, "percent_covered_display": "0.0", "missing_lines": 1, "excluded_lines": 0, "num_branches": 0, "num_partial_branches": 0, "covered_branches": 0, "missing_branches": 0}, "missing_lines": [304], "excluded_lines": [], "executed_branches": [], "missing_branches": []}, "Settings.is_staging": {"executed_lines": [], "summary": {"covered_lines": 0, "num_statements": 1, "percent_covered": 0.0, "percent_covered_display": "0.0", "missing_lines": 1, "excluded_lines": 0, "num_branches": 0, "num_partial_branches": 0, "covered_branches": 0, "missing_branches": 0}, "missing_lines": [309], "excluded_lines": [], "executed_branches": [], "missing_branches": []}, "Settings.has_kaggle_credentials": {"executed_lines": [], "summary": {"covered_lines": 0, "num_statements": 1, "percent_covered": 0.0, "percent_covered_display": "0.0", "missing_lines": 1, "excluded_lines": 0, "num_branches": 0, "num_partial_branches": 0, "covered_branches": 0, "missing_branches": 0}, "missing_lines": [314], "excluded_lines": [], "executed_branches": [], "missing_branches": []}, "Settings.redact_token": {"executed_lines": [329, 330, 332], "summary": {"covered_lines": 3, "num_statements": 4, "percent_covered": 66.66666666666667, "percent_covered_display": "66.7", "missing_lines": 1, "excluded_lines": 0, "num_branches": 2, "num_partial_branches": 1, "covered_branches": 1, "missing_branches": 1}, "missing_lines": [331], "excluded_lines": [], "executed_branches": [[330, 332]], "missing_branches": [[330, 331]]}, "Settings.configure_kaggle_env": {"executed_lines": [336, 337, 338, 339], "summary": {"covered_lines": 4, "num_statements": 4, "percent_covered": 75.0, "percent_covered_display": "75.0", "missing_lines": 0, "excluded_lines": 0, "num_branches": 4, "num_partial_branches": 2, "covered_branches": 2, "missing_branches": 2}, "missing_lines": [], "excluded_lines": [], "executed_branches": [[336, 337], [338, 339]], "missing_branches": [[336, 338], [338, -334]]}, "load_kaggle_secrets": {"executed_lines": [351, 352, 360, 361], "summary": {"covered_lines": 4, "num_statements": 6, "percent_covered": 66.66666666666667, "percent_covered_display": "66.7", "missing_lines": 2, "excluded_lines": 0, "num_branches": 0, "num_partial_branches": 0, "covered_branches": 0, "missing_branches": 0}, "missing_lines": [354, 355], "excluded_lines": [], "executed_branches": [], "missing_branches": []}, "get_settings": {"executed_lines": [371, 373, 379, 380, 381], "summary": {"covered_lines": 5, "num_statements": 8, "percent_covered": 42.857142857142854, "percent_covered_display": "42.9", "missing_lines": 3, "excluded_lines": 0, "num_branches": 6, "num_partial_branches": 1, "covered_branches": 1, "missing_branches": 5}, "missing_lines": [375, 376, 377], "excluded_lines": [], "executed_branches": [[373, 379]], "missing_branches": [[373, 375], [375, 376], [375, 379], [376, 375], [376, 377]]}, "": {"executed_lines": [1, 21, 22, 23, 24, 25, 27, 28, 31, 32, 34, 35, 36, 37, 40, 41, 43, 44, 47, 48, 50, 51, 52, 55, 56, 58, 59, 62, 63, 72, 73, 74, 75, 78, 79, 94, 102, 108, 115, 120, 125, 131, 137, 143, 149, 155, 161, 169, 175, 179, 183, 189, 193, 198, 199, 200, 207, 208, 217, 218, 219, 225, 226, 274, 275, 279, 280, 286, 287, 291, 292, 296, 297, 301, 302, 306, 307, 311, 312, 320, 334, 342, 364, 385], "summary": {"covered_lines": 77, "num_statements": 77, "percent_covered": 100.0, "percent_covered_display": "100.0", "missing_lines": 0, "excluded_lines": 0, "num_branches": 0, "num_partial_branches": 0, "covered_branches": 0, "missing_branches": 0}, "missing_lines": [], "excluded_lines": [], "executed_branches": [], "missing_branches": []}}, "classes": {"PostsOrder": {"executed_lines": [], "summary": {"covered_lines": 0, "num_statements": 0, "percent_covered": 100.0, "percent_covered_display": "100.0", "missing_lines": 0, "excluded_lines": 0, "num_branches": 0, "num_partial_branches": 0, "covered_branches": 0, "missing_branches": 0}, "missing_lines": [], "excluded_lines": [], "executed_branches": [], "missing_branches": []}, "TopicsOrder": {"executed_lines": [], "summary": {"covered_lines": 0, "num_statements": 0, "percent_covered": 100.0, "percent_covered_display": "100.0", "missing_lines": 0, "excluded_lines": 0, "num_branches": 0, "num_partial_branches": 0, "covered_branches": 0, "missing_branches": 0}, "missing_lines": [], "excluded_lines": [], "executed_branches": [], "missing_branches": []}, "CollectionsOrder": {"executed_lines": [], "summary": {"covered_lines": 0, "num_statements": 0, "percent_covered": 100.0, "percent_covered_display": "100.0", "missing_lines": 0, "excluded_lines": 0, "num_branches": 0, "num_partial_branches": 0, "covered_branches": 0, "missing_branches": 0}, "missing_lines": [], "excluded_lines": [], "executed_branches": [], "missing_branches": []}, "CommentsOrder": {"executed_lines": [], "summary": {"covered_lines": 0, "num_statements": 0, "percent_covered": 100.0, "percent_covered_display": "100.0", "missing_lines": 0, "excluded_lines": 0, "num_branches": 0, "num_partial_branches": 0, "covered_branches": 0, "missing_branches": 0}, "missing_lines": [], "excluded_lines": [], "executed_branches": [], "missing_branches": []}, "Environment": {"executed_lines": [], "summary": {"covered_lines": 0, "num_statements": 0, "percent_covered": 100.0, "percent_covered_display": "100.0", "missing_lines": 0, "excluded_lines": 0, "num_branches": 0, "num_partial_branches": 0, "covered_branches": 0, "missing_branches": 0}, "missing_lines": [], "excluded_lines": [], "executed_branches": [], "missing_branches": []}, "Settings": {"executed_lines": [202, 204, 205, 211, 212, 214, 215, 221, 222, 223, 241, 249, 251, 252, 253, 254, 272, 277, 289, 329, 330, 332, 336, 337, 338, 339], "summary": {"covered_lines": 26, "num_statements": 52, "percent_covered": 48.611111111111114, "percent_covered_display": "48.6", "missing_lines": 26, "excluded_lines": 0, "num_branches": 20, "num_partial_branches": 5, "covered_branches": 9, "missing_branches": 11}, "missing_lines": [243, 244, 245, 246, 247, 256, 258, 259, 260, 261, 262, 263, 265, 267, 268, 269, 270, 282, 283, 284, 294, 299, 304, 309, 314, 331], "excluded_lines": [], "executed_branches": [[211, 212], [211, 214], [221, 222], [221, 223], [241, 249], [249, 251], [330, 332], [336, 337], [338, 339]], "missing_branches": [[241, 243], [244, 245], [244, 246], [249, 256], [256, 258], [256, 265], [265, 267], [265, 272], [330, 331], [336, 338], [338, -334]]}, "": {"executed_lines": [1, 21, 22, 23, 24, 25, 27, 28, 31, 32, 34, 35, 36, 37, 40, 41, 43, 44, 47, 48, 50, 51, 52, 55, 56, 58, 59, 62, 63, 72, 73, 74, 75, 78, 79, 94, 102, 108, 115, 120, 125, 131, 137, 143, 149, 155, 161, 169, 175, 179, 183, 189, 193, 198, 199, 200, 207, 208, 217, 218, 219, 225, 226, 274, 275, 279, 280, 286, 287, 291, 292, 296, 297, 301, 302, 306, 307, 311, 312, 320, 334, 342, 351, 352, 360, 361, 364, 371, 373, 379, 380, 381, 385], "summary": {"covered_lines": 86, "num_statements": 91, "percent_covered": 89.69072164948453, "percent_covered_display": "89.7", "missing_lines": 5, "excluded_lines": 0, "num_branches": 6, "num_partial_branches": 1, "covered_branches": 1, "missing_branches": 5}, "missing_lines": [354, 355, 375, 376, 377], "excluded_lines": [], "executed_branches": [[373, 379]], "missing_branches": [[373, 375], [375, 376], [375, 379], [376, 375], [376, 377]]}}}, "producthuntdb/database.py": {"executed_lines": [1, 29, 30, 31, 33, 34, 36, 37, 38, 47, 55, 56, 86, 92, 93, 94, 96, 106, 109, 112, 114, 121, 124, 125, 126, 127, 128, 129, 130, 133, 135, 136, 138, 147, 152, 167, 169, 170, 171, 173, 175, 177, 178, 179, 180, 186, 203, 206, 207, 209, 211, 212, 213, 214, 215, 225, 226, 232, 249, 252, 253, 256, 259, 260, 261, 264, 265, 266, 267, 268, 269, 270, 273, 274, 275, 277, 278, 279, 282, 283, 285, 287, 288, 289, 295, 298, 300, 303, 304, 305, 312, 314, 316, 318, 403, 420, 423, 424, 427, 428, 432, 433, 434, 435, 440, 441, 447, 457, 460, 462, 466, 468, 472, 474, 484, 487, 488, 492, 494, 498, 504, 518, 521, 522, 524, 534, 537, 539, 540, 541, 550, 557], "summary": {"covered_lines": 130, "num_statements": 183, "percent_covered": 65.68265682656826, "percent_covered_display": "65.7", "missing_lines": 53, "excluded_lines": 0, "num_branches": 88, "num_partial_branches": 20, "covered_branches": 48, "missing_branches": 40}, "missing_lines": [148, 204, 218, 219, 222, 223, 250, 292, 293, 344, 345, 347, 350, 351, 353, 354, 357, 358, 359, 361, 363, 364, 365, 366, 371, 372, 374, 376, 378, 379, 380, 381, 384, 385, 386, 389, 392, 393, 395, 397, 421, 437, 438, 458, 469, 470, 485, 495, 496, 519, 535, 543, 548], "excluded_lines": [], "executed_branches": [[147, 152], [169, 170], [169, 171], [177, 178], [177, 179], [179, -175], [179, 180], [203, 206], [209, 211], [211, 212], [211, 215], [212, 213], [212, 214], [249, 252], [259, 260], [259, 264], [260, 259], [260, 261], [264, 265], [266, 267], [274, 275], [277, 278], [282, 283], [282, 285], [285, 287], [287, 288], [287, 289], [298, 300], [303, 304], [303, 314], [304, 305], [420, 423], [427, 428], [427, 432], [432, 433], [433, 434], [433, 435], [457, 460], [460, 462], [460, 472], [468, 460], [484, 487], [487, 488], [487, 498], [494, 487], [518, 521], [534, 537], [539, 540]], "missing_branches": [[147, 148], [203, 204], [209, 218], [218, 219], [218, 222], [249, 250], [264, 273], [266, 270], [274, 277], [277, 282], [285, 292], [298, 316], [304, 303], [344, 345], [344, 347], [350, 351], [350, 397], [361, 363], [361, 389], [364, 365], [364, 371], [365, 364], [365, 366], [371, 372], [371, 374], [376, 378], [376, 384], [379, 380], [379, 381], [392, 393], [392, 395], [420, 421], [432, 437], [457, 458], [468, 469], [484, 485], [494, 495], [518, 519], [534, 535], [539, 543]], "functions": {"DatabaseManager.__init__": {"executed_lines": [92, 93, 94], "summary": {"covered_lines": 3, "num_statements": 3, "percent_covered": 100.0, "percent_covered_display": "100.0", "missing_lines": 0, "excluded_lines": 0, "num_branches": 0, "num_partial_branches": 0, "covered_branches": 0, "missing_branches": 0}, "missing_lines": [], "excluded_lines": [], "executed_branches": [], "missing_branches": []}, "DatabaseManager.initialize": {"executed_lines": [106, 109, 112, 114, 121, 124, 125, 126, 127, 128, 129, 130, 133, 135, 136], "summary": {"covered_lines": 15, "num_statements": 15, "percent_covered": 100.0, "percent_covered_display": "100.0", "missing_lines": 0, "excluded_lines": 0, "num_branches": 0, "num_partial_branches": 0, "covered_branches": 0, "missing_branches": 0}, "missing_lines": [], "excluded_lines": [], "executed_branches": [], "missing_branches": []}, "DatabaseManager.create_indexes": {"executed_lines": [147, 152, 167, 169, 170, 171, 173], "summary": {"covered_lines": 7, "num_statements": 8, "percent_covered": 83.33333333333333, "percent_covered_display": "83.3", "missing_lines": 1, "excluded_lines": 0, "num_branches": 4, "num_partial_branches": 1, "covered_branches": 3, "missing_branches": 1}, "missing_lines": [148], "excluded_lines": [], "executed_branches": [[147, 152], [169, 170], [169, 171]], "missing_branches": [[147, 148]]}, "DatabaseManager.close": {"executed_lines": [177, 178, 179, 180], "summary": {"covered_lines": 4, "num_statements": 4, "percent_covered": 100.0, "percent_covered_display": "100.0", "missing_lines": 0, "excluded_lines": 0, "num_branches": 4, "num_partial_branches": 0, "covered_branches": 4, "missing_branches": 0}, "missing_lines": [], "excluded_lines": [], "executed_branches": [[177, 178], [177, 179], [179, -175], [179, 180]], "missing_branches": []}, "DatabaseManager.upsert_user": {"executed_lines": [203, 206, 207, 209, 211, 212, 213, 214, 215, 225, 226], "summary": {"covered_lines": 11, "num_statements": 16, "percent_covered": 65.38461538461539, "percent_covered_display": "65.4", "missing_lines": 5, "excluded_lines": 0, "num_branches": 10, "num_partial_branches": 2, "covered_branches": 6, "missing_branches": 4}, "missing_lines": [204, 218, 219, 222, 223], "excluded_lines": [], "executed_branches": [[203, 206], [209, 211], [211, 212], [211, 215], [212, 213], [212, 214]], "missing_branches": [[203, 204], [209, 218], [218, 219], [218, 222]]}, "DatabaseManager.upsert_post": {"executed_lines": [249, 252, 253, 256, 259, 260, 261, 264, 265, 266, 267, 268, 269, 270, 273, 274, 275, 277, 278, 279, 282, 283, 285, 287, 288, 289, 295, 298, 300, 303, 304, 305, 312, 314, 316], "summary": {"covered_lines": 35, "num_statements": 38, "percent_covered": 82.8125, "percent_covered_display": "82.8", "missing_lines": 3, "excluded_lines": 0, "num_branches": 26, "num_partial_branches": 8, "covered_branches": 18, "missing_branches": 8}, "missing_lines": [250, 292, 293], "excluded_lines": [], "executed_branches": [[249, 252], [259, 260], [259, 264], [260, 259], [260, 261], [264, 265], [266, 267], [274, 275], [277, 278], [282, 283], [282, 285], [285, 287], [287, 288], [287, 289], [298, 300], [303, 304], [303, 314], [304, 305]], "missing_branches": [[249, 250], [264, 273], [266, 270], [274, 277], [277, 282], [285, 292], [298, 316], [304, 303]]}, "DatabaseManager.upsert_posts_batch": {"executed_lines": [], "summary": {"covered_lines": 0, "num_statements": 31, "percent_covered": 0.0, "percent_covered_display": "0.0", "missing_lines": 31, "excluded_lines": 0, "num_branches": 18, "num_partial_branches": 0, "covered_branches": 0, "missing_branches": 18}, "missing_lines": [344, 345, 347, 350, 351, 353, 354, 357, 358, 359, 361, 363, 364, 365, 366, 371, 372, 374, 376, 378, 379, 380, 381, 384, 385, 386, 389, 392, 393, 395, 397], "excluded_lines": [], "executed_branches": [], "missing_branches": [[344, 345], [344, 347], [350, 351], [350, 397], [361, 363], [361, 389], [364, 365], [364, 371], [365, 364], [365, 366], [371, 372], [371, 374], [376, 378], [376, 384], [379, 380], [379, 381], [392, 393], [392, 395]]}, "DatabaseManager.upsert_topic": {"executed_lines": [420, 423, 424, 427, 428, 432, 433, 434, 435, 440, 441], "summary": {"covered_lines": 11, "num_statements": 14, "percent_covered": 77.27272727272727, "percent_covered_display": "77.3", "missing_lines": 3, "excluded_lines": 0, "num_branches": 8, "num_partial_branches": 2, "covered_branches": 6, "missing_branches": 2}, "missing_lines": [421, 437, 438], "excluded_lines": [], "executed_branches": [[420, 423], [427, 428], [427, 432], [432, 433], [433, 434], [433, 435]], "missing_branches": [[420, 421], [432, 437]]}, "DatabaseManager.link_post_topics": {"executed_lines": [457, 460, 462, 466, 468, 472], "summary": {"covered_lines": 6, "num_statements": 9, "percent_covered": 66.66666666666667, "percent_covered_display": "66.7", "missing_lines": 3, "excluded_lines": 0, "num_branches": 6, "num_partial_branches": 2, "covered_branches": 4, "missing_branches": 2}, "missing_lines": [458, 469, 470], "excluded_lines": [], "executed_branches": [[457, 460], [460, 462], [460, 472], [468, 460]], "missing_branches": [[457, 458], [468, 469]]}, "DatabaseManager.link_post_makers": {"executed_lines": [484, 487, 488, 492, 494, 498], "summary": {"covered_lines": 6, "num_statements": 9, "percent_covered": 66.66666666666667, "percent_covered_display": "66.7", "missing_lines": 3, "excluded_lines": 0, "num_branches": 6, "num_partial_branches": 2, "covered_branches": 4, "missing_branches": 2}, "missing_lines": [485, 495, 496], "excluded_lines": [], "executed_branches": [[484, 487], [487, 488], [487, 498], [494, 487]], "missing_branches": [[484, 485], [494, 495]]}, "DatabaseManager.get_crawl_state": {"executed_lines": [518, 521, 522], "summary": {"covered_lines": 3, "num_statements": 4, "percent_covered": 66.66666666666667, "percent_covered_display": "66.7", "missing_lines": 1, "excluded_lines": 0, "num_branches": 2, "num_partial_branches": 1, "covered_branches": 1, "missing_branches": 1}, "missing_lines": [519], "excluded_lines": [], "executed_branches": [[518, 521]], "missing_branches": [[518, 519]]}, "DatabaseManager.update_crawl_state": {"executed_lines": [534, 537, 539, 540, 541, 550], "summary": {"covered_lines": 6, "num_statements": 9, "percent_covered": 61.53846153846154, "percent_covered_display": "61.5", "missing_lines": 3, "excluded_lines": 0, "num_branches": 4, "num_partial_branches": 2, "covered_branches": 2, "missing_branches": 2}, "missing_lines": [535, 543, 548], "excluded_lines": [], "executed_branches": [[534, 537], [539, 540]], "missing_branches": [[534, 535], [539, 543]]}, "": {"executed_lines": [1, 29, 30, 31, 33, 34, 36, 37, 38, 47, 55, 56, 86, 96, 138, 175, 186, 232, 318, 403, 447, 474, 504, 524, 557], "summary": {"covered_lines": 23, "num_statements": 23, "percent_covered": 100.0, "percent_covered_display": "100.0", "missing_lines": 0, "excluded_lines": 0, "num_branches": 0, "num_partial_branches": 0, "covered_branches": 0, "missing_branches": 0}, "missing_lines": [], "excluded_lines": [], "executed_branches": [], "missing_branches": []}}, "classes": {"DatabaseManager": {"executed_lines": [92, 93, 94, 106, 109, 112, 114, 121, 124, 125, 126, 127, 128, 129, 130, 133, 135, 136, 147, 152, 167, 169, 170, 171, 173, 177, 178, 179, 180, 203, 206, 207, 209, 211, 212, 213, 214, 215, 225, 226, 249, 252, 253, 256, 259, 260, 261, 264, 265, 266, 267, 268, 269, 270, 273, 274, 275, 277, 278, 279, 282, 283, 285, 287, 288, 289, 295, 298, 300, 303, 304, 305, 312, 314, 316, 420, 423, 424, 427, 428, 432, 433, 434, 435, 440, 441, 457, 460, 462, 466, 468, 472, 484, 487, 488, 492, 494, 498, 518, 521, 522, 534, 537, 539, 540, 541, 550], "summary": {"covered_lines": 107, "num_statements": 160, "percent_covered": 62.5, "percent_covered_display": "62.5", "missing_lines": 53, "excluded_lines": 0, "num_branches": 88, "num_partial_branches": 20, "covered_branches": 48, "missing_branches": 40}, "missing_lines": [148, 204, 218, 219, 222, 223, 250, 292, 293, 344, 345, 347, 350, 351, 353, 354, 357, 358, 359, 361, 363, 364, 365, 366, 371, 372, 374, 376, 378, 379, 380, 381, 384, 385, 386, 389, 392, 393, 395, 397, 421, 437, 438, 458, 469, 470, 485, 495, 496, 519, 535, 543, 548], "excluded_lines": [], "executed_branches": [[147, 152], [169, 170], [169, 171], [177, 178], [177, 179], [179, -175], [179, 180], [203, 206], [209, 211], [211, 212], [211, 215], [212, 213], [212, 214], [249, 252], [259, 260], [259, 264], [260, 259], [260, 261], [264, 265], [266, 267], [274, 275], [277, 278], [282, 283], [282, 285], [285, 287], [287, 288], [287, 289], [298, 300], [303, 304], [303, 314], [304, 305], [420, 423], [427, 428], [427, 432], [432, 433], [433, 434], [433, 435], [457, 460], [460, 462], [460, 472], [468, 460], [484, 487], [487, 488], [487, 498], [494, 487], [518, 521], [534, 537], [539, 540]], "missing_branches": [[147, 148], [203, 204], [209, 218], [218, 219], [218, 222], [249, 250], [264, 273], [266, 270], [274, 277], [277, 282], [285, 292], [298, 316], [304, 303], [344, 345], [344, 347], [350, 351], [350, 397], [361, 363], [361, 389], [364, 365], [364, 371], [365, 364], [365, 366], [371, 372], [371, 374], [376, 378], [376, 384], [379, 380], [379, 381], [392, 393], [392, 395], [420, 421], [432, 437], [457, 458], [468, 469], [484, 485], [494, 495], [518, 519], [534, 535], [539, 543]]}, "": {"executed_lines": [1, 29, 30, 31, 33, 34, 36, 37, 38, 47, 55, 56, 86, 96, 138, 175, 186, 232, 318, 403, 447, 474, 504, 524, 557], "summary": {"covered_lines": 23, "num_statements": 23, "percent_covered": 100.0, "percent_covered_display": "100.0", "missing_lines": 0, "excluded_lines": 0, "num_branches": 0, "num_partial_branches": 0, "covered_branches": 0, "missing_branches": 0}, "missing_lines": [], "excluded_lines": [], "executed_branches": [], "missing_branches": []}}}, "producthuntdb/interfaces.py": {"executed_lines": [], "summary": {"covered_lines": 0, "num_statements": 57, "percent_covered": 0.0, "percent_covered_display": "0.0", "missing_lines": 57, "excluded_lines": 78, "num_branches": 0, "num_partial_branches": 0, "covered_branches": 0, "missing_branches": 0}, "missing_lines": [30, 31, 32, 34, 35, 46, 47, 61, 85, 101, 114, 122, 123, 130, 131, 139, 140, 151, 152, 154, 161, 169, 180, 193, 208, 219, 227, 231, 239, 243, 258, 262, 266, 274, 286, 297, 319, 328, 329, 339, 348, 352, 360, 364, 368, 376, 396, 397, 405, 417, 431, 432, 434, 435, 437, 438, 444], "excluded_lines": [83, 84, 99, 100, 112, 113, 120, 121, 128, 129, 136, 137, 138, 159, 160, 163, 164, 165, 178, 179, 191, 192, 202, 203, 204, 217, 218, 221, 222, 223, 229, 230, 233, 234, 235, 241, 242, 252, 253, 254, 260, 261, 264, 265, 272, 273, 280, 281, 282, 295, 296, 313, 314, 315, 325, 326, 327, 346, 347, 350, 351, 358, 359, 362, 363, 366, 367, 374, 375, 393, 394, 395, 415, 416, 423, 424, 425, 426], "executed_branches": [], "missing_branches": [], "functions": {"IGraphQLClient.fetch_posts_page": {"executed_lines": [], "summary": {"covered_lines": 0, "num_statements": 0, "percent_covered": 100.0, "percent_covered_display": "100.0", "missing_lines": 0, "excluded_lines": 1, "num_branches": 0, "num_partial_branches": 0, "covered_branches": 0, "missing_branches": 0}, "missing_lines": [], "excluded_lines": [83], "executed_branches": [], "missing_branches": []}, "IGraphQLClient.fetch_topics_page": {"executed_lines": [], "summary": {"covered_lines": 0, "num_statements": 0, "percent_covered": 100.0, "percent_covered_display": "100.0", "missing_lines": 0, "excluded_lines": 1, "num_branches": 0, "num_partial_branches": 0, "covered_branches": 0, "missing_branches": 0}, "missing_lines": [], "excluded_lines": [99], "executed_branches": [], "missing_branches": []}, "IGraphQLClient.fetch_viewer": {"executed_lines": [], "summary": {"covered_lines": 0, "num_statements": 0, "percent_covered": 100.0, "percent_covered_display": "100.0", "missing_lines": 0, "excluded_lines": 1, "num_branches": 0, "num_partial_branches": 0, "covered_branches": 0, "missing_branches": 0}, "missing_lines": [], "excluded_lines": [112], "executed_branches": [], "missing_branches": []}, "IGraphQLClient.close": {"executed_lines": [], "summary": {"covered_lines": 0, "num_statements": 0, "percent_covered": 100.0, "percent_covered_display": "100.0", "missing_lines": 0, "excluded_lines": 1, "num_branches": 0, "num_partial_branches": 0, "covered_branches": 0, "missing_branches": 0}, "missing_lines": [], "excluded_lines": [120], "executed_branches": [], "missing_branches": []}, "IGraphQLClient.rate_limit_remaining": {"executed_lines": [], "summary": {"covered_lines": 0, "num_statements": 0, "percent_covered": 100.0, "percent_covered_display": "100.0", "missing_lines": 0, "excluded_lines": 1, "num_branches": 0, "num_partial_branches": 0, "covered_branches": 0, "missing_branches": 0}, "missing_lines": [], "excluded_lines": [128], "executed_branches": [], "missing_branches": []}, "IGraphQLClient.rate_limit_reset": {"executed_lines": [], "summary": {"covered_lines": 0, "num_statements": 0, "percent_covered": 100.0, "percent_covered_display": "100.0", "missing_lines": 0, "excluded_lines": 1, "num_branches": 0, "num_partial_branches": 0, "covered_branches": 0, "missing_branches": 0}, "missing_lines": [], "excluded_lines": [136], "executed_branches": [], "missing_branches": []}, "IDatabaseManager.initialize": {"executed_lines": [], "summary": {"covered_lines": 0, "num_statements": 0, "percent_covered": 100.0, "percent_covered_display": "100.0", "missing_lines": 0, "excluded_lines": 1, "num_branches": 0, "num_partial_branches": 0, "covered_branches": 0, "missing_branches": 0}, "missing_lines": [], "excluded_lines": [159], "executed_branches": [], "missing_branches": []}, "IDatabaseManager.close": {"executed_lines": [], "summary": {"covered_lines": 0, "num_statements": 0, "percent_covered": 100.0, "percent_covered_display": "100.0", "missing_lines": 0, "excluded_lines": 1, "num_branches": 0, "num_partial_branches": 0, "covered_branches": 0, "missing_branches": 0}, "missing_lines": [], "excluded_lines": [163], "executed_branches": [], "missing_branches": []}, "IDatabaseManager.upsert_post": {"executed_lines": [], "summary": {"covered_lines": 0, "num_statements": 0, "percent_covered": 100.0, "percent_covered_display": "100.0", "missing_lines": 0, "excluded_lines": 1, "num_branches": 0, "num_partial_branches": 0, "covered_branches": 0, "missing_branches": 0}, "missing_lines": [], "excluded_lines": [178], "executed_branches": [], "missing_branches": []}, "IDatabaseManager.upsert_posts_batch": {"executed_lines": [], "summary": {"covered_lines": 0, "num_statements": 0, "percent_covered": 100.0, "percent_covered_display": "100.0", "missing_lines": 0, "excluded_lines": 1, "num_branches": 0, "num_partial_branches": 0, "covered_branches": 0, "missing_branches": 0}, "missing_lines": [], "excluded_lines": [191], "executed_branches": [], "missing_branches": []}, "IDatabaseManager.get_post": {"executed_lines": [], "summary": {"covered_lines": 0, "num_statements": 0, "percent_covered": 100.0, "percent_covered_display": "100.0", "missing_lines": 0, "excluded_lines": 1, "num_branches": 0, "num_partial_branches": 0, "covered_branches": 0, "missing_branches": 0}, "missing_lines": [], "excluded_lines": [202], "executed_branches": [], "missing_branches": []}, "IDatabaseManager.upsert_user": {"executed_lines": [], "summary": {"covered_lines": 0, "num_statements": 0, "percent_covered": 100.0, "percent_covered_display": "100.0", "missing_lines": 0, "excluded_lines": 1, "num_branches": 0, "num_partial_branches": 0, "covered_branches": 0, "missing_branches": 0}, "missing_lines": [], "excluded_lines": [217], "executed_branches": [], "missing_branches": []}, "IDatabaseManager.get_user": {"executed_lines": [], "summary": {"covered_lines": 0, "num_statements": 0, "percent_covered": 100.0, "percent_covered_display": "100.0", "missing_lines": 0, "excluded_lines": 1, "num_branches": 0, "num_partial_branches": 0, "covered_branches": 0, "missing_branches": 0}, "missing_lines": [], "excluded_lines": [221], "executed_branches": [], "missing_branches": []}, "IDatabaseManager.upsert_topic": {"executed_lines": [], "summary": {"covered_lines": 0, "num_statements": 0, "percent_covered": 100.0, "percent_covered_display": "100.0", "missing_lines": 0, "excluded_lines": 1, "num_branches": 0, "num_partial_branches": 0, "covered_branches": 0, "missing_branches": 0}, "missing_lines": [], "excluded_lines": [229], "executed_branches": [], "missing_branches": []}, "IDatabaseManager.get_topic": {"executed_lines": [], "summary": {"covered_lines": 0, "num_statements": 0, "percent_covered": 100.0, "percent_covered_display": "100.0", "missing_lines": 0, "excluded_lines": 1, "num_branches": 0, "num_partial_branches": 0, "covered_branches": 0, "missing_branches": 0}, "missing_lines": [], "excluded_lines": [233], "executed_branches": [], "missing_branches": []}, "IDatabaseManager.upsert_media": {"executed_lines": [], "summary": {"covered_lines": 0, "num_statements": 0, "percent_covered": 100.0, "percent_covered_display": "100.0", "missing_lines": 0, "excluded_lines": 1, "num_branches": 0, "num_partial_branches": 0, "covered_branches": 0, "missing_branches": 0}, "missing_lines": [], "excluded_lines": [241], "executed_branches": [], "missing_branches": []}, "IDatabaseManager.delete_media_for_post": {"executed_lines": [], "summary": {"covered_lines": 0, "num_statements": 0, "percent_covered": 100.0, "percent_covered_display": "100.0", "missing_lines": 0, "excluded_lines": 1, "num_branches": 0, "num_partial_branches": 0, "covered_branches": 0, "missing_branches": 0}, "missing_lines": [], "excluded_lines": [252], "executed_branches": [], "missing_branches": []}, "IDatabaseManager.upsert_post_topic_link": {"executed_lines": [], "summary": {"covered_lines": 0, "num_statements": 0, "percent_covered": 100.0, "percent_covered_display": "100.0", "missing_lines": 0, "excluded_lines": 1, "num_branches": 0, "num_partial_branches": 0, "covered_branches": 0, "missing_branches": 0}, "missing_lines": [], "excluded_lines": [260], "executed_branches": [], "missing_branches": []}, "IDatabaseManager.upsert_maker_post_link": {"executed_lines": [], "summary": {"covered_lines": 0, "num_statements": 0, "percent_covered": 100.0, "percent_covered_display": "100.0", "missing_lines": 0, "excluded_lines": 1, "num_branches": 0, "num_partial_branches": 0, "covered_branches": 0, "missing_branches": 0}, "missing_lines": [], "excluded_lines": [264], "executed_branches": [], "missing_branches": []}, "IDatabaseManager.delete_post_topic_links": {"executed_lines": [], "summary": {"covered_lines": 0, "num_statements": 0, "percent_covered": 100.0, "percent_covered_display": "100.0", "missing_lines": 0, "excluded_lines": 1, "num_branches": 0, "num_partial_branches": 0, "covered_branches": 0, "missing_branches": 0}, "missing_lines": [], "excluded_lines": [272], "executed_branches": [], "missing_branches": []}, "IDatabaseManager.delete_maker_post_links": {"executed_lines": [], "summary": {"covered_lines": 0, "num_statements": 0, "percent_covered": 100.0, "percent_covered_display": "100.0", "missing_lines": 0, "excluded_lines": 1, "num_branches": 0, "num_partial_branches": 0, "covered_branches": 0, "missing_branches": 0}, "missing_lines": [], "excluded_lines": [280], "executed_branches": [], "missing_branches": []}, "IDatabaseManager.get_crawl_state": {"executed_lines": [], "summary": {"covered_lines": 0, "num_statements": 0, "percent_covered": 100.0, "percent_covered_display": "100.0", "missing_lines": 0, "excluded_lines": 1, "num_branches": 0, "num_partial_branches": 0, "covered_branches": 0, "missing_branches": 0}, "missing_lines": [], "excluded_lines": [295], "executed_branches": [], "missing_branches": []}, "IDatabaseManager.upsert_crawl_state": {"executed_lines": [], "summary": {"covered_lines": 0, "num_statements": 0, "percent_covered": 100.0, "percent_covered_display": "100.0", "missing_lines": 0, "excluded_lines": 1, "num_branches": 0, "num_partial_branches": 0, "covered_branches": 0, "missing_branches": 0}, "missing_lines": [], "excluded_lines": [313], "executed_branches": [], "missing_branches": []}, "IDatabaseManager.get_entity_counts": {"executed_lines": [], "summary": {"covered_lines": 0, "num_statements": 0, "percent_covered": 100.0, "percent_covered_display": "100.0", "missing_lines": 0, "excluded_lines": 1, "num_branches": 0, "num_partial_branches": 0, "covered_branches": 0, "missing_branches": 0}, "missing_lines": [], "excluded_lines": [325], "executed_branches": [], "missing_branches": []}, "ILogger.debug": {"executed_lines": [], "summary": {"covered_lines": 0, "num_statements": 0, "percent_covered": 100.0, "percent_covered_display": "100.0", "missing_lines": 0, "excluded_lines": 1, "num_branches": 0, "num_partial_branches": 0, "covered_branches": 0, "missing_branches": 0}, "missing_lines": [], "excluded_lines": [346], "executed_branches": [], "missing_branches": []}, "ILogger.info": {"executed_lines": [], "summary": {"covered_lines": 0, "num_statements": 0, "percent_covered": 100.0, "percent_covered_display": "100.0", "missing_lines": 0, "excluded_lines": 1, "num_branches": 0, "num_partial_branches": 0, "covered_branches": 0, "missing_branches": 0}, "missing_lines": [], "excluded_lines": [350], "executed_branches": [], "missing_branches": []}, "ILogger.success": {"executed_lines": [], "summary": {"covered_lines": 0, "num_statements": 0, "percent_covered": 100.0, "percent_covered_display": "100.0", "missing_lines": 0, "excluded_lines": 1, "num_branches": 0, "num_partial_branches": 0, "covered_branches": 0, "missing_branches": 0}, "missing_lines": [], "excluded_lines": [358], "executed_branches": [], "missing_branches": []}, "ILogger.warning": {"executed_lines": [], "summary": {"covered_lines": 0, "num_statements": 0, "percent_covered": 100.0, "percent_covered_display": "100.0", "missing_lines": 0, "excluded_lines": 1, "num_branches": 0, "num_partial_branches": 0, "covered_branches": 0, "missing_branches": 0}, "missing_lines": [], "excluded_lines": [362], "executed_branches": [], "missing_branches": []}, "ILogger.error": {"executed_lines": [], "summary": {"covered_lines": 0, "num_statements": 0, "percent_covered": 100.0, "percent_covered_display": "100.0", "missing_lines": 0, "excluded_lines": 1, "num_branches": 0, "num_partial_branches": 0, "covered_branches": 0, "missing_branches": 0}, "missing_lines": [], "excluded_lines": [366], "executed_branches": [], "missing_branches": []}, "ILogger.exception": {"executed_lines": [], "summary": {"covered_lines": 0, "num_statements": 0, "percent_covered": 100.0, "percent_covered_display": "100.0", "missing_lines": 0, "excluded_lines": 1, "num_branches": 0, "num_partial_branches": 0, "covered_branches": 0, "missing_branches": 0}, "missing_lines": [], "excluded_lines": [374], "executed_branches": [], "missing_branches": []}, "ILogger.bind": {"executed_lines": [], "summary": {"covered_lines": 0, "num_statements": 0, "percent_covered": 100.0, "percent_covered_display": "100.0", "missing_lines": 0, "excluded_lines": 1, "num_branches": 0, "num_partial_branches": 0, "covered_branches": 0, "missing_branches": 0}, "missing_lines": [], "excluded_lines": [393], "executed_branches": [], "missing_branches": []}, "IKaggleManager.publish_dataset": {"executed_lines": [], "summary": {"covered_lines": 0, "num_statements": 0, "percent_covered": 100.0, "percent_covered_display": "100.0", "missing_lines": 0, "excluded_lines": 1, "num_branches": 0, "num_partial_branches": 0, "covered_branches": 0, "missing_branches": 0}, "missing_lines": [], "excluded_lines": [415], "executed_branches": [], "missing_branches": []}, "IKaggleManager.has_credentials": {"executed_lines": [], "summary": {"covered_lines": 0, "num_statements": 0, "percent_covered": 100.0, "percent_covered_display": "100.0", "missing_lines": 0, "excluded_lines": 1, "num_branches": 0, "num_partial_branches": 0, "covered_branches": 0, "missing_branches": 0}, "missing_lines": [], "excluded_lines": [423], "executed_branches": [], "missing_branches": []}, "": {"executed_lines": [], "summary": {"covered_lines": 0, "num_statements": 57, "percent_covered": 0.0, "percent_covered_display": "0.0", "missing_lines": 57, "excluded_lines": 45, "num_branches": 0, "num_partial_branches": 0, "covered_branches": 0, "missing_branches": 0}, "missing_lines": [30, 31, 32, 34, 35, 46, 47, 61, 85, 101, 114, 122, 123, 130, 131, 139, 140, 151, 152, 154, 161, 169, 180, 193, 208, 219, 227, 231, 239, 243, 258, 262, 266, 274, 286, 297, 319, 328, 329, 339, 348, 352, 360, 364, 368, 376, 396, 397, 405, 417, 431, 432, 434, 435, 437, 438, 444], "excluded_lines": [84, 100, 113, 121, 129, 137, 138, 160, 164, 165, 179, 192, 203, 204, 218, 222, 223, 230, 234, 235, 242, 253, 254, 261, 265, 273, 281, 282, 296, 314, 315, 326, 327, 347, 351, 359, 363, 367, 375, 394, 395, 416, 424, 425, 426], "executed_branches": [], "missing_branches": []}}, "classes": {"IGraphQLClient": {"executed_lines": [], "summary": {"covered_lines": 0, "num_statements": 0, "percent_covered": 100.0, "percent_covered_display": "100.0", "missing_lines": 0, "excluded_lines": 6, "num_branches": 0, "num_partial_branches": 0, "covered_branches": 0, "missing_branches": 0}, "missing_lines": [], "excluded_lines": [83, 99, 112, 120, 128, 136], "executed_branches": [], "missing_branches": []}, "IDatabaseManager": {"executed_lines": [], "summary": {"covered_lines": 0, "num_statements": 0, "percent_covered": 100.0, "percent_covered_display": "100.0", "missing_lines": 0, "excluded_lines": 18, "num_branches": 0, "num_partial_branches": 0, "covered_branches": 0, "missing_branches": 0}, "missing_lines": [], "excluded_lines": [159, 163, 178, 191, 202, 217, 221, 229, 233, 241, 252, 260, 264, 272, 280, 295, 313, 325], "executed_branches": [], "missing_branches": []}, "ILogger": {"executed_lines": [], "summary": {"covered_lines": 0, "num_statements": 0, "percent_covered": 100.0, "percent_covered_display": "100.0", "missing_lines": 0, "excluded_lines": 7, "num_branches": 0, "num_partial_branches": 0, "covered_branches": 0, "missing_branches": 0}, "missing_lines": [], "excluded_lines": [346, 350, 358, 362, 366, 374, 393], "executed_branches": [], "missing_branches": []}, "IKaggleManager": {"executed_lines": [], "summary": {"covered_lines": 0, "num_statements": 0, "percent_covered": 100.0, "percent_covered_display": "100.0", "missing_lines": 0, "excluded_lines": 2, "num_branches": 0, "num_partial_branches": 0, "covered_branches": 0, "missing_branches": 0}, "missing_lines": [], "excluded_lines": [415, 423], "executed_branches": [], "missing_branches": []}, "": {"executed_lines": [], "summary": {"covered_lines": 0, "num_statements": 57, "percent_covered": 0.0, "percent_covered_display": "0.0", "missing_lines": 57, "excluded_lines": 45, "num_branches": 0, "num_partial_branches": 0, "covered_branches": 0, "missing_branches": 0}, "missing_lines": [30, 31, 32, 34, 35, 46, 47, 61, 85, 101, 114, 122, 123, 130, 131, 139, 140, 151, 152, 154, 161, 169, 180, 193, 208, 219, 227, 231, 239, 243, 258, 262, 266, 274, 286, 297, 319, 328, 329, 339, 348, 352, 360, 364, 368, 376, 396, 397, 405, 417, 431, 432, 434, 435, 437, 438, 444], "excluded_lines": [84, 100, 113, 121, 129, 137, 138, 160, 164, 165, 179, 192, 203, 204, 218, 222, 223, 230, 234, 235, 242, 253, 254, 261, 265, 273, 281, 282, 296, 314, 315, 326, 327, 347, 351, 359, 363, 367, 375, 394, 395, 416, 424, 425, 426], "executed_branches": [], "missing_branches": []}}}, "producthuntdb/io.py": {"executed_lines": [1, 14, 15, 16, 17, 18, 19, 21, 22, 23, 24, 33, 34, 43, 49, 124, 141, 164, 230, 231, 233, 241, 242, 259, 270, 271, 272, 273, 274, 275, 277, 295, 300, 301, 302, 307, 308, 311, 312, 313, 316, 317, 318, 319, 321, 322, 330, 333, 336, 338, 343, 344, 349, 350, 351, 353, 355, 401, 407, 413, 431, 432, 435, 436, 437, 438, 442, 449, 450, 452, 458, 459, 461, 485, 515, 516, 530, 536, 537, 538, 540, 542, 545, 547, 554, 557, 558, 559, 560, 562, 563, 565, 567, 568, 569, 570, 572, 581, 584, 585, 587, 589, 590, 591, 592, 593, 596, 597, 598, 599, 601, 602, 604, 613, 616, 617, 620, 623, 624, 625, 628, 629, 630, 631, 632, 633, 634, 637, 638, 639, 641, 642, 643, 646, 647, 649, 651, 652, 653, 656, 657, 659, 662, 664, 667, 668, 669, 676, 678, 680, 682, 691, 694, 695, 698, 699, 701, 702, 703, 704, 706, 707, 709, 710, 712, 719, 722, 724, 728, 730, 731, 732, 734, 736, 743, 746, 747, 751, 753, 754, 755, 757, 759, 768, 771, 772, 774, 781, 784, 786, 787, 788, 790, 795, 797, 805, 806, 819, 821, 822, 824, 826, 827, 829, 830, 835, 841, 843, 844, 847, 848, 851, 852, 853, 854, 855, 858, 859, 860, 864, 866, 879, 880, 881, 882, 883, 884, 888, 1065, 1066, 1067, 1069, 1074, 1077, 1081, 1491, 1492, 1493, 1494, 1496, 1498, 1499, 1508, 1510, 1512, 1513], "summary": {"covered_lines": 241, "num_statements": 295, "percent_covered": 80.10075566750629, "percent_covered_display": "80.1", "missing_lines": 54, "excluded_lines": 0, "num_branches": 102, "num_partial_branches": 19, "covered_branches": 77, "missing_branches": 25}, "missing_lines": [326, 327, 339, 340, 345, 346, 371, 373, 380, 381, 383, 384, 385, 386, 387, 388, 389, 391, 392, 393, 395, 397, 399, 440, 475, 477, 482, 483, 499, 501, 506, 507, 582, 614, 692, 720, 744, 769, 782, 831, 832, 833, 861, 885, 886, 1070, 1071, 1078, 1501, 1502, 1507, 1515, 1516, 1517], "excluded_lines": [], "executed_branches": [[316, 317], [316, 330], [321, 322], [321, 330], [330, 333], [330, 338], [338, 343], [349, 350], [349, 353], [436, 437], [436, 442], [437, 438], [567, 568], [569, 570], [581, 584], [587, 589], [587, 596], [589, 590], [589, 593], [590, 591], [590, 592], [596, 597], [596, 598], [613, 616], [623, 624], [623, 628], [624, 623], [624, 625], [628, 629], [628, 637], [630, 631], [638, 639], [638, 641], [641, 642], [641, 646], [646, 647], [646, 649], [649, 651], [649, 656], [651, 652], [651, 653], [662, 664], [662, 680], [667, 668], [667, 678], [668, 669], [691, 694], [698, 699], [698, 701], [701, 702], [701, 706], [702, 703], [702, 704], [719, 722], [722, 724], [722, 734], [730, 731], [743, 746], [746, 747], [746, 757], [753, 754], [768, 771], [781, 784], [786, 787], [786, 790], [824, -819], [824, 826], [852, 853], [858, 859], [858, 864], [860, 858], [879, -835], [879, 880], [1065, 1066], [1065, 1069], [1069, 1074], [1077, 1081]], "missing_branches": [[338, 339], [383, 384], [383, 395], [386, 387], [386, 388], [388, 389], [388, 391], [437, 440], [567, 569], [569, -565], [581, 582], [613, 614], [630, 634], [668, 667], [691, 692], [719, 720], [730, 722], [743, 744], [753, 746], [768, 769], [781, 782], [852, 864], [860, 861], [1069, 1070], [1077, 1078]], "functions": {"AsyncGraphQLClient.__init__": {"executed_lines": [270, 271, 272, 273, 274, 275], "summary": {"covered_lines": 6, "num_statements": 6, "percent_covered": 100.0, "percent_covered_display": "100.0", "missing_lines": 0, "excluded_lines": 0, "num_branches": 0, "num_partial_branches": 0, "covered_branches": 0, "missing_branches": 0}, "missing_lines": [], "excluded_lines": [], "executed_branches": [], "missing_branches": []}, "AsyncGraphQLClient._do_http_post": {"executed_lines": [295, 300, 301, 302, 307, 308, 311, 312, 313, 316, 317, 318, 319, 321, 322, 330, 333, 336, 338, 343, 344, 349, 350, 351, 353], "summary": {"covered_lines": 25, "num_statements": 31, "percent_covered": 82.92682926829268, "percent_covered_display": "82.9", "missing_lines": 6, "excluded_lines": 0, "num_branches": 10, "num_partial_branches": 1, "covered_branches": 9, "missing_branches": 1}, "missing_lines": [326, 327, 339, 340, 345, 346], "excluded_lines": [], "executed_branches": [[316, 317], [316, 330], [321, 322], [321, 330], [330, 333], [330, 338], [338, 343], [349, 350], [349, 353]], "missing_branches": [[338, 339]]}, "AsyncGraphQLClient._post_with_retry": {"executed_lines": [], "summary": {"covered_lines": 0, "num_statements": 4, "percent_covered": 0.0, "percent_covered_display": "0.0", "missing_lines": 4, "excluded_lines": 0, "num_branches": 0, "num_partial_branches": 0, "covered_branches": 0, "missing_branches": 0}, "missing_lines": [371, 373, 380, 399], "excluded_lines": [], "executed_branches": [], "missing_branches": []}, "AsyncGraphQLClient._post_with_retry._runner": {"executed_lines": [], "summary": {"covered_lines": 0, "num_statements": 13, "percent_covered": 0.0, "percent_covered_display": "0.0", "missing_lines": 13, "excluded_lines": 0, "num_branches": 6, "num_partial_branches": 0, "covered_branches": 0, "missing_branches": 6}, "missing_lines": [381, 383, 384, 385, 386, 387, 388, 389, 391, 392, 393, 395, 397], "excluded_lines": [], "executed_branches": [], "missing_branches": [[383, 384], [383, 395], [386, 387], [386, 388], [388, 389], [388, 391]]}, "AsyncGraphQLClient.get_rate_limit_status": {"executed_lines": [407], "summary": {"covered_lines": 1, "num_statements": 1, "percent_covered": 100.0, "percent_covered_display": "100.0", "missing_lines": 0, "excluded_lines": 0, "num_branches": 0, "num_partial_branches": 0, "covered_branches": 0, "missing_branches": 0}, "missing_lines": [], "excluded_lines": [], "executed_branches": [], "missing_branches": []}, "AsyncGraphQLClient.fetch_posts_page": {"executed_lines": [431, 432, 435, 436, 437, 438, 442, 449, 450], "summary": {"covered_lines": 9, "num_statements": 10, "percent_covered": 85.71428571428571, "percent_covered_display": "85.7", "missing_lines": 1, "excluded_lines": 0, "num_branches": 4, "num_partial_branches": 1, "covered_branches": 3, "missing_branches": 1}, "missing_lines": [440], "excluded_lines": [], "executed_branches": [[436, 437], [436, 442], [437, 438]], "missing_branches": [[437, 440]]}, "AsyncGraphQLClient.fetch_viewer": {"executed_lines": [458, 459], "summary": {"covered_lines": 2, "num_statements": 2, "percent_covered": 100.0, "percent_covered_display": "100.0", "missing_lines": 0, "excluded_lines": 0, "num_branches": 0, "num_partial_branches": 0, "covered_branches": 0, "missing_branches": 0}, "missing_lines": [], "excluded_lines": [], "executed_branches": [], "missing_branches": []}, "AsyncGraphQLClient.fetch_topics_page": {"executed_lines": [], "summary": {"covered_lines": 0, "num_statements": 4, "percent_covered": 0.0, "percent_covered_display": "0.0", "missing_lines": 4, "excluded_lines": 0, "num_branches": 0, "num_partial_branches": 0, "covered_branches": 0, "missing_branches": 0}, "missing_lines": [475, 477, 482, 483], "excluded_lines": [], "executed_branches": [], "missing_branches": []}, "AsyncGraphQLClient.fetch_collections_page": {"executed_lines": [], "summary": {"covered_lines": 0, "num_statements": 4, "percent_covered": 0.0, "percen
[...]
rcent_covered": 0.0, "percent_covered_display": "0.0", "missing_lines": 1, "excluded_lines": 0, "num_branches": 0, "num_partial_branches": 0, "covered_branches": 0, "missing_branches": 0}, "missing_lines": [314], "excluded_lines": [], "executed_branches": [], "missing_branches": []}, "shutdown_telemetry": {"executed_lines": [], "summary": {"covered_lines": 0, "num_statements": 4, "percent_covered": 0.0, "percent_covered_display": "0.0", "missing_lines": 4, "excluded_lines": 0, "num_branches": 2, "num_partial_branches": 0, "covered_branches": 0, "missing_branches": 2}, "missing_lines": [339, 340, 341, 342], "excluded_lines": [], "executed_branches": [], "missing_branches": [[339, -317], [339, 340]]}, "create_span_context": {"executed_lines": [], "summary": {"covered_lines": 0, "num_statements": 4, "percent_covered": 0.0, "percent_covered_display": "0.0", "missing_lines": 4, "excluded_lines": 0, "num_branches": 2, "num_partial_branches": 0, "covered_branches": 0, "missing_branches": 2}, "missing_lines": [373, 374, 375, 376], "excluded_lines": [], "executed_branches": [], "missing_branches": [[374, 375], [374, 376]]}, "sync_logging_context_to_span": {"executed_lines": [], "summary": {"covered_lines": 0, "num_statements": 10, "percent_covered": 0.0, "percent_covered_display": "0.0", "missing_lines": 10, "excluded_lines": 0, "num_branches": 8, "num_partial_branches": 0, "covered_branches": 0, "missing_branches": 8}, "missing_lines": [408, 410, 412, 413, 415, 416, 418, 419, 421, 422], "excluded_lines": [], "executed_branches": [], "missing_branches": [[412, 413], [412, 415], [415, 416], [415, 418], [418, 419], [418, 421], [421, -380], [421, 422]]}, "": {"executed_lines": [1, 55, 57, 58, 60], "summary": {"covered_lines": 4, "num_statements": 24, "percent_covered": 16.666666666666668, "percent_covered_display": "16.7", "missing_lines": 20, "excluded_lines": 0, "num_branches": 0, "num_partial_branches": 0, "covered_branches": 0, "missing_branches": 0}, "missing_lines": [61, 62, 63, 64, 65, 66, 68, 69, 73, 74, 77, 157, 190, 229, 267, 292, 317, 345, 380, 426], "excluded_lines": [], "executed_branches": [], "missing_branches": []}}, "classes": {"": {"executed_lines": [1, 55, 57, 58, 60], "summary": {"covered_lines": 4, "num_statements": 77, "percent_covered": 3.883495145631068, "percent_covered_display": "3.9", "missing_lines": 73, "excluded_lines": 0, "num_branches": 26, "num_partial_branches": 0, "covered_branches": 0, "missing_branches": 26}, "missing_lines": [61, 62, 63, 64, 65, 66, 68, 69, 73, 74, 77, 106, 107, 108, 111, 114, 121, 124, 125, 126, 127, 128, 129, 134, 135, 136, 139, 140, 141, 142, 143, 146, 147, 149, 157, 184, 185, 187, 190, 222, 224, 225, 226, 229, 262, 263, 264, 267, 289, 292, 314, 317, 339, 340, 341, 342, 345, 373, 374, 375, 376, 380, 408, 410, 412, 413, 415, 416, 418, 419, 421, 422, 426], "excluded_lines": [], "executed_branches": [], "missing_branches": [[106, 107], [106, 111], [124, 125], [124, 139], [139, 140], [139, 146], [184, 185], [184, 187], [222, -190], [222, 224], [224, 225], [224, 226], [263, -229], [263, 264], [339, -317], [339, 340], [374, 375], [374, 376], [412, 413], [412, 415], [415, 416], [415, 418], [418, 419], [418, 421], [421, -380], [421, 422]]}}}, "producthuntdb/types.py": {"executed_lines": [], "summary": {"covered_lines": 0, "num_statements": 108, "percent_covered": 0.0, "percent_covered_display": "0.0", "missing_lines": 108, "excluded_lines": 0, "num_branches": 0, "num_partial_branches": 0, "covered_branches": 0, "missing_branches": 0}, "missing_lines": [25, 33, 46, 47, 48, 49, 50, 51, 52, 55, 67, 68, 69, 70, 71, 72, 75, 85, 86, 87, 88, 91, 99, 100, 103, 112, 113, 114, 117, 132, 133, 134, 135, 136, 137, 138, 139, 140, 143, 157, 158, 159, 160, 161, 162, 163, 164, 167, 178, 179, 180, 181, 182, 185, 217, 218, 219, 220, 221, 222, 223, 224, 225, 228, 229, 230, 231, 232, 233, 234, 237, 238, 239, 240, 241, 242, 250, 265, 266, 267, 268, 271, 279, 280, 283, 291, 292, 295, 303, 304, 307, 315, 316, 319, 327, 328, 336, 343, 346, 353, 356, 363, 366, 374, 375, 383, 386, 389], "excluded_lines": [], "executed_branches": [], "missing_branches": [], "functions": {"": {"executed_lines": [], "summary": {"covered_lines": 0, "num_statements": 108, "percent_covered": 0.0, "percent_covered_display": "0.0", "missing_lines": 108, "excluded_lines": 0, "num_branches": 0, "num_partial_branches": 0, "covered_branches": 0, "missing_branches": 0}, "missing_lines": [25, 33, 46, 47, 48, 49, 50, 51, 52, 55, 67, 68, 69, 70, 71, 72, 75, 85, 86, 87, 88, 91, 99, 100, 103, 112, 113, 114, 117, 132, 133, 134, 135, 136, 137, 138, 139, 140, 143, 157, 158, 159, 160, 161, 162, 163, 164, 167, 178, 179, 180, 181, 182, 185, 217, 218, 219, 220, 221, 222, 223, 224, 225, 228, 229, 230, 231, 232, 233, 234, 237, 238, 239, 240, 241, 242, 250, 265, 266, 267, 268, 271, 279, 280, 283, 291, 292, 295, 303, 304, 307, 315, 316, 319, 327, 328, 336, 343, 346, 353, 356, 363, 366, 374, 375, 383, 386, 389], "excluded_lines": [], "executed_branches": [], "missing_branches": []}}, "classes": {"UserData": {"executed_lines": [], "summary": {"covered_lines": 0, "num_statements": 0, "percent_covered": 100.0, "percent_covered_display": "100.0", "missing_lines": 0, "excluded_lines": 0, "num_branches": 0, "num_partial_branches": 0, "covered_branches": 0, "missing_branches": 0}, "missing_lines": [], "excluded_lines": [], "executed_branches": [], "missing_branches": []}, "TopicData": {"executed_lines": [], "summary": {"covered_lines": 0, "num_statements": 0, "percent_covered": 100.0, "percent_covered_display": "100.0", "missing_lines": 0, "excluded_lines": 0, "num_branches": 0, "num_partial_branches": 0, "covered_branches": 0, "missing_branches": 0}, "missing_lines": [], "excluded_lines": [], "executed_branches": [], "missing_branches": []}, "MediaData": {"executed_lines": [], "summary": {"covered_lines": 0, "num_statements": 0, "percent_covered": 100.0, "percent_covered_display": "100.0", "missing_lines": 0, "excluded_lines": 0, "num_branches": 0, "num_partial_branches": 0, "covered_branches": 0, "missing_branches": 0}, "missing_lines": [], "excluded_lines": [], "executed_branches": [], "missing_branches": []}, "ProductLinkData": {"executed_lines": [], "summary": {"covered_lines": 0, "num_statements": 0, "percent_covered": 100.0, "percent_covered_display": "100.0", "missing_lines": 0, "excluded_lines": 0, "num_branches": 0, "num_partial_branches": 0, "covered_branches": 0, "missing_branches": 0}, "missing_lines": [], "excluded_lines": [], "executed_branches": [], "missing_branches": []}, "GoalData": {"executed_lines": [], "summary": {"covered_lines": 0, "num_statements": 0, "percent_covered": 100.0, "percent_covered_display": "100.0", "missing_lines": 0, "excluded_lines": 0, "num_branches": 0, "num_partial_branches": 0, "covered_branches": 0, "missing_branches": 0}, "missing_lines": [], "excluded_lines": [], "executed_branches": [], "missing_branches": []}, "CollectionData": {"executed_lines": [], "summary": {"covered_lines": 0, "num_statements": 0, "percent_covered": 100.0, "percent_covered_display": "100.0", "missing_lines": 0, "excluded_lines": 0, "num_branches": 0, "num_partial_branches": 0, "covered_branches": 0, "missing_branches": 0}, "missing_lines": [], "excluded_lines": [], "executed_branches": [], "missing_branches": []}, "CommentData": {"executed_lines": [], "summary": {"covered_lines": 0, "num_statements": 0, "percent_covered": 100.0, "percent_covered_display": "100.0", "missing_lines": 0, "excluded_lines": 0, "num_branches": 0, "num_partial_branches": 0, "covered_branches": 0, "missing_branches": 0}, "missing_lines": [], "excluded_lines": [], "executed_branches": [], "missing_branches": []}, "VoteData": {"executed_lines": [], "summary": {"covered_lines": 0, "num_statements": 0, "percent_covered": 100.0, "percent_covered_display": "100.0", "missing_lines": 0, "excluded_lines": 0, "num_branches": 0, "num_partial_branches": 0, "covered_branches": 0, "missing_branches": 0}, "missing_lines": [], "excluded_lines": [], "executed_branches": [], "missing_branches": []}, "PostData": {"executed_lines": [], "summary": {"covered_lines": 0, "num_statements": 0, "percent_covered": 100.0, "percent_covered_display": "100.0", "missing_lines": 0, "excluded_lines": 0, "num_branches": 0, "num_partial_branches": 0, "covered_branches": 0, "missing_branches": 0}, "missing_lines": [], "excluded_lines": [], "executed_branches": [], "missing_branches": []}, "PageInfo": {"executed_lines": [], "summary": {"covered_lines": 0, "num_statements": 0, "percent_covered": 100.0, "percent_covered_display": "100.0", "missing_lines": 0, "excluded_lines": 0, "num_branches": 0, "num_partial_branches": 0, "covered_branches": 0, "missing_branches": 0}, "missing_lines": [], "excluded_lines": [], "executed_branches": [], "missing_branches": []}, "PostsConnection": {"executed_lines": [], "summary": {"covered_lines": 0, "num_statements": 0, "percent_covered": 100.0, "percent_covered_display": "100.0", "missing_lines": 0, "excluded_lines": 0, "num_branches": 0, "num_partial_branches": 0, "covered_branches": 0, "missing_branches": 0}, "missing_lines": [], "excluded_lines": [], "executed_branches": [], "missing_branches": []}, "TopicsConnection": {"executed_lines": [], "summary": {"covered_lines": 0, "num_statements": 0, "percent_covered": 100.0, "percent_covered_display": "100.0", "missing_lines": 0, "excluded_lines": 0, "num_branches": 0, "num_partial_branches": 0, "covered_branches": 0, "missing_branches": 0}, "missing_lines": [], "excluded_lines": [], "executed_branches": [], "missing_branches": []}, "CollectionsConnection": {"executed_lines": [], "summary": {"covered_lines": 0, "num_statements": 0, "percent_covered": 100.0, "percent_covered_display": "100.0", "missing_lines": 0, "excluded_lines": 0, "num_branches": 0, "num_partial_branches": 0, "covered_branches": 0, "missing_branches": 0}, "missing_lines": [], "excluded_lines": [], "executed_branches": [], "missing_branches": []}, "CommentsConnection": {"executed_lines": [], "summary": {"covered_lines": 0, "num_statements": 0, "percent_covered": 100.0, "percent_covered_display": "100.0", "missing_lines": 0, "excluded_lines": 0, "num_branches": 0, "num_partial_branches": 0, "covered_branches": 0, "missing_branches": 0}, "missing_lines": [], "excluded_lines": [], "executed_branches": [], "missing_branches": []}, "VotesConnection": {"executed_lines": [], "summary": {"covered_lines": 0, "num_statements": 0, "percent_covered": 100.0, "percent_covered_display": "100.0", "missing_lines": 0, "excluded_lines": 0, "num_branches": 0, "num_partial_branches": 0, "covered_branches": 0, "missing_branches": 0}, "missing_lines": [], "excluded_lines": [], "executed_branches": [], "missing_branches": []}, "PostsResponse": {"executed_lines": [], "summary": {"covered_lines": 0, "num_statements": 0, "percent_covered": 100.0, "percent_covered_display": "100.0", "missing_lines": 0, "excluded_lines": 0, "num_branches": 0, "num_partial_branches": 0, "covered_branches": 0, "missing_branches": 0}, "missing_lines": [], "excluded_lines": [], "executed_branches": [], "missing_branches": []}, "TopicsResponse": {"executed_lines": [], "summary": {"covered_lines": 0, "num_statements": 0, "percent_covered": 100.0, "percent_covered_display": "100.0", "missing_lines": 0, "excluded_lines": 0, "num_branches": 0, "num_partial_branches": 0, "covered_branches": 0, "missing_branches": 0}, "missing_lines": [], "excluded_lines": [], "executed_branches": [], "missing_branches": []}, "ViewerResponse": {"executed_lines": [], "summary": {"covered_lines": 0, "num_statements": 0, "percent_covered": 100.0, "percent_covered_display": "100.0", "missing_lines": 0, "excluded_lines": 0, "num_branches": 0, "num_partial_branches": 0, "covered_branches": 0, "missing_branches": 0}, "missing_lines": [], "excluded_lines": [], "executed_branches": [], "missing_branches": []}, "GraphQLResponse": {"executed_lines": [], "summary": {"covered_lines": 0, "num_statements": 0, "percent_covered": 100.0, "percent_covered_display": "100.0", "missing_lines": 0, "excluded_lines": 0, "num_branches": 0, "num_partial_branches": 0, "covered_branches": 0, "missing_branches": 0}, "missing_lines": [], "excluded_lines": [], "executed_branches": [], "missing_branches": []}, "": {"executed_lines": [], "summary": {"covered_lines": 0, "num_statements": 108, "percent_covered": 0.0, "percent_covered_display": "0.0", "missing_lines": 108, "excluded_lines": 0, "num_branches": 0, "num_partial_branches": 0, "covered_branches": 0, "missing_branches": 0}, "missing_lines": [25, 33, 46, 47, 48, 49, 50, 51, 52, 55, 67, 68, 69, 70, 71, 72, 75, 85, 86, 87, 88, 91, 99, 100, 103, 112, 113, 114, 117, 132, 133, 134, 135, 136, 137, 138, 139, 140, 143, 157, 158, 159, 160, 161, 162, 163, 164, 167, 178, 179, 180, 181, 182, 185, 217, 218, 219, 220, 221, 222, 223, 224, 225, 228, 229, 230, 231, 232, 233, 234, 237, 238, 239, 240, 241, 242, 250, 265, 266, 267, 268, 271, 279, 280, 283, 291, 292, 295, 303, 304, 307, 315, 316, 319, 327, 328, 336, 343, 346, 353, 356, 363, 366, 374, 375, 383, 386, 389], "excluded_lines": [], "executed_branches": [], "missing_branches": []}}}, "producthuntdb/utils.py": {"executed_lines": [1, 7, 8, 10, 13, 30, 31, 34, 35, 36, 37, 39, 42, 43, 45, 48, 59, 62, 73, 76, 91, 92, 93, 96, 113, 114, 115, 118, 140, 141, 142, 143, 145, 146, 149, 163, 166, 184, 185, 186, 187, 188, 190, 191, 194, 211, 212, 213, 216, 233, 234, 235, 236, 237], "summary": {"covered_lines": 53, "num_statements": 53, "percent_covered": 100.0, "percent_covered_display": "100.0", "missing_lines": 0, "excluded_lines": 0, "num_branches": 26, "num_partial_branches": 0, "covered_branches": 26, "missing_branches": 0}, "missing_lines": [], "excluded_lines": [], "executed_branches": [[30, 31], [30, 34], [34, 35], [34, 39], [35, 36], [35, 37], [42, 43], [42, 45], [91, 92], [91, 93], [113, 114], [113, 115], [141, 142], [141, 145], [184, 185], [184, 191], [185, 186], [185, 190], [187, 184], [187, 188], [211, 212], [211, 213], [233, 234], [233, 235], [235, 236], [235, 237]], "missing_branches": [], "functions": {"parse_datetime": {"executed_lines": [30, 31, 34, 35, 36, 37, 39, 42, 43, 45], "summary": {"covered_lines": 10, "num_statements": 10, "percent_covered": 100.0, "percent_covered_display": "100.0", "missing_lines": 0, "excluded_lines": 0, "num_branches": 8, "num_partial_branches": 0, "covered_branches": 8, "missing_branches": 0}, "missing_lines": [], "excluded_lines": [], "executed_branches": [[30, 31], [30, 34], [34, 35], [34, 39], [35, 36], [35, 37], [42, 43], [42, 45]], "missing_branches": []}, "utc_now": {"executed_lines": [59], "summary": {"covered_lines": 1, "num_statements": 1, "percent_covered": 100.0, "percent_covered_display": "100.0", "missing_lines": 0, "excluded_lines": 0, "num_branches": 0, "num_partial_branches": 0, "covered_branches": 0, "missing_branches": 0}, "missing_lines": [], "excluded_lines": [], "executed_branches": [], "missing_branches": []}, "utc_now_iso": {"executed_lines": [73], "summary": {"covered_lines": 1, "num_statements": 1, "percent_covered": 100.0, "percent_covered_display": "100.0", "missing_lines": 0, "excluded_lines": 0, "num_branches": 0, "num_partial_branches": 0, "covered_branches": 0, "missing_branches": 0}, "missing_lines": [], "excluded_lines": [], "executed_branches": [], "missing_branches": []}, "format_iso": {"executed_lines": [91, 92, 93], "summary": {"covered_lines": 3, "num_statements": 3, "percent_covered": 100.0, "percent_covered_display": "100.0", "missing_lines": 0, "excluded_lines": 0, "num_branches": 2, "num_partial_branches": 0, "covered_branches": 2, "missing_branches": 0}, "missing_lines": [], "excluded_lines": [], "executed_branches": [[91, 92], [91, 93]], "missing_branches": []}, "redact_token": {"executed_lines": [113, 114, 115], "summary": {"covered_lines": 3, "num_statements": 3, "percent_covered": 100.0, "percent_covered_display": "100.0", "missing_lines": 0, "excluded_lines": 0, "num_branches": 2, "num_partial_branches": 0, "covered_branches": 2, "missing_branches": 0}, "missing_lines": [], "excluded_lines": [], "executed_branches": [[113, 114], [113, 115]], "missing_branches": []}, "build_graphql_query": {"executed_lines": [140, 141, 142, 143, 145, 146], "summary": {"covered_lines": 6, "num_statements": 6, "percent_covered": 100.0, "percent_covered_display": "100.0", "missing_lines": 0, "excluded_lines": 0, "num_branches": 2, "num_partial_branches": 0, "covered_branches": 2, "missing_branches": 0}, "missing_lines": [], "excluded_lines": [], "executed_branches": [[141, 142], [141, 145]], "missing_branches": []}, "chunk_list": {"executed_lines": [163], "summary": {"covered_lines": 1, "num_statements": 1, "percent_covered": 100.0, "percent_covered_display": "100.0", "missing_lines": 0, "excluded_lines": 0, "num_branches": 0, "num_partial_branches": 0, "covered_branches": 0, "missing_branches": 0}, "missing_lines": [], "excluded_lines": [], "executed_branches": [], "missing_branches": []}, "safe_get": {"executed_lines": [184, 185, 186, 187, 188, 190, 191], "summary": {"covered_lines": 7, "num_statements": 7, "percent_covered": 100.0, "percent_covered_display": "100.0", "missing_lines": 0, "excluded_lines": 0, "num_branches": 6, "num_partial_branches": 0, "covered_branches": 6, "missing_branches": 0}, "missing_lines": [], "excluded_lines": [], "executed_branches": [[184, 185], [184, 191], [185, 186], [185, 190], [187, 184], [187, 188]], "missing_branches": []}, "normalize_id": {"executed_lines": [211, 212, 213], "summary": {"covered_lines": 3, "num_statements": 3, "percent_covered": 100.0, "percent_covered_display": "100.0", "missing_lines": 0, "excluded_lines": 0, "num_branches": 2, "num_partial_branches": 0, "covered_branches": 2, "missing_branches": 0}, "missing_lines": [], "excluded_lines": [], "executed_branches": [[211, 212], [211, 213]], "missing_branches": []}, "ensure_list": {"executed_lines": [233, 234, 235, 236, 237], "summary": {"covered_lines": 5, "num_statements": 5, "percent_covered": 100.0, "percent_covered_display": "100.0", "missing_lines": 0, "excluded_lines": 0, "num_branches": 4, "num_partial_branches": 0, "covered_branches": 4, "missing_branches": 0}, "missing_lines": [], "excluded_lines": [], "executed_branches": [[233, 234], [233, 235], [235, 236], [235, 237]], "missing_branches": []}, "": {"executed_lines": [1, 7, 8, 10, 13, 48, 62, 76, 96, 118, 149, 166, 194, 216], "summary": {"covered_lines": 13, "num_statements": 13, "percent_covered": 100.0, "percent_covered_display": "100.0", "missing_lines": 0, "excluded_lines": 0, "num_branches": 0, "num_partial_branches": 0, "covered_branches": 0, "missing_branches": 0}, "missing_lines": [], "excluded_lines": [], "executed_branches": [], "missing_branches": []}}, "classes": {"": {"executed_lines": [1, 7, 8, 10, 13, 30, 31, 34, 35, 36, 37, 39, 42, 43, 45, 48, 59, 62, 73, 76, 91, 92, 93, 96, 113, 114, 115, 118, 140, 141, 142, 143, 145, 146, 149, 163, 166, 184, 185, 186, 187, 188, 190, 191, 194, 211, 212, 213, 216, 233, 234, 235, 236, 237], "summary": {"covered_lines": 53, "num_statements": 53, "percent_covered": 100.0, "percent_covered_display": "100.0", "missing_lines": 0, "excluded_lines": 0, "num_branches": 26, "num_partial_branches": 0, "covered_branches": 26, "missing_branches": 0}, "missing_lines": [], "excluded_lines": [], "executed_branches": [[30, 31], [30, 34], [34, 35], [34, 39], [35, 36], [35, 37], [42, 43], [42, 45], [91, 92], [91, 93], [113, 114], [113, 115], [141, 142], [141, 145], [184, 185], [184, 191], [185, 186], [185, 190], [187, 184], [187, 188], [211, 212], [211, 213], [233, 234], [233, 235], [235, 236], [235, 237]], "missing_branches": []}}}}, "totals": {"covered_lines": 1484, "num_statements": 2337, "percent_covered": 60.79525636553889, "percent_covered_display": "60.8", "missing_lines": 853, "excluded_lines": 80, "num_branches": 530, "num_partial_branches": 77, "covered_branches": 259, "missing_branches": 271}}